<?xml version="1.0" encoding="UTF-8"?>
<coverage generated="1629229027733" clover="3.2.0">
  <project timestamp="1629229027733" name="All files">
    <metrics statements="70" coveredstatements="44" conditionals="21" coveredconditionals="10" methods="9" coveredmethods="7" elements="100" coveredelements="61" complexity="0" loc="70" ncloc="70" packages="1" files="2" classes="2"/>
    <file name="linked-list.js" path="/home/qusaiqeisi/data-structures-and-algorithm/401-code-challange/class-06/linked-list.js">
      <metrics statements="67" coveredstatements="41" conditionals="20" coveredconditionals="9" methods="8" coveredmethods="6"/>
      <line num="2" count="1" type="stmt"/>
      <line num="6" count="6" type="stmt"/>
      <line num="11" count="16" type="stmt"/>
      <line num="12" count="16" type="cond" truecount="2" falsecount="0"/>
      <line num="13" count="4" type="stmt"/>
      <line num="15" count="12" type="stmt"/>
      <line num="16" count="12" type="stmt"/>
      <line num="22" count="5" type="stmt"/>
      <line num="23" count="5" type="cond" truecount="2" falsecount="0"/>
      <line num="24" count="2" type="stmt"/>
      <line num="26" count="3" type="stmt"/>
      <line num="27" count="3" type="stmt"/>
      <line num="28" count="3" type="stmt"/>
      <line num="30" count="3" type="stmt"/>
      <line num="36" count="2" type="stmt"/>
      <line num="37" count="2" type="stmt"/>
      <line num="38" count="2" type="cond" truecount="2" falsecount="0"/>
      <line num="39" count="1" type="stmt"/>
      <line num="40" count="1" type="stmt"/>
      <line num="41" count="1" type="stmt"/>
      <line num="43" count="1" type="stmt"/>
      <line num="44" count="1" type="cond" truecount="1" falsecount="1"/>
      <line num="45" count="1" type="stmt"/>
      <line num="46" count="1" type="stmt"/>
      <line num="47" count="1" type="stmt"/>
      <line num="50" count="0" type="stmt"/>
      <line num="56" count="2" type="stmt"/>
      <line num="57" count="2" type="stmt"/>
      <line num="58" count="2" type="stmt"/>
      <line num="59" count="6" type="cond" truecount="2" falsecount="0"/>
      <line num="60" count="2" type="stmt"/>
      <line num="61" count="2" type="stmt"/>
      <line num="62" count="2" type="stmt"/>
      <line num="64" count="4" type="stmt"/>
      <line num="68" count="0" type="stmt"/>
      <line num="70" count="0" type="stmt"/>
      <line num="71" count="0" type="cond" truecount="0" falsecount="2"/>
      <line num="72" count="0" type="stmt"/>
      <line num="74" count="0" type="stmt"/>
      <line num="77" count="0" type="stmt"/>
      <line num="81" count="7" type="stmt"/>
      <line num="82" count="7" type="stmt"/>
      <line num="83" count="7" type="stmt"/>
      <line num="84" count="29" type="stmt"/>
      <line num="86" count="29" type="stmt"/>
      <line num="88" count="7" type="stmt"/>
      <line num="90" count="7" type="stmt"/>
      <line num="94" count="0" type="cond" truecount="0" falsecount="2"/>
      <line num="95" count="0" type="stmt"/>
      <line num="97" count="0" type="stmt"/>
      <line num="98" count="0" type="stmt"/>
      <line num="99" count="0" type="stmt"/>
      <line num="100" count="0" type="stmt"/>
      <line num="101" count="0" type="stmt"/>
      <line num="103" count="0" type="cond" truecount="0" falsecount="2"/>
      <line num="104" count="0" type="stmt"/>
      <line num="107" count="0" type="cond" truecount="0" falsecount="2"/>
      <line num="108" count="0" type="stmt"/>
      <line num="111" count="0" type="stmt"/>
      <line num="112" count="0" type="stmt"/>
      <line num="113" count="0" type="stmt"/>
      <line num="114" count="0" type="stmt"/>
      <line num="115" count="0" type="stmt"/>
      <line num="116" count="0" type="stmt"/>
      <line num="117" count="0" type="cond" truecount="0" falsecount="2"/>
      <line num="118" count="0" type="stmt"/>
      <line num="125" count="1" type="stmt"/>
    </file>
    <file name="node.js" path="/home/qusaiqeisi/data-structures-and-algorithm/401-code-challange/class-06/node.js">
      <metrics statements="3" coveredstatements="3" conditionals="1" coveredconditionals="1" methods="1" coveredmethods="1"/>
      <line num="5" count="25" type="stmt"/>
      <line num="6" count="25" type="stmt"/>
      <line num="10" count="1" type="stmt"/>
    </file>
  </project>
</coverage>
