TN:
SF:linked-list.js
FN:5,(anonymous_0)
FN:10,(anonymous_1)
FN:21,(anonymous_2)
FN:35,(anonymous_3)
FN:55,(anonymous_4)
FN:67,(anonymous_5)
FN:80,(anonymous_6)
FN:93,(anonymous_7)
FNF:8
FNH:6
FNDA:6,(anonymous_0)
FNDA:16,(anonymous_1)
FNDA:5,(anonymous_2)
FNDA:2,(anonymous_3)
FNDA:2,(anonymous_4)
FNDA:0,(anonymous_5)
FNDA:7,(anonymous_6)
FNDA:0,(anonymous_7)
DA:2,1
DA:6,6
DA:11,16
DA:12,16
DA:13,4
DA:15,12
DA:16,12
DA:22,5
DA:23,5
DA:24,2
DA:26,3
DA:27,3
DA:28,3
DA:30,3
DA:36,2
DA:37,2
DA:38,2
DA:39,1
DA:40,1
DA:41,1
DA:43,1
DA:44,1
DA:45,1
DA:46,1
DA:47,1
DA:50,0
DA:56,2
DA:57,2
DA:58,2
DA:59,6
DA:60,2
DA:61,2
DA:62,2
DA:64,4
DA:68,0
DA:70,0
DA:71,0
DA:72,0
DA:74,0
DA:77,0
DA:81,7
DA:82,7
DA:83,7
DA:84,29
DA:86,29
DA:88,7
DA:90,7
DA:94,0
DA:95,0
DA:97,0
DA:98,0
DA:99,0
DA:100,0
DA:101,0
DA:103,0
DA:104,0
DA:107,0
DA:108,0
DA:111,0
DA:112,0
DA:113,0
DA:114,0
DA:115,0
DA:116,0
DA:117,0
DA:118,0
DA:125,1
LF:67
LH:41
BRDA:12,0,0,4
BRDA:12,0,1,12
BRDA:23,1,0,2
BRDA:23,1,1,3
BRDA:38,2,0,1
BRDA:38,2,1,1
BRDA:44,3,0,1
BRDA:44,3,1,0
BRDA:59,4,0,2
BRDA:59,4,1,4
BRDA:71,5,0,0
BRDA:71,5,1,0
BRDA:94,6,0,0
BRDA:94,6,1,0
BRDA:103,7,0,0
BRDA:103,7,1,0
BRDA:107,8,0,0
BRDA:107,8,1,0
BRDA:117,9,0,0
BRDA:117,9,1,0
BRF:20
BRH:9
end_of_record
TN:
SF:node.js
FN:4,(anonymous_0)
FNF:1
FNH:1
FNDA:25,(anonymous_0)
DA:5,25
DA:6,25
DA:10,1
LF:3
LH:3
BRDA:4,0,0,25
BRF:1
BRH:1
end_of_record
