{"/home/qusaiqeisi/data-structures-and-algorithm/401-code-challange/class-33/HashTable.js": {"path":"/home/qusaiqeisi/data-structures-and-algorithm/401-code-challange/class-33/HashTable.js","statementMap":{"0":{"start":{"line":1,"column":19},"end":{"line":1,"column":42}},"1":{"start":{"line":5,"column":4},"end":{"line":5,"column":21}},"2":{"start":{"line":6,"column":4},"end":{"line":6,"column":35}},"3":{"start":{"line":11,"column":24},"end":{"line":13,"column":9}},"4":{"start":{"line":12,"column":6},"end":{"line":12,"column":38}},"5":{"start":{"line":14,"column":20},"end":{"line":14,"column":50}},"6":{"start":{"line":15,"column":4},"end":{"line":15,"column":19}},"7":{"start":{"line":22,"column":4},"end":{"line":26,"column":5}},"8":{"start":{"line":23,"column":6},"end":{"line":23,"column":17}},"9":{"start":{"line":25,"column":6},"end":{"line":25,"column":28}},"10":{"start":{"line":29,"column":4},"end":{"line":35,"column":5}},"11":{"start":{"line":30,"column":17},"end":{"line":30,"column":33}},"12":{"start":{"line":31,"column":6},"end":{"line":31,"column":34}},"13":{"start":{"line":32,"column":6},"end":{"line":32,"column":30}},"14":{"start":{"line":34,"column":6},"end":{"line":34,"column":50}},"15":{"start":{"line":40,"column":17},"end":{"line":40,"column":31}},"16":{"start":{"line":41,"column":4},"end":{"line":51,"column":5}},"17":{"start":{"line":42,"column":24},"end":{"line":42,"column":47}},"18":{"start":{"line":43,"column":6},"end":{"line":48,"column":7}},"19":{"start":{"line":44,"column":8},"end":{"line":46,"column":9}},"20":{"start":{"line":45,"column":10},"end":{"line":45,"column":40}},"21":{"start":{"line":47,"column":8},"end":{"line":47,"column":39}},"22":{"start":{"line":50,"column":6},"end":{"line":50,"column":18}},"23":{"start":{"line":56,"column":17},"end":{"line":56,"column":31}},"24":{"start":{"line":57,"column":4},"end":{"line":67,"column":5}},"25":{"start":{"line":58,"column":24},"end":{"line":58,"column":47}},"26":{"start":{"line":59,"column":6},"end":{"line":64,"column":7}},"27":{"start":{"line":60,"column":8},"end":{"line":62,"column":9}},"28":{"start":{"line":61,"column":10},"end":{"line":61,"column":22}},"29":{"start":{"line":63,"column":8},"end":{"line":63,"column":39}},"30":{"start":{"line":66,"column":6},"end":{"line":66,"column":19}},"31":{"start":{"line":72,"column":16},"end":{"line":72,"column":37}},"32":{"start":{"line":75,"column":4},"end":{"line":82,"column":5}},"33":{"start":{"line":75,"column":17},"end":{"line":75,"column":18}},"34":{"start":{"line":76,"column":6},"end":{"line":76,"column":33}},"35":{"start":{"line":77,"column":6},"end":{"line":77,"column":31}},"36":{"start":{"line":78,"column":6},"end":{"line":78,"column":28}},"37":{"start":{"line":79,"column":6},"end":{"line":81,"column":7}},"38":{"start":{"line":80,"column":8},"end":{"line":80,"column":19}},"39":{"start":{"line":88,"column":18},"end":{"line":88,"column":19}},"40":{"start":{"line":90,"column":18},"end":{"line":90,"column":20}},"41":{"start":{"line":91,"column":23},"end":{"line":106,"column":5}},"42":{"start":{"line":92,"column":6},"end":{"line":92,"column":23}},"43":{"start":{"line":93,"column":6},"end":{"line":93,"column":31}},"44":{"start":{"line":94,"column":6},"end":{"line":99,"column":7}},"45":{"start":{"line":95,"column":8},"end":{"line":95,"column":63}},"46":{"start":{"line":96,"column":8},"end":{"line":98,"column":9}},"47":{"start":{"line":97,"column":10},"end":{"line":97,"column":29}},"48":{"start":{"line":100,"column":6},"end":{"line":102,"column":7}},"49":{"start":{"line":101,"column":8},"end":{"line":101,"column":32}},"50":{"start":{"line":103,"column":6},"end":{"line":105,"column":7}},"51":{"start":{"line":104,"column":8},"end":{"line":104,"column":33}},"52":{"start":{"line":107,"column":4},"end":{"line":107,"column":33}},"53":{"start":{"line":108,"column":4},"end":{"line":108,"column":14}},"54":{"start":{"line":109,"column":4},"end":{"line":109,"column":34}},"55":{"start":{"line":111,"column":4},"end":{"line":111,"column":19}},"56":{"start":{"line":116,"column":24},"end":{"line":116,"column":26}},"57":{"start":{"line":117,"column":22},"end":{"line":117,"column":24}},"58":{"start":{"line":118,"column":4},"end":{"line":136,"column":5}},"59":{"start":{"line":118,"column":17},"end":{"line":118,"column":18}},"60":{"start":{"line":119,"column":6},"end":{"line":119,"column":23}},"61":{"start":{"line":120,"column":6},"end":{"line":135,"column":7}},"62":{"start":{"line":121,"column":24},"end":{"line":121,"column":67}},"63":{"start":{"line":122,"column":26},"end":{"line":122,"column":71}},"64":{"start":{"line":123,"column":8},"end":{"line":123,"column":50}},"65":{"start":{"line":124,"column":8},"end":{"line":124,"column":52}},"66":{"start":{"line":125,"column":8},"end":{"line":133,"column":9}},"67":{"start":{"line":126,"column":27},"end":{"line":126,"column":71}},"68":{"start":{"line":127,"column":29},"end":{"line":127,"column":75}},"69":{"start":{"line":128,"column":10},"end":{"line":130,"column":11}},"70":{"start":{"line":129,"column":12},"end":{"line":129,"column":57}},"71":{"start":{"line":132,"column":10},"end":{"line":132,"column":35}},"72":{"start":{"line":134,"column":8},"end":{"line":134,"column":40}},"73":{"start":{"line":137,"column":4},"end":{"line":137,"column":25}},"74":{"start":{"line":141,"column":0},"end":{"line":141,"column":25}}},"fnMap":{"0":{"name":"(anonymous_0)","decl":{"start":{"line":4,"column":2},"end":{"line":4,"column":3}},"loc":{"start":{"line":4,"column":20},"end":{"line":7,"column":3}},"line":4},"1":{"name":"(anonymous_1)","decl":{"start":{"line":10,"column":2},"end":{"line":10,"column":3}},"loc":{"start":{"line":10,"column":12},"end":{"line":16,"column":3}},"line":10},"2":{"name":"(anonymous_2)","decl":{"start":{"line":11,"column":45},"end":{"line":11,"column":46}},"loc":{"start":{"line":11,"column":60},"end":{"line":13,"column":5}},"line":11},"3":{"name":"(anonymous_3)","decl":{"start":{"line":19,"column":2},"end":{"line":19,"column":3}},"loc":{"start":{"line":19,"column":18},"end":{"line":36,"column":3}},"line":19},"4":{"name":"(anonymous_4)","decl":{"start":{"line":39,"column":2},"end":{"line":39,"column":3}},"loc":{"start":{"line":39,"column":11},"end":{"line":52,"column":3}},"line":39},"5":{"name":"(anonymous_5)","decl":{"start":{"line":55,"column":2},"end":{"line":55,"column":3}},"loc":{"start":{"line":55,"column":16},"end":{"line":68,"column":3}},"line":55},"6":{"name":"(anonymous_6)","decl":{"start":{"line":71,"column":2},"end":{"line":71,"column":3}},"loc":{"start":{"line":71,"column":23},"end":{"line":83,"column":3}},"line":71},"7":{"name":"(anonymous_7)","decl":{"start":{"line":86,"column":2},"end":{"line":86,"column":3}},"loc":{"start":{"line":86,"column":42},"end":{"line":112,"column":3}},"line":86},"8":{"name":"(anonymous_8)","decl":{"start":{"line":91,"column":23},"end":{"line":91,"column":24}},"loc":{"start":{"line":91,"column":33},"end":{"line":106,"column":5}},"line":91},"9":{"name":"(anonymous_9)","decl":{"start":{"line":115,"column":2},"end":{"line":115,"column":3}},"loc":{"start":{"line":115,"column":32},"end":{"line":138,"column":3}},"line":115}},"branchMap":{"0":{"loc":{"start":{"line":22,"column":4},"end":{"line":26,"column":5}},"type":"if","locations":[{"start":{"line":22,"column":4},"end":{"line":26,"column":5}},{"start":{"line":22,"column":4},"end":{"line":26,"column":5}}],"line":22},"1":{"loc":{"start":{"line":29,"column":4},"end":{"line":35,"column":5}},"type":"if","locations":[{"start":{"line":29,"column":4},"end":{"line":35,"column":5}},{"start":{"line":29,"column":4},"end":{"line":35,"column":5}}],"line":29},"2":{"loc":{"start":{"line":41,"column":4},"end":{"line":51,"column":5}},"type":"if","locations":[{"start":{"line":41,"column":4},"end":{"line":51,"column":5}},{"start":{"line":41,"column":4},"end":{"line":51,"column":5}}],"line":41},"3":{"loc":{"start":{"line":44,"column":8},"end":{"line":46,"column":9}},"type":"if","locations":[{"start":{"line":44,"column":8},"end":{"line":46,"column":9}},{"start":{"line":44,"column":8},"end":{"line":46,"column":9}}],"line":44},"4":{"loc":{"start":{"line":57,"column":4},"end":{"line":67,"column":5}},"type":"if","locations":[{"start":{"line":57,"column":4},"end":{"line":67,"column":5}},{"start":{"line":57,"column":4},"end":{"line":67,"column":5}}],"line":57},"5":{"loc":{"start":{"line":60,"column":8},"end":{"line":62,"column":9}},"type":"if","locations":[{"start":{"line":60,"column":8},"end":{"line":62,"column":9}},{"start":{"line":60,"column":8},"end":{"line":62,"column":9}}],"line":60},"6":{"loc":{"start":{"line":79,"column":6},"end":{"line":81,"column":7}},"type":"if","locations":[{"start":{"line":79,"column":6},"end":{"line":81,"column":7}},{"start":{"line":79,"column":6},"end":{"line":81,"column":7}}],"line":79},"7":{"loc":{"start":{"line":94,"column":6},"end":{"line":99,"column":7}},"type":"if","locations":[{"start":{"line":94,"column":6},"end":{"line":99,"column":7}},{"start":{"line":94,"column":6},"end":{"line":99,"column":7}}],"line":94},"8":{"loc":{"start":{"line":95,"column":8},"end":{"line":95,"column":62}},"type":"cond-expr","locations":[{"start":{"line":95,"column":34},"end":{"line":95,"column":44}},{"start":{"line":95,"column":48},"end":{"line":95,"column":62}}],"line":95},"9":{"loc":{"start":{"line":96,"column":8},"end":{"line":98,"column":9}},"type":"if","locations":[{"start":{"line":96,"column":8},"end":{"line":98,"column":9}},{"start":{"line":96,"column":8},"end":{"line":98,"column":9}}],"line":96},"10":{"loc":{"start":{"line":100,"column":6},"end":{"line":102,"column":7}},"type":"if","locations":[{"start":{"line":100,"column":6},"end":{"line":102,"column":7}},{"start":{"line":100,"column":6},"end":{"line":102,"column":7}}],"line":100},"11":{"loc":{"start":{"line":103,"column":6},"end":{"line":105,"column":7}},"type":"if","locations":[{"start":{"line":103,"column":6},"end":{"line":105,"column":7}},{"start":{"line":103,"column":6},"end":{"line":105,"column":7}}],"line":103},"12":{"loc":{"start":{"line":120,"column":6},"end":{"line":135,"column":7}},"type":"if","locations":[{"start":{"line":120,"column":6},"end":{"line":135,"column":7}},{"start":{"line":120,"column":6},"end":{"line":135,"column":7}}],"line":120},"13":{"loc":{"start":{"line":125,"column":8},"end":{"line":133,"column":9}},"type":"if","locations":[{"start":{"line":125,"column":8},"end":{"line":133,"column":9}},{"start":{"line":125,"column":8},"end":{"line":133,"column":9}}],"line":125},"14":{"loc":{"start":{"line":128,"column":10},"end":{"line":130,"column":11}},"type":"if","locations":[{"start":{"line":128,"column":10},"end":{"line":130,"column":11}},{"start":{"line":128,"column":10},"end":{"line":130,"column":11}}],"line":128}},"s":{"0":1,"1":3,"2":3,"3":10,"4":54,"5":10,"6":10,"7":10,"8":0,"9":10,"10":10,"11":10,"12":10,"13":10,"14":0,"15":0,"16":0,"17":0,"18":0,"19":0,"20":0,"21":0,"22":0,"23":0,"24":0,"25":0,"26":0,"27":0,"28":0,"29":0,"30":0,"31":0,"32":0,"33":0,"34":0,"35":0,"36":0,"37":0,"38":0,"39":0,"40":0,"41":0,"42":0,"43":0,"44":0,"45":0,"46":0,"47":0,"48":0,"49":0,"50":0,"51":0,"52":0,"53":0,"54":0,"55":0,"56":1,"57":1,"58":1,"59":1,"60":5000,"61":5000,"62":5,"63":5,"64":5,"65":5,"66":5,"67":4,"68":4,"69":4,"70":4,"71":1,"72":5,"73":1,"74":1},"f":{"0":3,"1":10,"2":54,"3":10,"4":0,"5":0,"6":0,"7":0,"8":0,"9":1},"b":{"0":[0,10],"1":[10,0],"2":[0,0],"3":[0,0],"4":[0,0],"5":[0,0],"6":[0,0],"7":[0,0],"8":[0,0],"9":[0,0],"10":[0,0],"11":[0,0],"12":[5,4995],"13":[4,1],"14":[4,0]},"_coverageSchema":"1a1c01bbd47fc00a2c39e90264f33305004495a9","hash":"c12a041d2a67101f80e3bd3ac5904baa9e707b1f"}
,"/home/qusaiqeisi/data-structures-and-algorithm/401-code-challange/class-33/LinkedList.js": {"path":"/home/qusaiqeisi/data-structures-and-algorithm/401-code-challange/class-33/LinkedList.js","statementMap":{"0":{"start":{"line":1,"column":13},"end":{"line":1,"column":30}},"1":{"start":{"line":5,"column":4},"end":{"line":5,"column":21}},"2":{"start":{"line":8,"column":17},"end":{"line":8,"column":32}},"3":{"start":{"line":9,"column":4},"end":{"line":14,"column":5}},"4":{"start":{"line":10,"column":6},"end":{"line":10,"column":23}},"5":{"start":{"line":12,"column":6},"end":{"line":12,"column":28}},"6":{"start":{"line":13,"column":6},"end":{"line":13,"column":23}},"7":{"start":{"line":18,"column":0},"end":{"line":18,"column":28}}},"fnMap":{"0":{"name":"(anonymous_0)","decl":{"start":{"line":4,"column":2},"end":{"line":4,"column":3}},"loc":{"start":{"line":4,"column":16},"end":{"line":6,"column":3}},"line":4},"1":{"name":"(anonymous_1)","decl":{"start":{"line":7,"column":2},"end":{"line":7,"column":3}},"loc":{"start":{"line":7,"column":16},"end":{"line":15,"column":3}},"line":7}},"branchMap":{"0":{"loc":{"start":{"line":9,"column":4},"end":{"line":14,"column":5}},"type":"if","locations":[{"start":{"line":9,"column":4},"end":{"line":14,"column":5}},{"start":{"line":9,"column":4},"end":{"line":14,"column":5}}],"line":9}},"s":{"0":1,"1":10,"2":10,"3":10,"4":10,"5":0,"6":0,"7":1},"f":{"0":10,"1":10},"b":{"0":[10,0]},"_coverageSchema":"1a1c01bbd47fc00a2c39e90264f33305004495a9","hash":"bd8d3c82dc7bb9a56f78fd1a239327bbf42d2f99"}
,"/home/qusaiqeisi/data-structures-and-algorithm/401-code-challange/class-33/node.js": {"path":"/home/qusaiqeisi/data-structures-and-algorithm/401-code-challange/class-33/node.js","statementMap":{"0":{"start":{"line":5,"column":4},"end":{"line":5,"column":23}},"1":{"start":{"line":6,"column":4},"end":{"line":6,"column":21}},"2":{"start":{"line":10,"column":0},"end":{"line":10,"column":22}}},"fnMap":{"0":{"name":"(anonymous_0)","decl":{"start":{"line":4,"column":2},"end":{"line":4,"column":3}},"loc":{"start":{"line":4,"column":34},"end":{"line":7,"column":3}},"line":4}},"branchMap":{"0":{"loc":{"start":{"line":4,"column":21},"end":{"line":4,"column":32}},"type":"default-arg","locations":[{"start":{"line":4,"column":28},"end":{"line":4,"column":32}}],"line":4}},"s":{"0":10,"1":10,"2":1},"f":{"0":10},"b":{"0":[10]},"_coverageSchema":"1a1c01bbd47fc00a2c39e90264f33305004495a9","hash":"2fcc6f4862c3e5689a56c1d7c05d9f2f615ad925"}
}
