TN:
SF:HashTable.js
FN:4,(anonymous_0)
FN:10,(anonymous_1)
FN:11,(anonymous_2)
FN:19,(anonymous_3)
FN:39,(anonymous_4)
FN:55,(anonymous_5)
FN:71,(anonymous_6)
FN:86,(anonymous_7)
FN:91,(anonymous_8)
FN:115,(anonymous_9)
FNF:10
FNH:5
FNDA:3,(anonymous_0)
FNDA:10,(anonymous_1)
FNDA:54,(anonymous_2)
FNDA:10,(anonymous_3)
FNDA:0,(anonymous_4)
FNDA:0,(anonymous_5)
FNDA:0,(anonymous_6)
FNDA:0,(anonymous_7)
FNDA:0,(anonymous_8)
FNDA:1,(anonymous_9)
DA:1,1
DA:5,3
DA:6,3
DA:11,10
DA:12,54
DA:14,10
DA:15,10
DA:22,10
DA:23,0
DA:25,10
DA:29,10
DA:30,10
DA:31,10
DA:32,10
DA:34,0
DA:40,0
DA:41,0
DA:42,0
DA:43,0
DA:44,0
DA:45,0
DA:47,0
DA:50,0
DA:56,0
DA:57,0
DA:58,0
DA:59,0
DA:60,0
DA:61,0
DA:63,0
DA:66,0
DA:72,0
DA:75,0
DA:76,0
DA:77,0
DA:78,0
DA:79,0
DA:80,0
DA:88,0
DA:90,0
DA:91,0
DA:92,0
DA:93,0
DA:94,0
DA:95,0
DA:96,0
DA:97,0
DA:100,0
DA:101,0
DA:103,0
DA:104,0
DA:107,0
DA:108,0
DA:109,0
DA:111,0
DA:116,1
DA:117,1
DA:118,1
DA:119,5000
DA:120,5000
DA:121,5
DA:122,5
DA:123,5
DA:124,5
DA:125,5
DA:126,4
DA:127,4
DA:128,4
DA:129,4
DA:132,1
DA:134,5
DA:137,1
DA:141,1
LF:73
LH:31
BRDA:22,0,0,0
BRDA:22,0,1,10
BRDA:29,1,0,10
BRDA:29,1,1,0
BRDA:41,2,0,0
BRDA:41,2,1,0
BRDA:44,3,0,0
BRDA:44,3,1,0
BRDA:57,4,0,0
BRDA:57,4,1,0
BRDA:60,5,0,0
BRDA:60,5,1,0
BRDA:79,6,0,0
BRDA:79,6,1,0
BRDA:94,7,0,0
BRDA:94,7,1,0
BRDA:95,8,0,0
BRDA:95,8,1,0
BRDA:96,9,0,0
BRDA:96,9,1,0
BRDA:100,10,0,0
BRDA:100,10,1,0
BRDA:103,11,0,0
BRDA:103,11,1,0
BRDA:120,12,0,5
BRDA:120,12,1,4995
BRDA:125,13,0,4
BRDA:125,13,1,1
BRDA:128,14,0,4
BRDA:128,14,1,0
BRF:30
BRH:7
end_of_record
TN:
SF:LinkedList.js
FN:4,(anonymous_0)
FN:7,(anonymous_1)
FNF:2
FNH:2
FNDA:10,(anonymous_0)
FNDA:10,(anonymous_1)
DA:1,1
DA:5,10
DA:8,10
DA:9,10
DA:10,10
DA:12,0
DA:13,0
DA:18,1
LF:8
LH:6
BRDA:9,0,0,10
BRDA:9,0,1,0
BRF:2
BRH:1
end_of_record
TN:
SF:node.js
FN:4,(anonymous_0)
FNF:1
FNH:1
FNDA:10,(anonymous_0)
DA:5,10
DA:6,10
DA:10,1
LF:3
LH:3
BRDA:4,0,0,10
BRF:1
BRH:1
end_of_record
