{"/home/qusaiqeisi/data-structures-and-algorithm/401-code-challange/class-32/BinaryTree.js": {"path":"/home/qusaiqeisi/data-structures-and-algorithm/401-code-challange/class-32/BinaryTree.js","statementMap":{"0":{"start":{"line":4,"column":4},"end":{"line":4,"column":21}},"1":{"start":{"line":9,"column":14},"end":{"line":9,"column":16}},"2":{"start":{"line":11,"column":6},"end":{"line":11,"column":37}},"3":{"start":{"line":12,"column":6},"end":{"line":14,"column":7}},"4":{"start":{"line":13,"column":8},"end":{"line":13,"column":36}},"5":{"start":{"line":15,"column":6},"end":{"line":17,"column":7}},"6":{"start":{"line":16,"column":8},"end":{"line":16,"column":37}},"7":{"start":{"line":19,"column":4},"end":{"line":19,"column":32}},"8":{"start":{"line":20,"column":4},"end":{"line":20,"column":15}},"9":{"start":{"line":25,"column":14},"end":{"line":25,"column":16}},"10":{"start":{"line":27,"column":6},"end":{"line":29,"column":7}},"11":{"start":{"line":28,"column":8},"end":{"line":28,"column":35}},"12":{"start":{"line":30,"column":6},"end":{"line":30,"column":37}},"13":{"start":{"line":31,"column":6},"end":{"line":33,"column":7}},"14":{"start":{"line":32,"column":8},"end":{"line":32,"column":36}},"15":{"start":{"line":36,"column":4},"end":{"line":36,"column":31}},"16":{"start":{"line":37,"column":4},"end":{"line":37,"column":15}},"17":{"start":{"line":42,"column":14},"end":{"line":42,"column":16}},"18":{"start":{"line":44,"column":6},"end":{"line":46,"column":7}},"19":{"start":{"line":45,"column":8},"end":{"line":45,"column":35}},"20":{"start":{"line":47,"column":6},"end":{"line":49,"column":7}},"21":{"start":{"line":48,"column":8},"end":{"line":48,"column":36}},"22":{"start":{"line":50,"column":6},"end":{"line":50,"column":37}},"23":{"start":{"line":53,"column":4},"end":{"line":53,"column":31}},"24":{"start":{"line":54,"column":4},"end":{"line":54,"column":15}},"25":{"start":{"line":63,"column":6},"end":{"line":69,"column":7}},"26":{"start":{"line":64,"column":8},"end":{"line":66,"column":9}},"27":{"start":{"line":65,"column":10},"end":{"line":65,"column":32}},"28":{"start":{"line":68,"column":8},"end":{"line":68,"column":30}},"29":{"start":{"line":71,"column":6},"end":{"line":73,"column":7}},"30":{"start":{"line":72,"column":8},"end":{"line":72,"column":36}},"31":{"start":{"line":74,"column":6},"end":{"line":76,"column":7}},"32":{"start":{"line":75,"column":8},"end":{"line":75,"column":37}},"33":{"start":{"line":78,"column":4},"end":{"line":78,"column":32}},"34":{"start":{"line":79,"column":4},"end":{"line":79,"column":20}},"35":{"start":{"line":83,"column":0},"end":{"line":83,"column":28}}},"fnMap":{"0":{"name":"(anonymous_0)","decl":{"start":{"line":3,"column":2},"end":{"line":3,"column":3}},"loc":{"start":{"line":3,"column":27},"end":{"line":5,"column":3}},"line":3},"1":{"name":"(anonymous_1)","decl":{"start":{"line":7,"column":2},"end":{"line":7,"column":3}},"loc":{"start":{"line":7,"column":13},"end":{"line":21,"column":3}},"line":7},"2":{"name":"preOrderTraverse","decl":{"start":{"line":10,"column":13},"end":{"line":10,"column":29}},"loc":{"start":{"line":10,"column":36},"end":{"line":18,"column":5}},"line":10},"3":{"name":"(anonymous_3)","decl":{"start":{"line":23,"column":2},"end":{"line":23,"column":3}},"loc":{"start":{"line":23,"column":12},"end":{"line":38,"column":3}},"line":23},"4":{"name":"inOrderTraverse","decl":{"start":{"line":26,"column":13},"end":{"line":26,"column":28}},"loc":{"start":{"line":26,"column":35},"end":{"line":34,"column":5}},"line":26},"5":{"name":"(anonymous_5)","decl":{"start":{"line":40,"column":2},"end":{"line":40,"column":3}},"loc":{"start":{"line":40,"column":14},"end":{"line":55,"column":3}},"line":40},"6":{"name":"inOrderTraverse","decl":{"start":{"line":43,"column":13},"end":{"line":43,"column":28}},"loc":{"start":{"line":43,"column":35},"end":{"line":51,"column":5}},"line":43},"7":{"name":"(anonymous_7)","decl":{"start":{"line":58,"column":2},"end":{"line":58,"column":3}},"loc":{"start":{"line":58,"column":11},"end":{"line":80,"column":3}},"line":58},"8":{"name":"preOrderTraverse","decl":{"start":{"line":62,"column":13},"end":{"line":62,"column":29}},"loc":{"start":{"line":62,"column":36},"end":{"line":77,"column":5}},"line":62}},"branchMap":{"0":{"loc":{"start":{"line":3,"column":14},"end":{"line":3,"column":25}},"type":"default-arg","locations":[{"start":{"line":3,"column":21},"end":{"line":3,"column":25}}],"line":3},"1":{"loc":{"start":{"line":12,"column":6},"end":{"line":14,"column":7}},"type":"if","locations":[{"start":{"line":12,"column":6},"end":{"line":14,"column":7}},{"start":{"line":12,"column":6},"end":{"line":14,"column":7}}],"line":12},"2":{"loc":{"start":{"line":15,"column":6},"end":{"line":17,"column":7}},"type":"if","locations":[{"start":{"line":15,"column":6},"end":{"line":17,"column":7}},{"start":{"line":15,"column":6},"end":{"line":17,"column":7}}],"line":15},"3":{"loc":{"start":{"line":27,"column":6},"end":{"line":29,"column":7}},"type":"if","locations":[{"start":{"line":27,"column":6},"end":{"line":29,"column":7}},{"start":{"line":27,"column":6},"end":{"line":29,"column":7}}],"line":27},"4":{"loc":{"start":{"line":31,"column":6},"end":{"line":33,"column":7}},"type":"if","locations":[{"start":{"line":31,"column":6},"end":{"line":33,"column":7}},{"start":{"line":31,"column":6},"end":{"line":33,"column":7}}],"line":31},"5":{"loc":{"start":{"line":44,"column":6},"end":{"line":46,"column":7}},"type":"if","locations":[{"start":{"line":44,"column":6},"end":{"line":46,"column":7}},{"start":{"line":44,"column":6},"end":{"line":46,"column":7}}],"line":44},"6":{"loc":{"start":{"line":47,"column":6},"end":{"line":49,"column":7}},"type":"if","locations":[{"start":{"line":47,"column":6},"end":{"line":49,"column":7}},{"start":{"line":47,"column":6},"end":{"line":49,"column":7}}],"line":47},"7":{"loc":{"start":{"line":63,"column":6},"end":{"line":69,"column":7}},"type":"if","locations":[{"start":{"line":63,"column":6},"end":{"line":69,"column":7}},{"start":{"line":63,"column":6},"end":{"line":69,"column":7}}],"line":63},"8":{"loc":{"start":{"line":64,"column":8},"end":{"line":66,"column":9}},"type":"if","locations":[{"start":{"line":64,"column":8},"end":{"line":66,"column":9}},{"start":{"line":64,"column":8},"end":{"line":66,"column":9}}],"line":64},"9":{"loc":{"start":{"line":71,"column":6},"end":{"line":73,"column":7}},"type":"if","locations":[{"start":{"line":71,"column":6},"end":{"line":73,"column":7}},{"start":{"line":71,"column":6},"end":{"line":73,"column":7}}],"line":71},"10":{"loc":{"start":{"line":74,"column":6},"end":{"line":76,"column":7}},"type":"if","locations":[{"start":{"line":74,"column":6},"end":{"line":76,"column":7}},{"start":{"line":74,"column":6},"end":{"line":76,"column":7}}],"line":74}},"s":{"0":2,"1":0,"2":0,"3":0,"4":0,"5":0,"6":0,"7":0,"8":0,"9":0,"10":0,"11":0,"12":0,"13":0,"14":0,"15":0,"16":0,"17":0,"18":0,"19":0,"20":0,"21":0,"22":0,"23":0,"24":0,"25":0,"26":0,"27":0,"28":0,"29":0,"30":0,"31":0,"32":0,"33":0,"34":0,"35":1},"f":{"0":2,"1":0,"2":0,"3":0,"4":0,"5":0,"6":0,"7":0,"8":0},"b":{"0":[0],"1":[0,0],"2":[0,0],"3":[0,0],"4":[0,0],"5":[0,0],"6":[0,0],"7":[0,0],"8":[0,0],"9":[0,0],"10":[0,0]},"_coverageSchema":"1a1c01bbd47fc00a2c39e90264f33305004495a9","hash":"5b10a7733b1b9bf500a49d32cd772b5ded562ab5"}
,"/home/qusaiqeisi/data-structures-and-algorithm/401-code-challange/class-32/HashTable.js": {"path":"/home/qusaiqeisi/data-structures-and-algorithm/401-code-challange/class-32/HashTable.js","statementMap":{"0":{"start":{"line":1,"column":19},"end":{"line":1,"column":42}},"1":{"start":{"line":5,"column":4},"end":{"line":5,"column":21}},"2":{"start":{"line":6,"column":4},"end":{"line":6,"column":35}},"3":{"start":{"line":11,"column":24},"end":{"line":13,"column":9}},"4":{"start":{"line":12,"column":6},"end":{"line":12,"column":38}},"5":{"start":{"line":14,"column":20},"end":{"line":14,"column":50}},"6":{"start":{"line":15,"column":4},"end":{"line":15,"column":19}},"7":{"start":{"line":22,"column":4},"end":{"line":26,"column":5}},"8":{"start":{"line":23,"column":6},"end":{"line":23,"column":17}},"9":{"start":{"line":25,"column":6},"end":{"line":25,"column":28}},"10":{"start":{"line":29,"column":4},"end":{"line":35,"column":5}},"11":{"start":{"line":30,"column":17},"end":{"line":30,"column":33}},"12":{"start":{"line":31,"column":6},"end":{"line":31,"column":34}},"13":{"start":{"line":32,"column":6},"end":{"line":32,"column":30}},"14":{"start":{"line":34,"column":6},"end":{"line":34,"column":50}},"15":{"start":{"line":40,"column":17},"end":{"line":40,"column":31}},"16":{"start":{"line":41,"column":4},"end":{"line":51,"column":5}},"17":{"start":{"line":42,"column":24},"end":{"line":42,"column":47}},"18":{"start":{"line":43,"column":6},"end":{"line":48,"column":7}},"19":{"start":{"line":44,"column":8},"end":{"line":46,"column":9}},"20":{"start":{"line":45,"column":10},"end":{"line":45,"column":40}},"21":{"start":{"line":47,"column":8},"end":{"line":47,"column":39}},"22":{"start":{"line":50,"column":6},"end":{"line":50,"column":18}},"23":{"start":{"line":56,"column":17},"end":{"line":56,"column":31}},"24":{"start":{"line":57,"column":4},"end":{"line":67,"column":5}},"25":{"start":{"line":58,"column":24},"end":{"line":58,"column":47}},"26":{"start":{"line":59,"column":6},"end":{"line":64,"column":7}},"27":{"start":{"line":60,"column":8},"end":{"line":62,"column":9}},"28":{"start":{"line":61,"column":10},"end":{"line":61,"column":22}},"29":{"start":{"line":63,"column":8},"end":{"line":63,"column":39}},"30":{"start":{"line":66,"column":6},"end":{"line":66,"column":19}},"31":{"start":{"line":72,"column":16},"end":{"line":72,"column":37}},"32":{"start":{"line":75,"column":4},"end":{"line":82,"column":5}},"33":{"start":{"line":75,"column":17},"end":{"line":75,"column":18}},"34":{"start":{"line":76,"column":6},"end":{"line":76,"column":33}},"35":{"start":{"line":77,"column":6},"end":{"line":77,"column":31}},"36":{"start":{"line":78,"column":6},"end":{"line":78,"column":28}},"37":{"start":{"line":79,"column":6},"end":{"line":81,"column":7}},"38":{"start":{"line":80,"column":8},"end":{"line":80,"column":19}},"39":{"start":{"line":88,"column":18},"end":{"line":88,"column":19}},"40":{"start":{"line":90,"column":18},"end":{"line":90,"column":20}},"41":{"start":{"line":91,"column":23},"end":{"line":106,"column":5}},"42":{"start":{"line":92,"column":6},"end":{"line":92,"column":23}},"43":{"start":{"line":93,"column":6},"end":{"line":93,"column":31}},"44":{"start":{"line":94,"column":6},"end":{"line":99,"column":7}},"45":{"start":{"line":95,"column":8},"end":{"line":95,"column":63}},"46":{"start":{"line":96,"column":8},"end":{"line":98,"column":9}},"47":{"start":{"line":97,"column":10},"end":{"line":97,"column":29}},"48":{"start":{"line":100,"column":6},"end":{"line":102,"column":7}},"49":{"start":{"line":101,"column":8},"end":{"line":101,"column":32}},"50":{"start":{"line":103,"column":6},"end":{"line":105,"column":7}},"51":{"start":{"line":104,"column":8},"end":{"line":104,"column":33}},"52":{"start":{"line":107,"column":4},"end":{"line":107,"column":33}},"53":{"start":{"line":108,"column":4},"end":{"line":108,"column":14}},"54":{"start":{"line":109,"column":4},"end":{"line":109,"column":34}},"55":{"start":{"line":111,"column":4},"end":{"line":111,"column":19}},"56":{"start":{"line":115,"column":0},"end":{"line":115,"column":25}}},"fnMap":{"0":{"name":"(anonymous_0)","decl":{"start":{"line":4,"column":2},"end":{"line":4,"column":3}},"loc":{"start":{"line":4,"column":20},"end":{"line":7,"column":3}},"line":4},"1":{"name":"(anonymous_1)","decl":{"start":{"line":10,"column":2},"end":{"line":10,"column":3}},"loc":{"start":{"line":10,"column":12},"end":{"line":16,"column":3}},"line":10},"2":{"name":"(anonymous_2)","decl":{"start":{"line":11,"column":45},"end":{"line":11,"column":46}},"loc":{"start":{"line":11,"column":60},"end":{"line":13,"column":5}},"line":11},"3":{"name":"(anonymous_3)","decl":{"start":{"line":19,"column":2},"end":{"line":19,"column":3}},"loc":{"start":{"line":19,"column":18},"end":{"line":36,"column":3}},"line":19},"4":{"name":"(anonymous_4)","decl":{"start":{"line":39,"column":2},"end":{"line":39,"column":3}},"loc":{"start":{"line":39,"column":11},"end":{"line":52,"column":3}},"line":39},"5":{"name":"(anonymous_5)","decl":{"start":{"line":55,"column":2},"end":{"line":55,"column":3}},"loc":{"start":{"line":55,"column":16},"end":{"line":68,"column":3}},"line":55},"6":{"name":"(anonymous_6)","decl":{"start":{"line":71,"column":2},"end":{"line":71,"column":3}},"loc":{"start":{"line":71,"column":23},"end":{"line":83,"column":3}},"line":71},"7":{"name":"(anonymous_7)","decl":{"start":{"line":86,"column":2},"end":{"line":86,"column":3}},"loc":{"start":{"line":86,"column":42},"end":{"line":112,"column":3}},"line":86},"8":{"name":"(anonymous_8)","decl":{"start":{"line":91,"column":23},"end":{"line":91,"column":24}},"loc":{"start":{"line":91,"column":33},"end":{"line":106,"column":5}},"line":91}},"branchMap":{"0":{"loc":{"start":{"line":22,"column":4},"end":{"line":26,"column":5}},"type":"if","locations":[{"start":{"line":22,"column":4},"end":{"line":26,"column":5}},{"start":{"line":22,"column":4},"end":{"line":26,"column":5}}],"line":22},"1":{"loc":{"start":{"line":29,"column":4},"end":{"line":35,"column":5}},"type":"if","locations":[{"start":{"line":29,"column":4},"end":{"line":35,"column":5}},{"start":{"line":29,"column":4},"end":{"line":35,"column":5}}],"line":29},"2":{"loc":{"start":{"line":41,"column":4},"end":{"line":51,"column":5}},"type":"if","locations":[{"start":{"line":41,"column":4},"end":{"line":51,"column":5}},{"start":{"line":41,"column":4},"end":{"line":51,"column":5}}],"line":41},"3":{"loc":{"start":{"line":44,"column":8},"end":{"line":46,"column":9}},"type":"if","locations":[{"start":{"line":44,"column":8},"end":{"line":46,"column":9}},{"start":{"line":44,"column":8},"end":{"line":46,"column":9}}],"line":44},"4":{"loc":{"start":{"line":57,"column":4},"end":{"line":67,"column":5}},"type":"if","locations":[{"start":{"line":57,"column":4},"end":{"line":67,"column":5}},{"start":{"line":57,"column":4},"end":{"line":67,"column":5}}],"line":57},"5":{"loc":{"start":{"line":60,"column":8},"end":{"line":62,"column":9}},"type":"if","locations":[{"start":{"line":60,"column":8},"end":{"line":62,"column":9}},{"start":{"line":60,"column":8},"end":{"line":62,"column":9}}],"line":60},"6":{"loc":{"start":{"line":79,"column":6},"end":{"line":81,"column":7}},"type":"if","locations":[{"start":{"line":79,"column":6},"end":{"line":81,"column":7}},{"start":{"line":79,"column":6},"end":{"line":81,"column":7}}],"line":79},"7":{"loc":{"start":{"line":94,"column":6},"end":{"line":99,"column":7}},"type":"if","locations":[{"start":{"line":94,"column":6},"end":{"line":99,"column":7}},{"start":{"line":94,"column":6},"end":{"line":99,"column":7}}],"line":94},"8":{"loc":{"start":{"line":95,"column":8},"end":{"line":95,"column":62}},"type":"cond-expr","locations":[{"start":{"line":95,"column":34},"end":{"line":95,"column":44}},{"start":{"line":95,"column":48},"end":{"line":95,"column":62}}],"line":95},"9":{"loc":{"start":{"line":96,"column":8},"end":{"line":98,"column":9}},"type":"if","locations":[{"start":{"line":96,"column":8},"end":{"line":98,"column":9}},{"start":{"line":96,"column":8},"end":{"line":98,"column":9}}],"line":96},"10":{"loc":{"start":{"line":100,"column":6},"end":{"line":102,"column":7}},"type":"if","locations":[{"start":{"line":100,"column":6},"end":{"line":102,"column":7}},{"start":{"line":100,"column":6},"end":{"line":102,"column":7}}],"line":100},"11":{"loc":{"start":{"line":103,"column":6},"end":{"line":105,"column":7}},"type":"if","locations":[{"start":{"line":103,"column":6},"end":{"line":105,"column":7}},{"start":{"line":103,"column":6},"end":{"line":105,"column":7}}],"line":103}},"s":{"0":1,"1":2,"2":2,"3":0,"4":0,"5":0,"6":0,"7":44,"8":44,"9":0,"10":44,"11":30,"12":30,"13":30,"14":14,"15":0,"16":0,"17":0,"18":0,"19":0,"20":0,"21":0,"22":0,"23":0,"24":0,"25":0,"26":0,"27":0,"28":0,"29":0,"30":0,"31":0,"32":0,"33":0,"34":0,"35":0,"36":0,"37":0,"38":0,"39":2,"40":2,"41":2,"42":44,"43":44,"44":44,"45":22,"46":22,"47":14,"48":44,"49":20,"50":44,"51":20,"52":2,"53":2,"54":2,"55":2,"56":1},"f":{"0":2,"1":0,"2":0,"3":44,"4":0,"5":0,"6":0,"7":2,"8":44},"b":{"0":[44,0],"1":[30,14],"2":[0,0],"3":[0,0],"4":[0,0],"5":[0,0],"6":[0,0],"7":[22,22],"8":[22,0],"9":[14,8],"10":[20,24],"11":[20,24]},"_coverageSchema":"1a1c01bbd47fc00a2c39e90264f33305004495a9","hash":"f22927a327442291f7ba7e8ad6dc4e7373c86563"}
,"/home/qusaiqeisi/data-structures-and-algorithm/401-code-challange/class-32/LinkedList.js": {"path":"/home/qusaiqeisi/data-structures-and-algorithm/401-code-challange/class-32/LinkedList.js","statementMap":{"0":{"start":{"line":1,"column":13},"end":{"line":1,"column":30}},"1":{"start":{"line":5,"column":4},"end":{"line":5,"column":21}},"2":{"start":{"line":8,"column":17},"end":{"line":8,"column":32}},"3":{"start":{"line":9,"column":4},"end":{"line":14,"column":5}},"4":{"start":{"line":10,"column":6},"end":{"line":10,"column":23}},"5":{"start":{"line":12,"column":6},"end":{"line":12,"column":28}},"6":{"start":{"line":13,"column":6},"end":{"line":13,"column":23}},"7":{"start":{"line":18,"column":0},"end":{"line":18,"column":28}}},"fnMap":{"0":{"name":"(anonymous_0)","decl":{"start":{"line":4,"column":2},"end":{"line":4,"column":3}},"loc":{"start":{"line":4,"column":16},"end":{"line":6,"column":3}},"line":4},"1":{"name":"(anonymous_1)","decl":{"start":{"line":7,"column":2},"end":{"line":7,"column":3}},"loc":{"start":{"line":7,"column":16},"end":{"line":15,"column":3}},"line":7}},"branchMap":{"0":{"loc":{"start":{"line":9,"column":4},"end":{"line":14,"column":5}},"type":"if","locations":[{"start":{"line":9,"column":4},"end":{"line":14,"column":5}},{"start":{"line":9,"column":4},"end":{"line":14,"column":5}}],"line":9}},"s":{"0":1,"1":30,"2":44,"3":44,"4":30,"5":14,"6":14,"7":1},"f":{"0":30,"1":44},"b":{"0":[30,14]},"_coverageSchema":"1a1c01bbd47fc00a2c39e90264f33305004495a9","hash":"e17e57e71b1d2dcd5880773b0504f7e59f638d98"}
,"/home/qusaiqeisi/data-structures-and-algorithm/401-code-challange/class-32/node.js": {"path":"/home/qusaiqeisi/data-structures-and-algorithm/401-code-challange/class-32/node.js","statementMap":{"0":{"start":{"line":5,"column":4},"end":{"line":5,"column":23}},"1":{"start":{"line":6,"column":4},"end":{"line":6,"column":21}},"2":{"start":{"line":10,"column":0},"end":{"line":10,"column":22}}},"fnMap":{"0":{"name":"(anonymous_0)","decl":{"start":{"line":4,"column":2},"end":{"line":4,"column":3}},"loc":{"start":{"line":4,"column":34},"end":{"line":7,"column":3}},"line":4}},"branchMap":{"0":{"loc":{"start":{"line":4,"column":21},"end":{"line":4,"column":32}},"type":"default-arg","locations":[{"start":{"line":4,"column":28},"end":{"line":4,"column":32}}],"line":4}},"s":{"0":66,"1":66,"2":1},"f":{"0":66},"b":{"0":[66]},"_coverageSchema":"1a1c01bbd47fc00a2c39e90264f33305004495a9","hash":"f7355fe8dc8c43257ca7af5ad99b7c7e68665080"}
}
