TN:
SF:BinaryTree.js
FN:3,(anonymous_0)
FN:7,(anonymous_1)
FN:10,preOrderTraverse
FN:23,(anonymous_3)
FN:26,inOrderTraverse
FN:40,(anonymous_5)
FN:43,inOrderTraverse
FN:58,(anonymous_7)
FN:62,preOrderTraverse
FNF:9
FNH:1
FNDA:2,(anonymous_0)
FNDA:0,(anonymous_1)
FNDA:0,preOrderTraverse
FNDA:0,(anonymous_3)
FNDA:0,inOrderTraverse
FNDA:0,(anonymous_5)
FNDA:0,inOrderTraverse
FNDA:0,(anonymous_7)
FNDA:0,preOrderTraverse
DA:4,2
DA:9,0
DA:11,0
DA:12,0
DA:13,0
DA:15,0
DA:16,0
DA:19,0
DA:20,0
DA:25,0
DA:27,0
DA:28,0
DA:30,0
DA:31,0
DA:32,0
DA:36,0
DA:37,0
DA:42,0
DA:44,0
DA:45,0
DA:47,0
DA:48,0
DA:50,0
DA:53,0
DA:54,0
DA:63,0
DA:64,0
DA:65,0
DA:68,0
DA:71,0
DA:72,0
DA:74,0
DA:75,0
DA:78,0
DA:79,0
DA:83,1
LF:36
LH:2
BRDA:3,0,0,0
BRDA:12,1,0,0
BRDA:12,1,1,0
BRDA:15,2,0,0
BRDA:15,2,1,0
BRDA:27,3,0,0
BRDA:27,3,1,0
BRDA:31,4,0,0
BRDA:31,4,1,0
BRDA:44,5,0,0
BRDA:44,5,1,0
BRDA:47,6,0,0
BRDA:47,6,1,0
BRDA:63,7,0,0
BRDA:63,7,1,0
BRDA:64,8,0,0
BRDA:64,8,1,0
BRDA:71,9,0,0
BRDA:71,9,1,0
BRDA:74,10,0,0
BRDA:74,10,1,0
BRF:21
BRH:0
end_of_record
TN:
SF:HashTable.js
FN:4,(anonymous_0)
FN:10,(anonymous_1)
FN:11,(anonymous_2)
FN:19,(anonymous_3)
FN:39,(anonymous_4)
FN:55,(anonymous_5)
FN:71,(anonymous_6)
FN:86,(anonymous_7)
FN:91,(anonymous_8)
FNF:9
FNH:4
FNDA:2,(anonymous_0)
FNDA:0,(anonymous_1)
FNDA:0,(anonymous_2)
FNDA:44,(anonymous_3)
FNDA:0,(anonymous_4)
FNDA:0,(anonymous_5)
FNDA:0,(anonymous_6)
FNDA:2,(anonymous_7)
FNDA:44,(anonymous_8)
DA:1,1
DA:5,2
DA:6,2
DA:11,0
DA:12,0
DA:14,0
DA:15,0
DA:22,44
DA:23,44
DA:25,0
DA:29,44
DA:30,30
DA:31,30
DA:32,30
DA:34,14
DA:40,0
DA:41,0
DA:42,0
DA:43,0
DA:44,0
DA:45,0
DA:47,0
DA:50,0
DA:56,0
DA:57,0
DA:58,0
DA:59,0
DA:60,0
DA:61,0
DA:63,0
DA:66,0
DA:72,0
DA:75,0
DA:76,0
DA:77,0
DA:78,0
DA:79,0
DA:80,0
DA:88,2
DA:90,2
DA:91,2
DA:92,44
DA:93,44
DA:94,44
DA:95,22
DA:96,22
DA:97,14
DA:100,44
DA:101,20
DA:103,44
DA:104,20
DA:107,2
DA:108,2
DA:109,2
DA:111,2
DA:115,1
LF:56
LH:28
BRDA:22,0,0,44
BRDA:22,0,1,0
BRDA:29,1,0,30
BRDA:29,1,1,14
BRDA:41,2,0,0
BRDA:41,2,1,0
BRDA:44,3,0,0
BRDA:44,3,1,0
BRDA:57,4,0,0
BRDA:57,4,1,0
BRDA:60,5,0,0
BRDA:60,5,1,0
BRDA:79,6,0,0
BRDA:79,6,1,0
BRDA:94,7,0,22
BRDA:94,7,1,22
BRDA:95,8,0,22
BRDA:95,8,1,0
BRDA:96,9,0,14
BRDA:96,9,1,8
BRDA:100,10,0,20
BRDA:100,10,1,24
BRDA:103,11,0,20
BRDA:103,11,1,24
BRF:24
BRH:12
end_of_record
TN:
SF:LinkedList.js
FN:4,(anonymous_0)
FN:7,(anonymous_1)
FNF:2
FNH:2
FNDA:30,(anonymous_0)
FNDA:44,(anonymous_1)
DA:1,1
DA:5,30
DA:8,44
DA:9,44
DA:10,30
DA:12,14
DA:13,14
DA:18,1
LF:8
LH:8
BRDA:9,0,0,30
BRDA:9,0,1,14
BRF:2
BRH:2
end_of_record
TN:
SF:node.js
FN:4,(anonymous_0)
FNF:1
FNH:1
FNDA:66,(anonymous_0)
DA:5,66
DA:6,66
DA:10,1
LF:3
LH:3
BRDA:4,0,0,66
BRF:1
BRH:1
end_of_record
