<?xml version="1.0" encoding="UTF-8"?>
<coverage generated="1629806868111" clover="3.2.0">
  <project timestamp="1629806868111" name="All files">
    <metrics statements="42" coveredstatements="38" conditionals="32" coveredconditionals="29" methods="8" coveredmethods="7" elements="82" coveredelements="74" complexity="0" loc="42" ncloc="42" packages="1" files="3" classes="3"/>
    <file name="Stack.js" path="/home/qusaiqeisi/data-structures-and-algorithm/401-code-challange/class-13/Stack.js">
      <metrics statements="21" coveredstatements="17" conditionals="8" coveredconditionals="5" methods="5" coveredmethods="4"/>
      <line num="2" count="1" type="stmt"/>
      <line num="6" count="11" type="stmt"/>
      <line num="9" count="25" type="stmt"/>
      <line num="10" count="25" type="cond" truecount="2" falsecount="0"/>
      <line num="11" count="7" type="stmt"/>
      <line num="12" count="7" type="stmt"/>
      <line num="14" count="25" type="stmt"/>
      <line num="18" count="18" type="cond" truecount="1" falsecount="1"/>
      <line num="19" count="18" type="stmt"/>
      <line num="20" count="18" type="stmt"/>
      <line num="21" count="18" type="stmt"/>
      <line num="22" count="18" type="stmt"/>
      <line num="24" count="0" type="stmt"/>
      <line num="30" count="34" type="cond" truecount="2" falsecount="0"/>
      <line num="31" count="27" type="stmt"/>
      <line num="32" count="27" type="stmt"/>
      <line num="34" count="7" type="stmt"/>
      <line num="39" count="0" type="cond" truecount="0" falsecount="2"/>
      <line num="40" count="0" type="stmt"/>
      <line num="42" count="0" type="stmt"/>
      <line num="47" count="1" type="stmt"/>
    </file>
    <file name="node.js" path="/home/qusaiqeisi/data-structures-and-algorithm/401-code-challange/class-13/node.js">
      <metrics statements="3" coveredstatements="3" conditionals="1" coveredconditionals="1" methods="1" coveredmethods="1"/>
      <line num="5" count="25" type="stmt"/>
      <line num="6" count="25" type="stmt"/>
      <line num="10" count="1" type="stmt"/>
    </file>
    <file name="stack-queue-brackets.js" path="/home/qusaiqeisi/data-structures-and-algorithm/401-code-challange/class-13/stack-queue-brackets.js">
      <metrics statements="18" coveredstatements="18" conditionals="23" coveredconditionals="23" methods="2" coveredmethods="2"/>
      <line num="2" count="1" type="stmt"/>
      <line num="5" count="11" type="stmt"/>
      <line num="8" count="11" type="stmt"/>
      <line num="10" count="11" type="stmt"/>
      <line num="11" count="11" type="stmt"/>
      <line num="12" count="78" type="cond" truecount="5" falsecount="0"/>
      <line num="14" count="25" type="stmt"/>
      <line num="16" count="53" type="cond" truecount="4" falsecount="0"/>
      <line num="17" count="7" type="stmt"/>
      <line num="18" count="46" type="cond" truecount="4" falsecount="0"/>
      <line num="19" count="5" type="stmt"/>
      <line num="20" count="41" type="cond" truecount="4" falsecount="0"/>
      <line num="21" count="6" type="stmt"/>
      <line num="24" count="35" type="stmt"/>
      <line num="28" count="11" type="cond" truecount="2" falsecount="0"/>
      <line num="34" count="6" type="stmt"/>
      <line num="36" count="5" type="stmt"/>
      <line num="40" count="1" type="stmt"/>
    </file>
  </project>
</coverage>
