TN:
SF:Stack.js
FN:5,(anonymous_0)
FN:8,(anonymous_1)
FN:17,(anonymous_2)
FN:28,(anonymous_3)
FN:38,(anonymous_4)
FNF:5
FNH:4
FNDA:11,(anonymous_0)
FNDA:25,(anonymous_1)
FNDA:18,(anonymous_2)
FNDA:34,(anonymous_3)
FNDA:0,(anonymous_4)
DA:2,1
DA:6,11
DA:9,25
DA:10,25
DA:11,7
DA:12,7
DA:14,25
DA:18,18
DA:19,18
DA:20,18
DA:21,18
DA:22,18
DA:24,0
DA:30,34
DA:31,27
DA:32,27
DA:34,7
DA:39,0
DA:40,0
DA:42,0
DA:47,1
LF:21
LH:17
BRDA:10,0,0,7
BRDA:10,0,1,18
BRDA:18,1,0,18
BRDA:18,1,1,0
BRDA:30,2,0,27
BRDA:30,2,1,7
BRDA:39,3,0,0
BRDA:39,3,1,0
BRF:8
BRH:5
end_of_record
TN:
SF:node.js
FN:4,(anonymous_0)
FNF:1
FNH:1
FNDA:25,(anonymous_0)
DA:5,25
DA:6,25
DA:10,1
LF:3
LH:3
BRDA:4,0,0,25
BRF:1
BRH:1
end_of_record
TN:
SF:stack-queue-brackets.js
FN:5,validateBrackets
FN:14,(anonymous_1)
FNF:2
FNH:2
FNDA:11,validateBrackets
FNDA:78,(anonymous_1)
DA:2,1
DA:7,11
DA:10,11
DA:13,11
DA:14,11
DA:16,78
DA:18,25
DA:21,53
DA:22,7
DA:24,46
DA:25,5
DA:27,41
DA:28,6
DA:33,35
DA:39,11
DA:45,6
DA:47,5
DA:51,1
LF:18
LH:18
BRDA:16,0,0,25
BRDA:16,0,1,53
BRDA:16,1,0,78
BRDA:16,1,1,69
BRDA:16,1,2,62
BRDA:21,2,0,7
BRDA:21,2,1,46
BRDA:21,3,0,53
BRDA:21,3,1,9
BRDA:24,4,0,5
BRDA:24,4,1,41
BRDA:24,5,0,46
BRDA:24,5,1,7
BRDA:27,6,0,6
BRDA:27,6,1,35
BRDA:27,7,0,41
BRDA:27,7,1,7
BRDA:39,8,0,6
BRDA:39,8,1,5
BRDA:40,9,0,11
BRDA:40,9,1,6
BRDA:40,9,2,6
BRDA:40,9,3,6
BRF:23
BRH:23
end_of_record
