TN:
SF:Queue.js
FN:5,(anonymous_0)
FN:10,(anonymous_1)
FN:24,(anonymous_2)
FN:36,(anonymous_3)
FN:46,(anonymous_4)
FNF:5
FNH:5
FNDA:8,(anonymous_0)
FNDA:18,(anonymous_1)
FNDA:8,(anonymous_2)
FNDA:2,(anonymous_3)
FNDA:2,(anonymous_4)
DA:2,1
DA:6,8
DA:7,8
DA:8,8
DA:11,18
DA:13,18
DA:14,12
DA:15,12
DA:16,12
DA:18,6
DA:19,6
DA:20,6
DA:25,8
DA:26,5
DA:27,5
DA:28,5
DA:29,5
DA:30,5
DA:32,3
DA:38,2
DA:39,1
DA:40,1
DA:42,1
DA:47,2
DA:48,1
DA:50,1
DA:55,1
LF:27
LH:27
BRDA:13,0,0,12
BRDA:13,0,1,6
BRDA:25,1,0,5
BRDA:25,1,1,3
BRDA:38,2,0,1
BRDA:38,2,1,1
BRDA:47,3,0,1
BRDA:47,3,1,1
BRF:8
BRH:8
end_of_record
TN:
SF:Stack.js
FN:5,(anonymous_0)
FN:8,(anonymous_1)
FN:17,(anonymous_2)
FN:28,(anonymous_3)
FN:38,(anonymous_4)
FNF:5
FNH:5
FNDA:8,(anonymous_0)
FNDA:14,(anonymous_1)
FNDA:5,(anonymous_2)
FNDA:2,(anonymous_3)
FNDA:2,(anonymous_4)
DA:2,1
DA:6,8
DA:9,14
DA:10,14
DA:11,8
DA:12,8
DA:14,14
DA:18,5
DA:19,4
DA:20,4
DA:21,4
DA:22,4
DA:24,1
DA:30,2
DA:31,1
DA:32,1
DA:34,1
DA:39,2
DA:40,1
DA:42,1
DA:47,1
LF:21
LH:21
BRDA:10,0,0,8
BRDA:10,0,1,6
BRDA:18,1,0,4
BRDA:18,1,1,1
BRDA:30,2,0,1
BRDA:30,2,1,1
BRDA:39,3,0,1
BRDA:39,3,1,1
BRF:8
BRH:8
end_of_record
TN:
SF:node.js
FN:4,(anonymous_0)
FNF:1
FNH:1
FNDA:32,(anonymous_0)
DA:5,32
DA:6,32
DA:10,2
LF:3
LH:3
BRDA:4,0,0,32
BRF:1
BRH:1
end_of_record
