TN:
SF:PseudoQueue .js
FN:5,(anonymous_0)
FN:9,(anonymous_1)
FN:13,(anonymous_2)
FN:25,(anonymous_3)
FNF:4
FNH:3
FNDA:4,(anonymous_0)
FNDA:13,(anonymous_1)
FNDA:8,(anonymous_2)
FNDA:0,(anonymous_3)
DA:2,1
DA:6,4
DA:7,4
DA:10,13
DA:14,8
DA:15,4
DA:17,4
DA:19,10
DA:21,4
DA:26,0
DA:27,0
DA:28,0
DA:30,0
DA:31,0
DA:32,0
DA:35,0
DA:36,0
DA:37,0
DA:39,0
DA:43,1
LF:20
LH:10
BRDA:14,0,0,4
BRDA:14,0,1,4
BRF:2
BRH:2
end_of_record
TN:
SF:Stack.js
FN:5,(anonymous_0)
FN:8,(anonymous_1)
FN:17,(anonymous_2)
FN:28,(anonymous_3)
FN:38,(anonymous_4)
FNF:5
FNH:5
FNDA:8,(anonymous_0)
FNDA:23,(anonymous_1)
FNDA:18,(anonymous_2)
FNDA:27,(anonymous_3)
FNDA:2,(anonymous_4)
DA:2,1
DA:6,8
DA:9,23
DA:10,23
DA:11,14
DA:12,14
DA:14,23
DA:18,18
DA:19,18
DA:20,18
DA:21,18
DA:22,18
DA:24,0
DA:30,27
DA:31,16
DA:32,16
DA:34,11
DA:39,2
DA:40,0
DA:42,2
DA:47,1
LF:21
LH:19
BRDA:10,0,0,14
BRDA:10,0,1,9
BRDA:18,1,0,18
BRDA:18,1,1,0
BRDA:30,2,0,16
BRDA:30,2,1,11
BRDA:39,3,0,0
BRDA:39,3,1,2
BRF:8
BRH:6
end_of_record
TN:
SF:node.js
FN:4,(anonymous_0)
FNF:1
FNH:1
FNDA:23,(anonymous_0)
DA:5,23
DA:6,23
DA:10,1
LF:3
LH:3
BRDA:4,0,0,23
BRF:1
BRH:1
end_of_record
