{"/home/qusaiqeisi/data-structures-and-algorithm/401-code-challange/class-36/edge.js": {"path":"/home/qusaiqeisi/data-structures-and-algorithm/401-code-challange/class-36/edge.js","statementMap":{"0":{"start":{"line":5,"column":8},"end":{"line":5,"column":29}},"1":{"start":{"line":6,"column":8},"end":{"line":6,"column":29}},"2":{"start":{"line":9,"column":0},"end":{"line":9,"column":22}}},"fnMap":{"0":{"name":"(anonymous_0)","decl":{"start":{"line":4,"column":4},"end":{"line":4,"column":5}},"loc":{"start":{"line":4,"column":36},"end":{"line":7,"column":5}},"line":4}},"branchMap":{"0":{"loc":{"start":{"line":4,"column":24},"end":{"line":4,"column":34}},"type":"default-arg","locations":[{"start":{"line":4,"column":33},"end":{"line":4,"column":34}}],"line":4}},"s":{"0":9,"1":9,"2":1},"f":{"0":9},"b":{"0":[9]},"_coverageSchema":"1a1c01bbd47fc00a2c39e90264f33305004495a9","hash":"5ded511cbf1889a35df8694c84d2a8ff3775c0ee"}
,"/home/qusaiqeisi/data-structures-and-algorithm/401-code-challange/class-36/graph.js": {"path":"/home/qusaiqeisi/data-structures-and-algorithm/401-code-challange/class-36/graph.js","statementMap":{"0":{"start":{"line":2,"column":15},"end":{"line":2,"column":34}},"1":{"start":{"line":3,"column":13},"end":{"line":3,"column":30}},"2":{"start":{"line":7,"column":4},"end":{"line":7,"column":35}},"3":{"start":{"line":11,"column":4},"end":{"line":11,"column":39}},"4":{"start":{"line":15,"column":4},"end":{"line":17,"column":5}},"5":{"start":{"line":16,"column":6},"end":{"line":16,"column":61}},"6":{"start":{"line":18,"column":17},"end":{"line":18,"column":46}},"7":{"start":{"line":19,"column":4},"end":{"line":19,"column":29}},"8":{"start":{"line":23,"column":4},"end":{"line":25,"column":5}},"9":{"start":{"line":24,"column":6},"end":{"line":24,"column":64}},"10":{"start":{"line":29,"column":4},"end":{"line":32,"column":5}},"11":{"start":{"line":30,"column":6},"end":{"line":30,"column":61}},"12":{"start":{"line":31,"column":6},"end":{"line":31,"column":13}},"13":{"start":{"line":33,"column":4},"end":{"line":33,"column":42}},"14":{"start":{"line":37,"column":4},"end":{"line":45,"column":5}},"15":{"start":{"line":38,"column":30},"end":{"line":38,"column":32}},"16":{"start":{"line":39,"column":6},"end":{"line":41,"column":7}},"17":{"start":{"line":40,"column":8},"end":{"line":40,"column":39}},"18":{"start":{"line":42,"column":6},"end":{"line":42,"column":31}},"19":{"start":{"line":44,"column":6},"end":{"line":44,"column":33}},"20":{"start":{"line":49,"column":4},"end":{"line":57,"column":5}},"21":{"start":{"line":50,"column":17},"end":{"line":50,"column":18}},"22":{"start":{"line":51,"column":6},"end":{"line":53,"column":7}},"23":{"start":{"line":52,"column":8},"end":{"line":52,"column":15}},"24":{"start":{"line":54,"column":6},"end":{"line":54,"column":18}},"25":{"start":{"line":56,"column":6},"end":{"line":56,"column":33}},"26":{"start":{"line":61,"column":15},"end":{"line":61,"column":17}},"27":{"start":{"line":62,"column":17},"end":{"line":62,"column":19}},"28":{"start":{"line":65,"column":3},"end":{"line":65,"column":23}},"29":{"start":{"line":66,"column":3},"end":{"line":66,"column":22}},"30":{"start":{"line":67,"column":3},"end":{"line":79,"column":4}},"31":{"start":{"line":68,"column":19},"end":{"line":68,"column":30}},"32":{"start":{"line":69,"column":21},"end":{"line":69,"column":47}},"33":{"start":{"line":70,"column":5},"end":{"line":78,"column":6}},"34":{"start":{"line":71,"column":20},"end":{"line":71,"column":35}},"35":{"start":{"line":72,"column":7},"end":{"line":77,"column":8}},"36":{"start":{"line":73,"column":9},"end":{"line":73,"column":18}},"37":{"start":{"line":75,"column":9},"end":{"line":75,"column":30}},"38":{"start":{"line":76,"column":9},"end":{"line":76,"column":31}},"39":{"start":{"line":80,"column":14},"end":{"line":82,"column":5}},"40":{"start":{"line":81,"column":5},"end":{"line":81,"column":20}},"41":{"start":{"line":83,"column":3},"end":{"line":83,"column":28}},"42":{"start":{"line":89,"column":0},"end":{"line":89,"column":21}}},"fnMap":{"0":{"name":"(anonymous_0)","decl":{"start":{"line":6,"column":2},"end":{"line":6,"column":3}},"loc":{"start":{"line":6,"column":16},"end":{"line":8,"column":3}},"line":6},"1":{"name":"(anonymous_1)","decl":{"start":{"line":10,"column":2},"end":{"line":10,"column":3}},"loc":{"start":{"line":10,"column":20},"end":{"line":12,"column":3}},"line":10},"2":{"name":"(anonymous_2)","decl":{"start":{"line":14,"column":2},"end":{"line":14,"column":3}},"loc":{"start":{"line":14,"column":30},"end":{"line":20,"column":3}},"line":14},"3":{"name":"(anonymous_3)","decl":{"start":{"line":22,"column":2},"end":{"line":22,"column":3}},"loc":{"start":{"line":22,"column":12},"end":{"line":26,"column":3}},"line":22},"4":{"name":"(anonymous_4)","decl":{"start":{"line":28,"column":2},"end":{"line":28,"column":3}},"loc":{"start":{"line":28,"column":23},"end":{"line":34,"column":3}},"line":28},"5":{"name":"(anonymous_5)","decl":{"start":{"line":36,"column":2},"end":{"line":36,"column":3}},"loc":{"start":{"line":36,"column":12},"end":{"line":46,"column":3}},"line":36},"6":{"name":"(anonymous_6)","decl":{"start":{"line":48,"column":2},"end":{"line":48,"column":3}},"loc":{"start":{"line":48,"column":9},"end":{"line":58,"column":3}},"line":48},"7":{"name":"(anonymous_7)","decl":{"start":{"line":60,"column":2},"end":{"line":60,"column":3}},"loc":{"start":{"line":60,"column":20},"end":{"line":84,"column":3}},"line":60},"8":{"name":"(anonymous_8)","decl":{"start":{"line":80,"column":26},"end":{"line":80,"column":27}},"loc":{"start":{"line":80,"column":30},"end":{"line":82,"column":4}},"line":80}},"branchMap":{"0":{"loc":{"start":{"line":15,"column":4},"end":{"line":17,"column":5}},"type":"if","locations":[{"start":{"line":15,"column":4},"end":{"line":17,"column":5}},{"start":{"line":15,"column":4},"end":{"line":17,"column":5}}],"line":15},"1":{"loc":{"start":{"line":15,"column":8},"end":{"line":15,"column":70}},"type":"binary-expr","locations":[{"start":{"line":15,"column":8},"end":{"line":15,"column":38}},{"start":{"line":15,"column":42},"end":{"line":15,"column":70}}],"line":15},"2":{"loc":{"start":{"line":29,"column":4},"end":{"line":32,"column":5}},"type":"if","locations":[{"start":{"line":29,"column":4},"end":{"line":32,"column":5}},{"start":{"line":29,"column":4},"end":{"line":32,"column":5}}],"line":29},"3":{"loc":{"start":{"line":72,"column":7},"end":{"line":77,"column":8}},"type":"if","locations":[{"start":{"line":72,"column":7},"end":{"line":77,"column":8}},{"start":{"line":72,"column":7},"end":{"line":77,"column":8}}],"line":72}},"s":{"0":1,"1":1,"2":4,"3":14,"4":9,"5":1,"6":9,"7":9,"8":0,"9":0,"10":4,"11":0,"12":0,"13":4,"14":0,"15":0,"16":0,"17":0,"18":0,"19":0,"20":1,"21":1,"22":1,"23":6,"24":1,"25":0,"26":1,"27":1,"28":1,"29":1,"30":1,"31":4,"32":4,"33":4,"34":3,"35":3,"36":0,"37":3,"38":3,"39":1,"40":4,"41":1,"42":1},"f":{"0":4,"1":14,"2":9,"3":0,"4":4,"5":0,"6":1,"7":1,"8":4},"b":{"0":[1,8],"1":[9,9],"2":[0,4],"3":[0,3]},"_coverageSchema":"1a1c01bbd47fc00a2c39e90264f33305004495a9","hash":"9d59191437ecffc3c1b5f5328c73a38f8708deab"}
,"/home/qusaiqeisi/data-structures-and-algorithm/401-code-challange/class-36/vertex.js": {"path":"/home/qusaiqeisi/data-structures-and-algorithm/401-code-challange/class-36/vertex.js","statementMap":{"0":{"start":{"line":5,"column":8},"end":{"line":5,"column":27}},"1":{"start":{"line":9,"column":0},"end":{"line":9,"column":24}}},"fnMap":{"0":{"name":"(anonymous_0)","decl":{"start":{"line":4,"column":4},"end":{"line":4,"column":5}},"loc":{"start":{"line":4,"column":23},"end":{"line":6,"column":5}},"line":4}},"branchMap":{},"s":{"0":15,"1":1},"f":{"0":15},"b":{},"_coverageSchema":"1a1c01bbd47fc00a2c39e90264f33305004495a9","hash":"ab96060cb6c96db7bb98a81ecf52341da51d8b69"}
}
