TN:
SF:edge.js
FN:4,(anonymous_0)
FNF:1
FNH:1
FNDA:9,(anonymous_0)
DA:5,9
DA:6,9
DA:9,1
LF:3
LH:3
BRDA:4,0,0,9
BRF:1
BRH:1
end_of_record
TN:
SF:graph.js
FN:6,(anonymous_0)
FN:10,(anonymous_1)
FN:14,(anonymous_2)
FN:22,(anonymous_3)
FN:28,(anonymous_4)
FN:36,(anonymous_5)
FN:48,(anonymous_6)
FN:60,(anonymous_7)
FN:80,(anonymous_8)
FNF:9
FNH:7
FNDA:4,(anonymous_0)
FNDA:14,(anonymous_1)
FNDA:9,(anonymous_2)
FNDA:0,(anonymous_3)
FNDA:4,(anonymous_4)
FNDA:0,(anonymous_5)
FNDA:1,(anonymous_6)
FNDA:1,(anonymous_7)
FNDA:4,(anonymous_8)
DA:2,1
DA:3,1
DA:7,4
DA:11,14
DA:15,9
DA:16,1
DA:18,9
DA:19,9
DA:23,0
DA:24,0
DA:29,4
DA:30,0
DA:31,0
DA:33,4
DA:37,0
DA:38,0
DA:39,0
DA:40,0
DA:42,0
DA:44,0
DA:49,1
DA:50,1
DA:51,1
DA:52,6
DA:54,1
DA:56,0
DA:61,1
DA:62,1
DA:65,1
DA:66,1
DA:67,1
DA:68,4
DA:69,4
DA:70,4
DA:71,3
DA:72,3
DA:73,0
DA:75,3
DA:76,3
DA:80,1
DA:81,4
DA:83,1
DA:89,1
LF:43
LH:31
BRDA:15,0,0,1
BRDA:15,0,1,8
BRDA:15,1,0,9
BRDA:15,1,1,9
BRDA:29,2,0,0
BRDA:29,2,1,4
BRDA:72,3,0,0
BRDA:72,3,1,3
BRF:8
BRH:6
end_of_record
TN:
SF:vertex.js
FN:4,(anonymous_0)
FNF:1
FNH:1
FNDA:15,(anonymous_0)
DA:5,15
DA:9,1
LF:2
LH:2
BRF:0
BRH:0
end_of_record
