<?xml version="1.0" encoding="UTF-8"?>
<coverage generated="1632561536256" clover="3.2.0">
  <project timestamp="1632561536257" name="All files">
    <metrics statements="32" coveredstatements="32" conditionals="13" coveredconditionals="12" methods="9" coveredmethods="9" elements="54" coveredelements="53" complexity="0" loc="32" ncloc="32" packages="1" files="3" classes="3"/>
    <file name="edge.js" path="/home/qusaiqeisi/data-structures-and-algorithm/401-code-challange/class-35/edge.js">
      <metrics statements="3" coveredstatements="3" conditionals="1" coveredconditionals="1" methods="1" coveredmethods="1"/>
      <line num="5" count="4" type="stmt"/>
      <line num="6" count="4" type="stmt"/>
      <line num="9" count="1" type="stmt"/>
    </file>
    <file name="graph.js" path="/home/qusaiqeisi/data-structures-and-algorithm/401-code-challange/class-35/graph.js">
      <metrics statements="27" coveredstatements="27" conditionals="12" coveredconditionals="11" methods="7" coveredmethods="7"/>
      <line num="1" count="1" type="stmt"/>
      <line num="2" count="1" type="stmt"/>
      <line num="7" count="2" type="stmt"/>
      <line num="11" count="4" type="stmt"/>
      <line num="12" count="4" type="stmt"/>
      <line num="15" count="5" type="cond" truecount="2" falsecount="0"/>
      <line num="19" count="1" type="stmt"/>
      <line num="21" count="4" type="stmt"/>
      <line num="22" count="4" type="stmt"/>
      <line num="25" count="5" type="stmt"/>
      <line num="26" count="5" type="stmt"/>
      <line num="28" count="20" type="cond" truecount="2" falsecount="0"/>
      <line num="29" count="13" type="stmt"/>
      <line num="30" count="13" type="stmt"/>
      <line num="31" count="17" type="stmt"/>
      <line num="34" count="7" type="stmt"/>
      <line num="36" count="20" type="stmt"/>
      <line num="38" count="5" type="stmt"/>
      <line num="42" count="4" type="stmt"/>
      <line num="43" count="10" type="cond" truecount="2" falsecount="0"/>
      <line num="44" count="4" type="stmt"/>
      <line num="50" count="1" type="cond" truecount="1" falsecount="1"/>
      <line num="51" count="1" type="stmt"/>
      <line num="56" count="2" type="cond" truecount="2" falsecount="0"/>
      <line num="57" count="1" type="stmt"/>
      <line num="59" count="1" type="stmt"/>
      <line num="64" count="1" type="stmt"/>
    </file>
    <file name="vertex.js" path="/home/qusaiqeisi/data-structures-and-algorithm/401-code-challange/class-35/vertex.js">
      <metrics statements="2" coveredstatements="2" conditionals="0" coveredconditionals="0" methods="1" coveredmethods="1"/>
      <line num="5" count="5" type="stmt"/>
      <line num="9" count="1" type="stmt"/>
    </file>
  </project>
</coverage>
