{"/home/qusaiqeisi/data-structures-and-algorithm/401-code-challange/class-35/edge.js": {"path":"/home/qusaiqeisi/data-structures-and-algorithm/401-code-challange/class-35/edge.js","statementMap":{"0":{"start":{"line":5,"column":8},"end":{"line":5,"column":29}},"1":{"start":{"line":6,"column":8},"end":{"line":6,"column":29}},"2":{"start":{"line":9,"column":0},"end":{"line":9,"column":22}}},"fnMap":{"0":{"name":"(anonymous_0)","decl":{"start":{"line":4,"column":4},"end":{"line":4,"column":5}},"loc":{"start":{"line":4,"column":36},"end":{"line":7,"column":5}},"line":4}},"branchMap":{"0":{"loc":{"start":{"line":4,"column":24},"end":{"line":4,"column":34}},"type":"default-arg","locations":[{"start":{"line":4,"column":33},"end":{"line":4,"column":34}}],"line":4}},"s":{"0":4,"1":4,"2":1},"f":{"0":4},"b":{"0":[4]},"_coverageSchema":"1a1c01bbd47fc00a2c39e90264f33305004495a9","hash":"69b8e1a003f2a81df8722d25e6af21a300582741"}
,"/home/qusaiqeisi/data-structures-and-algorithm/401-code-challange/class-35/graph.js": {"path":"/home/qusaiqeisi/data-structures-and-algorithm/401-code-challange/class-35/graph.js","statementMap":{"0":{"start":{"line":1,"column":15},"end":{"line":1,"column":34}},"1":{"start":{"line":2,"column":13},"end":{"line":2,"column":30}},"2":{"start":{"line":7,"column":6},"end":{"line":7,"column":38}},"3":{"start":{"line":11,"column":6},"end":{"line":11,"column":42}},"4":{"start":{"line":12,"column":6},"end":{"line":12,"column":20}},"5":{"start":{"line":15,"column":6},"end":{"line":20,"column":7}},"6":{"start":{"line":19,"column":8},"end":{"line":19,"column":32}},"7":{"start":{"line":21,"column":26},"end":{"line":21,"column":62}},"8":{"start":{"line":22,"column":6},"end":{"line":22,"column":44}},"9":{"start":{"line":25,"column":16},"end":{"line":25,"column":18}},"10":{"start":{"line":26,"column":6},"end":{"line":37,"column":7}},"11":{"start":{"line":28,"column":8},"end":{"line":35,"column":9}},"12":{"start":{"line":29,"column":10},"end":{"line":29,"column":19}},"13":{"start":{"line":30,"column":10},"end":{"line":32,"column":11}},"14":{"start":{"line":30,"column":23},"end":{"line":30,"column":24}},"15":{"start":{"line":31,"column":12},"end":{"line":31,"column":46}},"16":{"start":{"line":34,"column":10},"end":{"line":34,"column":21}},"17":{"start":{"line":36,"column":8},"end":{"line":36,"column":67}},"18":{"start":{"line":38,"column":6},"end":{"line":38,"column":17}},"19":{"start":{"line":42,"column":6},"end":{"line":46,"column":7}},"20":{"start":{"line":43,"column":8},"end":{"line":45,"column":9}},"21":{"start":{"line":44,"column":10},"end":{"line":44,"column":22}},"22":{"start":{"line":50,"column":6},"end":{"line":52,"column":7}},"23":{"start":{"line":51,"column":8},"end":{"line":51,"column":31}},"24":{"start":{"line":56,"column":6},"end":{"line":60,"column":7}},"25":{"start":{"line":57,"column":8},"end":{"line":57,"column":40}},"26":{"start":{"line":59,"column":8},"end":{"line":59,"column":20}},"27":{"start":{"line":64,"column":2},"end":{"line":64,"column":43}}},"fnMap":{"0":{"name":"(anonymous_0)","decl":{"start":{"line":6,"column":4},"end":{"line":6,"column":5}},"loc":{"start":{"line":6,"column":18},"end":{"line":8,"column":5}},"line":6},"1":{"name":"(anonymous_1)","decl":{"start":{"line":9,"column":4},"end":{"line":9,"column":5}},"loc":{"start":{"line":9,"column":22},"end":{"line":13,"column":5}},"line":9},"2":{"name":"(anonymous_2)","decl":{"start":{"line":14,"column":4},"end":{"line":14,"column":5}},"loc":{"start":{"line":14,"column":44},"end":{"line":23,"column":5}},"line":14},"3":{"name":"(anonymous_3)","decl":{"start":{"line":24,"column":4},"end":{"line":24,"column":5}},"loc":{"start":{"line":24,"column":15},"end":{"line":39,"column":5}},"line":24},"4":{"name":"(anonymous_4)","decl":{"start":{"line":41,"column":4},"end":{"line":41,"column":5}},"loc":{"start":{"line":41,"column":23},"end":{"line":47,"column":5}},"line":41},"5":{"name":"(anonymous_5)","decl":{"start":{"line":49,"column":4},"end":{"line":49,"column":5}},"loc":{"start":{"line":49,"column":25},"end":{"line":53,"column":5}},"line":49},"6":{"name":"(anonymous_6)","decl":{"start":{"line":55,"column":4},"end":{"line":55,"column":5}},"loc":{"start":{"line":55,"column":11},"end":{"line":61,"column":5}},"line":55}},"branchMap":{"0":{"loc":{"start":{"line":15,"column":6},"end":{"line":20,"column":7}},"type":"if","locations":[{"start":{"line":15,"column":6},"end":{"line":20,"column":7}},{"start":{"line":15,"column":6},"end":{"line":20,"column":7}}],"line":15},"1":{"loc":{"start":{"line":16,"column":8},"end":{"line":17,"column":43}},"type":"binary-expr","locations":[{"start":{"line":16,"column":8},"end":{"line":16,"column":45}},{"start":{"line":17,"column":8},"end":{"line":17,"column":43}}],"line":16},"2":{"loc":{"start":{"line":28,"column":8},"end":{"line":35,"column":9}},"type":"if","locations":[{"start":{"line":28,"column":8},"end":{"line":35,"column":9}},{"start":{"line":28,"column":8},"end":{"line":35,"column":9}}],"line":28},"3":{"loc":{"start":{"line":43,"column":8},"end":{"line":45,"column":9}},"type":"if","locations":[{"start":{"line":43,"column":8},"end":{"line":45,"column":9}},{"start":{"line":43,"column":8},"end":{"line":45,"column":9}}],"line":43},"4":{"loc":{"start":{"line":50,"column":6},"end":{"line":52,"column":7}},"type":"if","locations":[{"start":{"line":50,"column":6},"end":{"line":52,"column":7}},{"start":{"line":50,"column":6},"end":{"line":52,"column":7}}],"line":50},"5":{"loc":{"start":{"line":56,"column":6},"end":{"line":60,"column":7}},"type":"if","locations":[{"start":{"line":56,"column":6},"end":{"line":60,"column":7}},{"start":{"line":56,"column":6},"end":{"line":60,"column":7}}],"line":56}},"s":{"0":1,"1":1,"2":2,"3":4,"4":4,"5":5,"6":1,"7":4,"8":4,"9":5,"10":5,"11":20,"12":13,"13":13,"14":13,"15":17,"16":7,"17":20,"18":5,"19":4,"20":10,"21":4,"22":1,"23":1,"24":2,"25":1,"26":1,"27":1},"f":{"0":2,"1":4,"2":5,"3":5,"4":4,"5":1,"6":2},"b":{"0":[1,4],"1":[5,4],"2":[13,7],"3":[4,6],"4":[1,0],"5":[1,1]},"_coverageSchema":"1a1c01bbd47fc00a2c39e90264f33305004495a9","hash":"c35047d9ca037390a05a2adfd80007c6d39be079"}
,"/home/qusaiqeisi/data-structures-and-algorithm/401-code-challange/class-35/vertex.js": {"path":"/home/qusaiqeisi/data-structures-and-algorithm/401-code-challange/class-35/vertex.js","statementMap":{"0":{"start":{"line":5,"column":8},"end":{"line":5,"column":27}},"1":{"start":{"line":9,"column":0},"end":{"line":9,"column":24}}},"fnMap":{"0":{"name":"(anonymous_0)","decl":{"start":{"line":4,"column":4},"end":{"line":4,"column":5}},"loc":{"start":{"line":4,"column":23},"end":{"line":6,"column":5}},"line":4}},"branchMap":{},"s":{"0":5,"1":1},"f":{"0":5},"b":{},"_coverageSchema":"1a1c01bbd47fc00a2c39e90264f33305004495a9","hash":"e23fb290b7effba6250c50bdb6fd08f39fc15cc8"}
}
