TN:
SF:edge.js
FN:4,(anonymous_0)
FNF:1
FNH:1
FNDA:4,(anonymous_0)
DA:5,4
DA:6,4
DA:9,1
LF:3
LH:3
BRDA:4,0,0,4
BRF:1
BRH:1
end_of_record
TN:
SF:graph.js
FN:6,(anonymous_0)
FN:9,(anonymous_1)
FN:14,(anonymous_2)
FN:24,(anonymous_3)
FN:41,(anonymous_4)
FN:49,(anonymous_5)
FN:55,(anonymous_6)
FNF:7
FNH:7
FNDA:2,(anonymous_0)
FNDA:4,(anonymous_1)
FNDA:5,(anonymous_2)
FNDA:5,(anonymous_3)
FNDA:4,(anonymous_4)
FNDA:1,(anonymous_5)
FNDA:2,(anonymous_6)
DA:1,1
DA:2,1
DA:7,2
DA:11,4
DA:12,4
DA:15,5
DA:19,1
DA:21,4
DA:22,4
DA:25,5
DA:26,5
DA:28,20
DA:29,13
DA:30,13
DA:31,17
DA:34,7
DA:36,20
DA:38,5
DA:42,4
DA:43,10
DA:44,4
DA:50,1
DA:51,1
DA:56,2
DA:57,1
DA:59,1
DA:64,1
LF:27
LH:27
BRDA:15,0,0,1
BRDA:15,0,1,4
BRDA:16,1,0,5
BRDA:16,1,1,4
BRDA:28,2,0,13
BRDA:28,2,1,7
BRDA:43,3,0,4
BRDA:43,3,1,6
BRDA:50,4,0,1
BRDA:50,4,1,0
BRDA:56,5,0,1
BRDA:56,5,1,1
BRF:12
BRH:11
end_of_record
TN:
SF:vertex.js
FN:4,(anonymous_0)
FNF:1
FNH:1
FNDA:5,(anonymous_0)
DA:5,5
DA:9,1
LF:2
LH:2
BRF:0
BRH:0
end_of_record
