{"/home/qusaiqeisi/data-structures-and-algorithm/401-code-challange/class-16/BinaryTree.js": {"path":"/home/qusaiqeisi/data-structures-and-algorithm/401-code-challange/class-16/BinaryTree.js","statementMap":{"0":{"start":{"line":5,"column":4},"end":{"line":5,"column":21}},"1":{"start":{"line":8,"column":17},"end":{"line":8,"column":19}},"2":{"start":{"line":9,"column":18},"end":{"line":17,"column":5}},"3":{"start":{"line":10,"column":6},"end":{"line":10,"column":30}},"4":{"start":{"line":11,"column":6},"end":{"line":13,"column":7}},"5":{"start":{"line":12,"column":8},"end":{"line":12,"column":27}},"6":{"start":{"line":14,"column":6},"end":{"line":16,"column":7}},"7":{"start":{"line":15,"column":8},"end":{"line":15,"column":28}},"8":{"start":{"line":18,"column":4},"end":{"line":18,"column":23}},"9":{"start":{"line":19,"column":4},"end":{"line":19,"column":18}},"10":{"start":{"line":23,"column":17},"end":{"line":23,"column":19}},"11":{"start":{"line":24,"column":18},"end":{"line":32,"column":5}},"12":{"start":{"line":25,"column":6},"end":{"line":27,"column":7}},"13":{"start":{"line":26,"column":8},"end":{"line":26,"column":27}},"14":{"start":{"line":28,"column":6},"end":{"line":28,"column":30}},"15":{"start":{"line":29,"column":6},"end":{"line":31,"column":7}},"16":{"start":{"line":30,"column":8},"end":{"line":30,"column":28}},"17":{"start":{"line":33,"column":4},"end":{"line":33,"column":23}},"18":{"start":{"line":34,"column":4},"end":{"line":34,"column":18}},"19":{"start":{"line":38,"column":17},"end":{"line":38,"column":19}},"20":{"start":{"line":39,"column":18},"end":{"line":47,"column":5}},"21":{"start":{"line":40,"column":6},"end":{"line":42,"column":7}},"22":{"start":{"line":41,"column":8},"end":{"line":41,"column":27}},"23":{"start":{"line":43,"column":6},"end":{"line":45,"column":7}},"24":{"start":{"line":44,"column":8},"end":{"line":44,"column":28}},"25":{"start":{"line":46,"column":6},"end":{"line":46,"column":30}},"26":{"start":{"line":48,"column":4},"end":{"line":48,"column":23}},"27":{"start":{"line":49,"column":4},"end":{"line":49,"column":18}},"28":{"start":{"line":53,"column":4},"end":{"line":55,"column":5}},"29":{"start":{"line":54,"column":6},"end":{"line":54,"column":32}},"30":{"start":{"line":56,"column":20},"end":{"line":56,"column":35}},"31":{"start":{"line":57,"column":18},"end":{"line":61,"column":5}},"32":{"start":{"line":58,"column":6},"end":{"line":58,"column":40}},"33":{"start":{"line":58,"column":21},"end":{"line":58,"column":40}},"34":{"start":{"line":59,"column":6},"end":{"line":59,"column":42}},"35":{"start":{"line":59,"column":22},"end":{"line":59,"column":42}},"36":{"start":{"line":60,"column":6},"end":{"line":60,"column":57}},"37":{"start":{"line":60,"column":34},"end":{"line":60,"column":57}},"38":{"start":{"line":63,"column":4},"end":{"line":63,"column":23}},"39":{"start":{"line":64,"column":4},"end":{"line":64,"column":21}},"40":{"start":{"line":68,"column":0},"end":{"line":68,"column":28}}},"fnMap":{"0":{"name":"(anonymous_0)","decl":{"start":{"line":4,"column":2},"end":{"line":4,"column":3}},"loc":{"start":{"line":4,"column":16},"end":{"line":6,"column":3}},"line":4},"1":{"name":"(anonymous_1)","decl":{"start":{"line":7,"column":2},"end":{"line":7,"column":3}},"loc":{"start":{"line":7,"column":13},"end":{"line":20,"column":3}},"line":7},"2":{"name":"(anonymous_2)","decl":{"start":{"line":9,"column":18},"end":{"line":9,"column":19}},"loc":{"start":{"line":9,"column":28},"end":{"line":17,"column":5}},"line":9},"3":{"name":"(anonymous_3)","decl":{"start":{"line":22,"column":2},"end":{"line":22,"column":3}},"loc":{"start":{"line":22,"column":12},"end":{"line":35,"column":3}},"line":22},"4":{"name":"(anonymous_4)","decl":{"start":{"line":24,"column":18},"end":{"line":24,"column":19}},"loc":{"start":{"line":24,"column":28},"end":{"line":32,"column":5}},"line":24},"5":{"name":"(anonymous_5)","decl":{"start":{"line":37,"column":2},"end":{"line":37,"column":3}},"loc":{"start":{"line":37,"column":14},"end":{"line":50,"column":3}},"line":37},"6":{"name":"(anonymous_6)","decl":{"start":{"line":39,"column":18},"end":{"line":39,"column":19}},"loc":{"start":{"line":39,"column":28},"end":{"line":47,"column":5}},"line":39},"7":{"name":"(anonymous_7)","decl":{"start":{"line":52,"column":2},"end":{"line":52,"column":3}},"loc":{"start":{"line":52,"column":21},"end":{"line":65,"column":3}},"line":52},"8":{"name":"(anonymous_8)","decl":{"start":{"line":57,"column":18},"end":{"line":57,"column":19}},"loc":{"start":{"line":57,"column":28},"end":{"line":61,"column":5}},"line":57}},"branchMap":{"0":{"loc":{"start":{"line":11,"column":6},"end":{"line":13,"column":7}},"type":"if","locations":[{"start":{"line":11,"column":6},"end":{"line":13,"column":7}},{"start":{"line":11,"column":6},"end":{"line":13,"column":7}}],"line":11},"1":{"loc":{"start":{"line":14,"column":6},"end":{"line":16,"column":7}},"type":"if","locations":[{"start":{"line":14,"column":6},"end":{"line":16,"column":7}},{"start":{"line":14,"column":6},"end":{"line":16,"column":7}}],"line":14},"2":{"loc":{"start":{"line":25,"column":6},"end":{"line":27,"column":7}},"type":"if","locations":[{"start":{"line":25,"column":6},"end":{"line":27,"column":7}},{"start":{"line":25,"column":6},"end":{"line":27,"column":7}}],"line":25},"3":{"loc":{"start":{"line":29,"column":6},"end":{"line":31,"column":7}},"type":"if","locations":[{"start":{"line":29,"column":6},"end":{"line":31,"column":7}},{"start":{"line":29,"column":6},"end":{"line":31,"column":7}}],"line":29},"4":{"loc":{"start":{"line":40,"column":6},"end":{"line":42,"column":7}},"type":"if","locations":[{"start":{"line":40,"column":6},"end":{"line":42,"column":7}},{"start":{"line":40,"column":6},"end":{"line":42,"column":7}}],"line":40},"5":{"loc":{"start":{"line":43,"column":6},"end":{"line":45,"column":7}},"type":"if","locations":[{"start":{"line":43,"column":6},"end":{"line":45,"column":7}},{"start":{"line":43,"column":6},"end":{"line":45,"column":7}}],"line":43},"6":{"loc":{"start":{"line":53,"column":4},"end":{"line":55,"column":5}},"type":"if","locations":[{"start":{"line":53,"column":4},"end":{"line":55,"column":5}},{"start":{"line":53,"column":4},"end":{"line":55,"column":5}}],"line":53},"7":{"loc":{"start":{"line":58,"column":6},"end":{"line":58,"column":40}},"type":"if","locations":[{"start":{"line":58,"column":6},"end":{"line":58,"column":40}},{"start":{"line":58,"column":6},"end":{"line":58,"column":40}}],"line":58},"8":{"loc":{"start":{"line":59,"column":6},"end":{"line":59,"column":42}},"type":"if","locations":[{"start":{"line":59,"column":6},"end":{"line":59,"column":42}},{"start":{"line":59,"column":6},"end":{"line":59,"column":42}}],"line":59},"9":{"loc":{"start":{"line":60,"column":6},"end":{"line":60,"column":57}},"type":"if","locations":[{"start":{"line":60,"column":6},"end":{"line":60,"column":57}},{"start":{"line":60,"column":6},"end":{"line":60,"column":57}}],"line":60}},"s":{"0":2,"1":0,"2":0,"3":0,"4":0,"5":0,"6":0,"7":0,"8":0,"9":0,"10":0,"11":0,"12":0,"13":0,"14":0,"15":0,"16":0,"17":0,"18":0,"19":0,"20":0,"21":0,"22":0,"23":0,"24":0,"25":0,"26":0,"27":0,"28":2,"29":1,"30":1,"31":1,"32":5,"33":2,"34":5,"35":2,"36":5,"37":3,"38":1,"39":1,"40":1},"f":{"0":2,"1":0,"2":0,"3":0,"4":0,"5":0,"6":0,"7":2,"8":5},"b":{"0":[0,0],"1":[0,0],"2":[0,0],"3":[0,0],"4":[0,0],"5":[0,0],"6":[1,1],"7":[2,3],"8":[2,3],"9":[3,2]},"_coverageSchema":"1a1c01bbd47fc00a2c39e90264f33305004495a9","hash":"f4d6d128d547435c16f64e804ff23b94502571e9"}
,"/home/qusaiqeisi/data-structures-and-algorithm/401-code-challange/class-16/node.js": {"path":"/home/qusaiqeisi/data-structures-and-algorithm/401-code-challange/class-16/node.js","statementMap":{"0":{"start":{"line":7,"column":8},"end":{"line":7,"column":27}},"1":{"start":{"line":8,"column":8},"end":{"line":8,"column":23}},"2":{"start":{"line":9,"column":8},"end":{"line":9,"column":25}},"3":{"start":{"line":13,"column":0},"end":{"line":13,"column":20}}},"fnMap":{"0":{"name":"(anonymous_0)","decl":{"start":{"line":5,"column":4},"end":{"line":5,"column":5}},"loc":{"start":{"line":5,"column":43},"end":{"line":10,"column":5}},"line":5}},"branchMap":{"0":{"loc":{"start":{"line":5,"column":22},"end":{"line":5,"column":31}},"type":"default-arg","locations":[{"start":{"line":5,"column":27},"end":{"line":5,"column":31}}],"line":5},"1":{"loc":{"start":{"line":5,"column":32},"end":{"line":5,"column":42}},"type":"default-arg","locations":[{"start":{"line":5,"column":38},"end":{"line":5,"column":42}}],"line":5}},"s":{"0":5,"1":5,"2":5,"3":1},"f":{"0":5},"b":{"0":[5],"1":[5]},"_coverageSchema":"1a1c01bbd47fc00a2c39e90264f33305004495a9","hash":"98184a060b5108a21524313584313fecaa3cc759"}
}
