TN:
SF:BinaryTree.js
FN:4,(anonymous_0)
FN:7,(anonymous_1)
FN:9,(anonymous_2)
FN:22,(anonymous_3)
FN:24,(anonymous_4)
FN:37,(anonymous_5)
FN:39,(anonymous_6)
FN:52,(anonymous_7)
FN:57,(anonymous_8)
FNF:9
FNH:3
FNDA:2,(anonymous_0)
FNDA:0,(anonymous_1)
FNDA:0,(anonymous_2)
FNDA:0,(anonymous_3)
FNDA:0,(anonymous_4)
FNDA:0,(anonymous_5)
FNDA:0,(anonymous_6)
FNDA:2,(anonymous_7)
FNDA:5,(anonymous_8)
DA:5,2
DA:8,0
DA:9,0
DA:10,0
DA:11,0
DA:12,0
DA:14,0
DA:15,0
DA:18,0
DA:19,0
DA:23,0
DA:24,0
DA:25,0
DA:26,0
DA:28,0
DA:29,0
DA:30,0
DA:33,0
DA:34,0
DA:38,0
DA:39,0
DA:40,0
DA:41,0
DA:43,0
DA:44,0
DA:46,0
DA:48,0
DA:49,0
DA:53,2
DA:54,1
DA:56,1
DA:57,1
DA:58,5
DA:59,5
DA:60,5
DA:63,1
DA:64,1
DA:68,1
LF:38
LH:11
BRDA:11,0,0,0
BRDA:11,0,1,0
BRDA:14,1,0,0
BRDA:14,1,1,0
BRDA:25,2,0,0
BRDA:25,2,1,0
BRDA:29,3,0,0
BRDA:29,3,1,0
BRDA:40,4,0,0
BRDA:40,4,1,0
BRDA:43,5,0,0
BRDA:43,5,1,0
BRDA:53,6,0,1
BRDA:53,6,1,1
BRDA:58,7,0,2
BRDA:58,7,1,3
BRDA:59,8,0,2
BRDA:59,8,1,3
BRDA:60,9,0,3
BRDA:60,9,1,2
BRF:20
BRH:8
end_of_record
TN:
SF:node.js
FN:5,(anonymous_0)
FNF:1
FNH:1
FNDA:5,(anonymous_0)
DA:7,5
DA:8,5
DA:9,5
DA:13,1
LF:4
LH:4
BRDA:5,0,0,5
BRDA:5,1,0,5
BRF:2
BRH:2
end_of_record
