{"/home/qusaiqeisi/data-structures-and-algorithm/401-code-challange/class-39/graph.js": {"path":"/home/qusaiqeisi/data-structures-and-algorithm/401-code-challange/class-39/graph.js","statementMap":{"0":{"start":{"line":3,"column":4},"end":{"line":3,"column":19}},"1":{"start":{"line":4,"column":4},"end":{"line":4,"column":19}},"2":{"start":{"line":9,"column":16},"end":{"line":9,"column":18}},"3":{"start":{"line":10,"column":4},"end":{"line":17,"column":9}},"4":{"start":{"line":10,"column":17},"end":{"line":10,"column":18}},"5":{"start":{"line":11,"column":8},"end":{"line":11,"column":30}},"6":{"start":{"line":12,"column":12},"end":{"line":14,"column":13}},"7":{"start":{"line":12,"column":25},"end":{"line":12,"column":26}},"8":{"start":{"line":13,"column":15},"end":{"line":13,"column":44}},"9":{"start":{"line":15,"column":8},"end":{"line":15,"column":20}},"10":{"start":{"line":16,"column":11},"end":{"line":16,"column":28}},"11":{"start":{"line":18,"column":8},"end":{"line":18,"column":31}},"12":{"start":{"line":22,"column":16},"end":{"line":22,"column":17}},"13":{"start":{"line":23,"column":17},"end":{"line":23,"column":19}},"14":{"start":{"line":25,"column":8},"end":{"line":26,"column":25}},"15":{"start":{"line":25,"column":21},"end":{"line":25,"column":22}},"16":{"start":{"line":26,"column":12},"end":{"line":26,"column":25}},"17":{"start":{"line":28,"column":8},"end":{"line":28,"column":27}},"18":{"start":{"line":29,"column":8},"end":{"line":29,"column":27}},"19":{"start":{"line":30,"column":8},"end":{"line":30,"column":27}},"20":{"start":{"line":31,"column":8},"end":{"line":31,"column":27}},"21":{"start":{"line":32,"column":8},"end":{"line":32,"column":27}},"22":{"start":{"line":33,"column":8},"end":{"line":33,"column":27}},"23":{"start":{"line":34,"column":8},"end":{"line":34,"column":27}},"24":{"start":{"line":35,"column":11},"end":{"line":35,"column":40}},"25":{"start":{"line":37,"column":0},"end":{"line":37,"column":37}}},"fnMap":{"0":{"name":"addEdge","decl":{"start":{"line":1,"column":9},"end":{"line":1,"column":16}},"loc":{"start":{"line":2,"column":0},"end":{"line":5,"column":1}},"line":2},"1":{"name":"printGraph","decl":{"start":{"line":7,"column":9},"end":{"line":7,"column":19}},"loc":{"start":{"line":8,"column":0},"end":{"line":19,"column":1}},"line":8}},"branchMap":{},"s":{"0":14,"1":14,"2":2,"3":2,"4":2,"5":10,"6":10,"7":10,"8":28,"9":10,"10":10,"11":2,"12":1,"13":1,"14":1,"15":1,"16":5,"17":1,"18":1,"19":1,"20":1,"21":1,"22":1,"23":1,"24":1,"25":1},"f":{"0":14,"1":2},"b":{},"_coverageSchema":"1a1c01bbd47fc00a2c39e90264f33305004495a9","hash":"089022aa8ff89de0115f6fa3efd23039a0c74ea3"}
}
