<?xml version="1.0" encoding="UTF-8"?>
<coverage generated="1629893232601" clover="3.2.0">
  <project timestamp="1629893232602" name="All files">
    <metrics statements="66" coveredstatements="36" conditionals="19" coveredconditionals="6" methods="12" coveredmethods="6" elements="97" coveredelements="48" complexity="0" loc="66" ncloc="66" packages="1" files="3" classes="3"/>
    <file name="DuckDuckGoose.js" path="/home/qusaiqeisi/data-structures-and-algorithm/401-code-challange/class-14/DuckDuckGoose.js">
      <metrics statements="36" coveredstatements="14" conditionals="10" coveredconditionals="2" methods="6" coveredmethods="2"/>
      <line num="3" count="1" type="stmt"/>
      <line num="7" count="4" type="stmt"/>
      <line num="8" count="4" type="stmt"/>
      <line num="9" count="4" type="stmt"/>
      <line num="12" count="4" type="stmt"/>
      <line num="14" count="4" type="stmt"/>
      <line num="16" count="4" type="stmt"/>
      <line num="17" count="44" type="stmt"/>
      <line num="18" count="44" type="cond" truecount="2" falsecount="0"/>
      <line num="19" count="28" type="stmt"/>
      <line num="21" count="16" type="stmt"/>
      <line num="22" count="16" type="stmt"/>
      <line num="24" count="44" type="stmt"/>
      <line num="29" count="0" type="stmt"/>
      <line num="31" count="0" type="cond" truecount="0" falsecount="2"/>
      <line num="32" count="0" type="stmt"/>
      <line num="33" count="0" type="stmt"/>
      <line num="34" count="0" type="stmt"/>
      <line num="36" count="0" type="stmt"/>
      <line num="37" count="0" type="stmt"/>
      <line num="38" count="0" type="stmt"/>
      <line num="43" count="0" type="cond" truecount="0" falsecount="2"/>
      <line num="44" count="0" type="stmt"/>
      <line num="45" count="0" type="stmt"/>
      <line num="46" count="0" type="stmt"/>
      <line num="47" count="0" type="stmt"/>
      <line num="48" count="0" type="stmt"/>
      <line num="50" count="0" type="stmt"/>
      <line num="56" count="0" type="cond" truecount="0" falsecount="2"/>
      <line num="57" count="0" type="stmt"/>
      <line num="58" count="0" type="stmt"/>
      <line num="60" count="0" type="stmt"/>
      <line num="65" count="0" type="cond" truecount="0" falsecount="2"/>
      <line num="66" count="0" type="stmt"/>
      <line num="68" count="0" type="stmt"/>
      <line num="72" count="1" type="stmt"/>
    </file>
    <file name="Queue.js" path="/home/qusaiqeisi/data-structures-and-algorithm/401-code-challange/class-14/Queue.js">
      <metrics statements="27" coveredstatements="19" conditionals="8" coveredconditionals="3" methods="5" coveredmethods="3"/>
      <line num="2" count="1" type="stmt"/>
      <line num="6" count="5" type="stmt"/>
      <line num="7" count="5" type="stmt"/>
      <line num="8" count="5" type="stmt"/>
      <line num="11" count="53" type="stmt"/>
      <line num="13" count="53" type="cond" truecount="2" falsecount="0"/>
      <line num="14" count="48" type="stmt"/>
      <line num="15" count="48" type="stmt"/>
      <line num="16" count="48" type="stmt"/>
      <line num="18" count="5" type="stmt"/>
      <line num="19" count="5" type="stmt"/>
      <line num="20" count="5" type="stmt"/>
      <line num="25" count="44" type="cond" truecount="1" falsecount="1"/>
      <line num="26" count="44" type="stmt"/>
      <line num="27" count="44" type="stmt"/>
      <line num="28" count="44" type="stmt"/>
      <line num="29" count="44" type="stmt"/>
      <line num="30" count="44" type="stmt"/>
      <line num="32" count="0" type="stmt"/>
      <line num="38" count="0" type="cond" truecount="0" falsecount="2"/>
      <line num="39" count="0" type="stmt"/>
      <line num="40" count="0" type="stmt"/>
      <line num="42" count="0" type="stmt"/>
      <line num="47" count="0" type="cond" truecount="0" falsecount="2"/>
      <line num="48" count="0" type="stmt"/>
      <line num="50" count="0" type="stmt"/>
      <line num="55" count="1" type="stmt"/>
    </file>
    <file name="node.js" path="/home/qusaiqeisi/data-structures-and-algorithm/401-code-challange/class-14/node.js">
      <metrics statements="3" coveredstatements="3" conditionals="1" coveredconditionals="1" methods="1" coveredmethods="1"/>
      <line num="5" count="53" type="stmt"/>
      <line num="6" count="53" type="stmt"/>
      <line num="10" count="1" type="stmt"/>
    </file>
  </project>
</coverage>
