TN:
SF:DuckDuckGoose.js
FN:6,(anonymous_0)
FN:11,(anonymous_1)
FN:28,(anonymous_2)
FN:42,(anonymous_3)
FN:54,(anonymous_4)
FN:64,(anonymous_5)
FNF:6
FNH:2
FNDA:4,(anonymous_0)
FNDA:4,(anonymous_1)
FNDA:0,(anonymous_2)
FNDA:0,(anonymous_3)
FNDA:0,(anonymous_4)
FNDA:0,(anonymous_5)
DA:3,1
DA:7,4
DA:8,4
DA:9,4
DA:12,4
DA:14,4
DA:16,4
DA:17,44
DA:18,44
DA:19,28
DA:21,16
DA:22,16
DA:24,44
DA:29,0
DA:31,0
DA:32,0
DA:33,0
DA:34,0
DA:36,0
DA:37,0
DA:38,0
DA:43,0
DA:44,0
DA:45,0
DA:46,0
DA:47,0
DA:48,0
DA:50,0
DA:56,0
DA:57,0
DA:58,0
DA:60,0
DA:65,0
DA:66,0
DA:68,0
DA:72,1
LF:36
LH:14
BRDA:18,0,0,28
BRDA:18,0,1,16
BRDA:31,1,0,0
BRDA:31,1,1,0
BRDA:43,2,0,0
BRDA:43,2,1,0
BRDA:56,3,0,0
BRDA:56,3,1,0
BRDA:65,4,0,0
BRDA:65,4,1,0
BRF:10
BRH:2
end_of_record
TN:
SF:Queue.js
FN:5,(anonymous_0)
FN:10,(anonymous_1)
FN:24,(anonymous_2)
FN:36,(anonymous_3)
FN:46,(anonymous_4)
FNF:5
FNH:3
FNDA:5,(anonymous_0)
FNDA:53,(anonymous_1)
FNDA:44,(anonymous_2)
FNDA:0,(anonymous_3)
FNDA:0,(anonymous_4)
DA:2,1
DA:6,5
DA:7,5
DA:8,5
DA:11,53
DA:13,53
DA:14,48
DA:15,48
DA:16,48
DA:18,5
DA:19,5
DA:20,5
DA:25,44
DA:26,44
DA:27,44
DA:28,44
DA:29,44
DA:30,44
DA:32,0
DA:38,0
DA:39,0
DA:40,0
DA:42,0
DA:47,0
DA:48,0
DA:50,0
DA:55,1
LF:27
LH:19
BRDA:13,0,0,48
BRDA:13,0,1,5
BRDA:25,1,0,44
BRDA:25,1,1,0
BRDA:38,2,0,0
BRDA:38,2,1,0
BRDA:47,3,0,0
BRDA:47,3,1,0
BRF:8
BRH:3
end_of_record
TN:
SF:node.js
FN:4,(anonymous_0)
FNF:1
FNH:1
FNDA:53,(anonymous_0)
DA:5,53
DA:6,53
DA:10,1
LF:3
LH:3
BRDA:4,0,0,53
BRF:1
BRH:1
end_of_record
