{"/home/qusaiqeisi/data-structures-and-algorithm/401-code-challange/class-38/edge.js": {"path":"/home/qusaiqeisi/data-structures-and-algorithm/401-code-challange/class-38/edge.js","statementMap":{"0":{"start":{"line":4,"column":4},"end":{"line":4,"column":25}},"1":{"start":{"line":5,"column":4},"end":{"line":5,"column":25}},"2":{"start":{"line":9,"column":0},"end":{"line":9,"column":22}}},"fnMap":{"0":{"name":"(anonymous_0)","decl":{"start":{"line":3,"column":2},"end":{"line":3,"column":3}},"loc":{"start":{"line":3,"column":34},"end":{"line":6,"column":3}},"line":3}},"branchMap":{"0":{"loc":{"start":{"line":3,"column":22},"end":{"line":3,"column":32}},"type":"default-arg","locations":[{"start":{"line":3,"column":31},"end":{"line":3,"column":32}}],"line":3}},"s":{"0":18,"1":18,"2":1},"f":{"0":18},"b":{"0":[18]},"_coverageSchema":"1a1c01bbd47fc00a2c39e90264f33305004495a9","hash":"9e1c5b1798b81b51a83c950534a4b5ce212a1ed0"}
,"/home/qusaiqeisi/data-structures-and-algorithm/401-code-challange/class-38/graph.js": {"path":"/home/qusaiqeisi/data-structures-and-algorithm/401-code-challange/class-38/graph.js","statementMap":{"0":{"start":{"line":2,"column":15},"end":{"line":2,"column":34}},"1":{"start":{"line":3,"column":13},"end":{"line":3,"column":30}},"2":{"start":{"line":7,"column":4},"end":{"line":7,"column":35}},"3":{"start":{"line":11,"column":4},"end":{"line":11,"column":39}},"4":{"start":{"line":15,"column":4},"end":{"line":17,"column":5}},"5":{"start":{"line":16,"column":6},"end":{"line":16,"column":61}},"6":{"start":{"line":18,"column":17},"end":{"line":18,"column":46}},"7":{"start":{"line":19,"column":4},"end":{"line":19,"column":29}},"8":{"start":{"line":23,"column":4},"end":{"line":25,"column":5}},"9":{"start":{"line":24,"column":6},"end":{"line":24,"column":64}},"10":{"start":{"line":29,"column":4},"end":{"line":32,"column":5}},"11":{"start":{"line":30,"column":6},"end":{"line":30,"column":61}},"12":{"start":{"line":31,"column":6},"end":{"line":31,"column":13}},"13":{"start":{"line":33,"column":4},"end":{"line":33,"column":42}},"14":{"start":{"line":37,"column":4},"end":{"line":45,"column":5}},"15":{"start":{"line":38,"column":30},"end":{"line":38,"column":32}},"16":{"start":{"line":39,"column":6},"end":{"line":41,"column":7}},"17":{"start":{"line":40,"column":8},"end":{"line":40,"column":39}},"18":{"start":{"line":42,"column":6},"end":{"line":42,"column":31}},"19":{"start":{"line":44,"column":6},"end":{"line":44,"column":33}},"20":{"start":{"line":49,"column":4},"end":{"line":57,"column":5}},"21":{"start":{"line":50,"column":17},"end":{"line":50,"column":18}},"22":{"start":{"line":51,"column":6},"end":{"line":53,"column":7}},"23":{"start":{"line":52,"column":8},"end":{"line":52,"column":15}},"24":{"start":{"line":54,"column":6},"end":{"line":54,"column":18}},"25":{"start":{"line":56,"column":6},"end":{"line":56,"column":33}},"26":{"start":{"line":61,"column":15},"end":{"line":61,"column":17}},"27":{"start":{"line":62,"column":17},"end":{"line":62,"column":19}},"28":{"start":{"line":65,"column":3},"end":{"line":65,"column":23}},"29":{"start":{"line":66,"column":3},"end":{"line":66,"column":22}},"30":{"start":{"line":67,"column":3},"end":{"line":79,"column":4}},"31":{"start":{"line":68,"column":19},"end":{"line":68,"column":30}},"32":{"start":{"line":69,"column":21},"end":{"line":69,"column":47}},"33":{"start":{"line":70,"column":5},"end":{"line":78,"column":6}},"34":{"start":{"line":71,"column":20},"end":{"line":71,"column":35}},"35":{"start":{"line":72,"column":7},"end":{"line":77,"column":8}},"36":{"start":{"line":73,"column":9},"end":{"line":73,"column":18}},"37":{"start":{"line":75,"column":9},"end":{"line":75,"column":30}},"38":{"start":{"line":76,"column":9},"end":{"line":76,"column":31}},"39":{"start":{"line":80,"column":14},"end":{"line":82,"column":5}},"40":{"start":{"line":81,"column":5},"end":{"line":81,"column":20}},"41":{"start":{"line":83,"column":3},"end":{"line":83,"column":28}},"42":{"start":{"line":87,"column":22},"end":{"line":87,"column":31}},"43":{"start":{"line":88,"column":4},"end":{"line":88,"column":26}},"44":{"start":{"line":90,"column":18},"end":{"line":98,"column":5}},"45":{"start":{"line":91,"column":6},"end":{"line":91,"column":31}},"46":{"start":{"line":92,"column":22},"end":{"line":92,"column":48}},"47":{"start":{"line":93,"column":6},"end":{"line":97,"column":7}},"48":{"start":{"line":94,"column":8},"end":{"line":96,"column":9}},"49":{"start":{"line":95,"column":10},"end":{"line":95,"column":43}},"50":{"start":{"line":99,"column":4},"end":{"line":99,"column":30}},"51":{"start":{"line":100,"column":15},"end":{"line":100,"column":17}},"52":{"start":{"line":101,"column":4},"end":{"line":103,"column":5}},"53":{"start":{"line":102,"column":6},"end":{"line":102,"column":33}},"54":{"start":{"line":104,"column":4},"end":{"line":104,"column":18}},"55":{"start":{"line":107,"column":11},"end":{"line":107,"column":22}},"56":{"start":{"line":108,"column":10},"end":{"line":108,"column":25}},"57":{"start":{"line":109,"column":14},"end":{"line":109,"column":29}},"58":{"start":{"line":110,"column":16},"end":{"line":110,"column":31}},"59":{"start":{"line":111,"column":15},"end":{"line":111,"column":30}},"60":{"start":{"line":112,"column":15},"end":{"line":112,"column":30}},"61":{"start":{"line":113,"column":14},"end":{"line":113,"column":29}},"62":{"start":{"line":114,"column":16},"end":{"line":114,"column":31}},"63":{"start":{"line":115,"column":16},"end":{"line":115,"column":31}},"64":{"start":{"line":117,"column":4},"end":{"line":117,"column":24}},"65":{"start":{"line":118,"column":4},"end":{"line":118,"column":24}},"66":{"start":{"line":119,"column":4},"end":{"line":119,"column":26}},"67":{"start":{"line":120,"column":4},"end":{"line":120,"column":25}},"68":{"start":{"line":121,"column":4},"end":{"line":121,"column":25}},"69":{"start":{"line":122,"column":4},"end":{"line":122,"column":24}},"70":{"start":{"line":123,"column":4},"end":{"line":123,"column":26}},"71":{"start":{"line":124,"column":4},"end":{"line":124,"column":26}},"72":{"start":{"line":126,"column":4},"end":{"line":126,"column":35}},"73":{"start":{"line":127,"column":4},"end":{"line":127,"column":36}},"74":{"start":{"line":128,"column":4},"end":{"line":128,"column":36}},"75":{"start":{"line":129,"column":4},"end":{"line":129,"column":37}},"76":{"start":{"line":130,"column":4},"end":{"line":130,"column":37}},"77":{"start":{"line":131,"column":4},"end":{"line":131,"column":37}},"78":{"start":{"line":132,"column":4},"end":{"line":132,"column":36}},"79":{"start":{"line":133,"column":4},"end":{"line":133,"column":38}},"80":{"start":{"line":134,"column":4},"end":{"line":134,"column":37}},"81":{"start":{"line":136,"column":4},"end":{"line":136,"column":38}},"82":{"start":{"line":140,"column":0},"end":{"line":140,"column":21}}},"fnMap":{"0":{"name":"(anonymous_0)","decl":{"start":{"line":6,"column":2},"end":{"line":6,"column":3}},"loc":{"start":{"line":6,"column":16},"end":{"line":8,"column":3}},"line":6},"1":{"name":"(anonymous_1)","decl":{"start":{"line":10,"column":2},"end":{"line":10,"column":3}},"loc":{"start":{"line":10,"column":20},"end":{"line":12,"column":3}},"line":10},"2":{"name":"(anonymous_2)","decl":{"start":{"line":14,"column":2},"end":{"line":14,"column":3}},"loc":{"start":{"line":14,"column":30},"end":{"line":20,"column":3}},"line":14},"3":{"name":"(anonymous_3)","decl":{"start":{"line":22,"column":2},"end":{"line":22,"column":3}},"loc":{"start":{"line":22,"column":12},"end":{"line":26,"column":3}},"line":22},"4":{"name":"(anonymous_4)","decl":{"start":{"line":28,"column":2},"end":{"line":28,"column":3}},"loc":{"start":{"line":28,"column":23},"end":{"line":34,"column":3}},"line":28},"5":{"name":"(anonymous_5)","decl":{"start":{"line":36,"column":2},"end":{"line":36,"column":3}},"loc":{"start":{"line":36,"column":12},"end":{"line":46,"column":3}},"line":36},"6":{"name":"(anonymous_6)","decl":{"start":{"line":48,"column":2},"end":{"line":48,"column":3}},"loc":{"start":{"line":48,"column":9},"end":{"line":58,"column":3}},"line":48},"7":{"name":"(anonymous_7)","decl":{"start":{"line":60,"column":2},"end":{"line":60,"column":3}},"loc":{"start":{"line":60,"column":20},"end":{"line":84,"column":3}},"line":60},"8":{"name":"(anonymous_8)","decl":{"start":{"line":80,"column":26},"end":{"line":80,"column":27}},"loc":{"start":{"line":80,"column":30},"end":{"line":82,"column":4}},"line":80},"9":{"name":"(anonymous_9)","decl":{"start":{"line":86,"column":2},"end":{"line":86,"column":3}},"loc":{"start":{"line":86,"column":18},"end":{"line":105,"column":3}},"line":86},"10":{"name":"(anonymous_10)","decl":{"start":{"line":90,"column":18},"end":{"line":90,"column":19}},"loc":{"start":{"line":90,"column":37},"end":{"line":98,"column":5}},"line":90}},"branchMap":{"0":{"loc":{"start":{"line":15,"column":4},"end":{"line":17,"column":5}},"type":"if","locations":[{"start":{"line":15,"column":4},"end":{"line":17,"column":5}},{"start":{"line":15,"column":4},"end":{"line":17,"column":5}}],"line":15},"1":{"loc":{"start":{"line":15,"column":8},"end":{"line":15,"column":70}},"type":"binary-expr","locations":[{"start":{"line":15,"column":8},"end":{"line":15,"column":38}},{"start":{"line":15,"column":42},"end":{"line":15,"column":70}}],"line":15},"2":{"loc":{"start":{"line":29,"column":4},"end":{"line":32,"column":5}},"type":"if","locations":[{"start":{"line":29,"column":4},"end":{"line":32,"column":5}},{"start":{"line":29,"column":4},"end":{"line":32,"column":5}}],"line":29},"3":{"loc":{"start":{"line":72,"column":7},"end":{"line":77,"column":8}},"type":"if","locations":[{"start":{"line":72,"column":7},"end":{"line":77,"column":8}},{"start":{"line":72,"column":7},"end":{"line":77,"column":8}}],"line":72},"4":{"loc":{"start":{"line":94,"column":8},"end":{"line":96,"column":9}},"type":"if","locations":[{"start":{"line":94,"column":8},"end":{"line":96,"column":9}},{"start":{"line":94,"column":8},"end":{"line":96,"column":9}}],"line":94}},"s":{"0":1,"1":1,"2":2,"3":16,"4":18,"5":0,"6":18,"7":18,"8":0,"9":0,"10":16,"11":0,"12":0,"13":16,"14":0,"15":0,"16":0,"17":0,"18":0,"19":0,"20":0,"21":0,"22":0,"23":0,"24":0,"25":0,"26":0,"27":0,"28":0,"29":0,"30":0,"31":0,"32":0,"33":0,"34":0,"35":0,"36":0,"37":0,"38":0,"39":0,"40":0,"41":0,"42":2,"43":2,"44":2,"45":16,"46":16,"47":16,"48":18,"49":14,"50":2,"51":2,"52":2,"53":16,"54":2,"55":1,"56":1,"57":1,"58":1,"59":1,"60":1,"61":1,"62":1,"63":1,"64":1,"65":1,"66":1,"67":1,"68":1,"69":1,"70":1,"71":1,"72":1,"73":1,"74":1,"75":1,"76":1,"77":1,"78":1,"79":1,"80":1,"81":1,"82":1},"f":{"0":2,"1":16,"2":18,"3":0,"4":16,"5":0,"6":0,"7":0,"8":0,"9":2,"10":16},"b":{"0":[0,18],"1":[18,18],"2":[0,16],"3":[0,0],"4":[14,4]},"_coverageSchema":"1a1c01bbd47fc00a2c39e90264f33305004495a9","hash":"a6d980a56c664a9ef25e2a28c6e446cdfd6846aa"}
,"/home/qusaiqeisi/data-structures-and-algorithm/401-code-challange/class-38/vertex.js": {"path":"/home/qusaiqeisi/data-structures-and-algorithm/401-code-challange/class-38/vertex.js","statementMap":{"0":{"start":{"line":4,"column":4},"end":{"line":4,"column":23}},"1":{"start":{"line":8,"column":0},"end":{"line":8,"column":22}}},"fnMap":{"0":{"name":"(anonymous_0)","decl":{"start":{"line":3,"column":2},"end":{"line":3,"column":3}},"loc":{"start":{"line":3,"column":21},"end":{"line":5,"column":3}},"line":3}},"branchMap":{},"s":{"0":16,"1":1},"f":{"0":16},"b":{},"_coverageSchema":"1a1c01bbd47fc00a2c39e90264f33305004495a9","hash":"9767fe741211f3e33d5a671e39d5d214105eb0a5"}
}
