TN:
SF:edge.js
FN:3,(anonymous_0)
FNF:1
FNH:1
FNDA:18,(anonymous_0)
DA:4,18
DA:5,18
DA:9,1
LF:3
LH:3
BRDA:3,0,0,18
BRF:1
BRH:1
end_of_record
TN:
SF:graph.js
FN:6,(anonymous_0)
FN:10,(anonymous_1)
FN:14,(anonymous_2)
FN:22,(anonymous_3)
FN:28,(anonymous_4)
FN:36,(anonymous_5)
FN:48,(anonymous_6)
FN:60,(anonymous_7)
FN:80,(anonymous_8)
FN:86,(anonymous_9)
FN:90,(anonymous_10)
FNF:11
FNH:6
FNDA:2,(anonymous_0)
FNDA:16,(anonymous_1)
FNDA:18,(anonymous_2)
FNDA:0,(anonymous_3)
FNDA:16,(anonymous_4)
FNDA:0,(anonymous_5)
FNDA:0,(anonymous_6)
FNDA:0,(anonymous_7)
FNDA:0,(anonymous_8)
FNDA:2,(anonymous_9)
FNDA:16,(anonymous_10)
DA:2,1
DA:3,1
DA:7,2
DA:11,16
DA:15,18
DA:16,0
DA:18,18
DA:19,18
DA:23,0
DA:24,0
DA:29,16
DA:30,0
DA:31,0
DA:33,16
DA:37,0
DA:38,0
DA:39,0
DA:40,0
DA:42,0
DA:44,0
DA:49,0
DA:50,0
DA:51,0
DA:52,0
DA:54,0
DA:56,0
DA:61,0
DA:62,0
DA:65,0
DA:66,0
DA:67,0
DA:68,0
DA:69,0
DA:70,0
DA:71,0
DA:72,0
DA:73,0
DA:75,0
DA:76,0
DA:80,0
DA:81,0
DA:83,0
DA:87,2
DA:88,2
DA:90,2
DA:91,16
DA:92,16
DA:93,16
DA:94,18
DA:95,14
DA:99,2
DA:100,2
DA:101,2
DA:102,16
DA:104,2
DA:107,1
DA:108,1
DA:109,1
DA:110,1
DA:111,1
DA:112,1
DA:113,1
DA:114,1
DA:115,1
DA:117,1
DA:118,1
DA:119,1
DA:120,1
DA:121,1
DA:122,1
DA:123,1
DA:124,1
DA:126,1
DA:127,1
DA:128,1
DA:129,1
DA:130,1
DA:131,1
DA:132,1
DA:133,1
DA:134,1
DA:136,1
DA:140,1
LF:83
LH:50
BRDA:15,0,0,0
BRDA:15,0,1,18
BRDA:15,1,0,18
BRDA:15,1,1,18
BRDA:29,2,0,0
BRDA:29,2,1,16
BRDA:72,3,0,0
BRDA:72,3,1,0
BRDA:94,4,0,14
BRDA:94,4,1,4
BRF:10
BRH:6
end_of_record
TN:
SF:vertex.js
FN:3,(anonymous_0)
FNF:1
FNH:1
FNDA:16,(anonymous_0)
DA:4,16
DA:8,1
LF:2
LH:2
BRF:0
BRH:0
end_of_record
