TN:
SF:Hashtable.js
FN:4,(anonymous_0)
FN:9,(anonymous_1)
FN:10,(anonymous_2)
FN:17,(anonymous_3)
FN:30,(anonymous_4)
FN:45,(anonymous_5)
FN:61,(anonymous_6)
FNF:7
FNH:5
FNDA:3,(anonymous_0)
FNDA:44,(anonymous_1)
FNDA:150,(anonymous_2)
FNDA:22,(anonymous_3)
FNDA:0,(anonymous_4)
FNDA:0,(anonymous_5)
FNDA:3,(anonymous_6)
DA:1,1
DA:5,3
DA:6,3
DA:10,44
DA:11,150
DA:13,44
DA:14,44
DA:19,22
DA:21,22
DA:22,19
DA:23,19
DA:24,19
DA:26,3
DA:31,0
DA:32,0
DA:33,0
DA:34,0
DA:35,0
DA:36,0
DA:38,0
DA:41,0
DA:46,0
DA:47,0
DA:48,0
DA:49,0
DA:50,0
DA:51,0
DA:53,0
DA:56,0
DA:62,3
DA:65,3
DA:66,22
DA:67,22
DA:68,22
DA:69,22
DA:70,3
DA:76,1
LF:37
LH:21
BRDA:21,0,0,19
BRDA:21,0,1,3
BRDA:32,1,0,0
BRDA:32,1,1,0
BRDA:35,2,0,0
BRDA:35,2,1,0
BRDA:47,3,0,0
BRDA:47,3,1,0
BRDA:50,4,0,0
BRDA:50,4,1,0
BRDA:69,5,0,3
BRDA:69,5,1,19
BRF:12
BRH:4
end_of_record
TN:
SF:LinkedList.js
FN:4,(anonymous_0)
FN:7,(anonymous_1)
FNF:2
FNH:2
FNDA:19,(anonymous_0)
FNDA:22,(anonymous_1)
DA:1,1
DA:5,19
DA:8,22
DA:9,22
DA:10,19
DA:12,3
DA:13,3
DA:18,1
LF:8
LH:8
BRDA:9,0,0,19
BRDA:9,0,1,3
BRF:2
BRH:2
end_of_record
TN:
SF:node.js
FN:4,(anonymous_0)
FNF:1
FNH:1
FNDA:22,(anonymous_0)
DA:5,22
DA:6,22
DA:10,1
LF:3
LH:3
BRDA:4,0,0,22
BRF:1
BRH:1
end_of_record
