<?xml version="1.0" encoding="UTF-8"?>
<coverage generated="1631711074304" clover="3.2.0">
  <project timestamp="1631711074304" name="All files">
    <metrics statements="14" coveredstatements="14" conditionals="6" coveredconditionals="6" methods="2" coveredmethods="2" elements="22" coveredelements="22" complexity="0" loc="14" ncloc="14" packages="1" files="1" classes="1"/>
    <file name="MergeSort.js" path="/home/qusaiqeisi/data-structures-and-algorithm/401-code-challange/class-27/MergeSort.js">
      <metrics statements="14" coveredstatements="14" conditionals="6" coveredconditionals="6" methods="2" coveredmethods="2"/>
      <line num="2" count="12" type="stmt"/>
      <line num="3" count="12" type="cond" truecount="2" falsecount="0"/>
      <line num="4" count="26" type="cond" truecount="2" falsecount="0"/>
      <line num="5" count="14" type="stmt"/>
      <line num="7" count="12" type="stmt"/>
      <line num="10" count="12" type="stmt"/>
      <line num="14" count="26" type="stmt"/>
      <line num="15" count="26" type="cond" truecount="2" falsecount="0"/>
      <line num="16" count="14" type="stmt"/>
      <line num="18" count="12" type="stmt"/>
      <line num="19" count="12" type="stmt"/>
      <line num="23" count="1" type="stmt"/>
      <line num="24" count="1" type="stmt"/>
      <line num="26" count="1" type="stmt"/>
    </file>
  </project>
</coverage>
