{"/home/qusaiqeisi/data-structures-and-algorithm/401-code-challange/class-27/MergeSort.js": {"path":"/home/qusaiqeisi/data-structures-and-algorithm/401-code-challange/class-27/MergeSort.js","statementMap":{"0":{"start":{"line":2,"column":14},"end":{"line":2,"column":16}},"1":{"start":{"line":3,"column":4},"end":{"line":9,"column":5}},"2":{"start":{"line":4,"column":8},"end":{"line":8,"column":9}},"3":{"start":{"line":5,"column":12},"end":{"line":5,"column":34}},"4":{"start":{"line":7,"column":12},"end":{"line":7,"column":35}},"5":{"start":{"line":10,"column":4},"end":{"line":10,"column":38}},"6":{"start":{"line":14,"column":17},"end":{"line":14,"column":33}},"7":{"start":{"line":15,"column":4},"end":{"line":17,"column":5}},"8":{"start":{"line":16,"column":8},"end":{"line":16,"column":20}},"9":{"start":{"line":18,"column":17},"end":{"line":18,"column":38}},"10":{"start":{"line":19,"column":4},"end":{"line":19,"column":51}},"11":{"start":{"line":23,"column":0},"end":{"line":23,"column":31}},"12":{"start":{"line":24,"column":0},"end":{"line":24,"column":30}},"13":{"start":{"line":26,"column":0},"end":{"line":26,"column":24}}},"fnMap":{"0":{"name":"merge","decl":{"start":{"line":1,"column":9},"end":{"line":1,"column":14}},"loc":{"start":{"line":1,"column":28},"end":{"line":11,"column":1}},"line":1},"1":{"name":"mergeSort","decl":{"start":{"line":13,"column":9},"end":{"line":13,"column":18}},"loc":{"start":{"line":13,"column":26},"end":{"line":20,"column":1}},"line":13}},"branchMap":{"0":{"loc":{"start":{"line":3,"column":11},"end":{"line":3,"column":38}},"type":"binary-expr","locations":[{"start":{"line":3,"column":11},"end":{"line":3,"column":22}},{"start":{"line":3,"column":26},"end":{"line":3,"column":38}}],"line":3},"1":{"loc":{"start":{"line":4,"column":8},"end":{"line":8,"column":9}},"type":"if","locations":[{"start":{"line":4,"column":8},"end":{"line":8,"column":9}},{"start":{"line":4,"column":8},"end":{"line":8,"column":9}}],"line":4},"2":{"loc":{"start":{"line":15,"column":4},"end":{"line":17,"column":5}},"type":"if","locations":[{"start":{"line":15,"column":4},"end":{"line":17,"column":5}},{"start":{"line":15,"column":4},"end":{"line":17,"column":5}}],"line":15}},"s":{"0":12,"1":12,"2":26,"3":14,"4":12,"5":12,"6":26,"7":26,"8":14,"9":12,"10":12,"11":1,"12":1,"13":1},"f":{"0":12,"1":26},"b":{"0":[38,30],"1":[14,12],"2":[14,12]},"_coverageSchema":"1a1c01bbd47fc00a2c39e90264f33305004495a9","hash":"ac5605aa59bc5aed8b6a382d307f4ad8de4fa4ae"}
}
