{"/home/qusaiqeisi/data-structures-and-algorithm/401-code-challange/class-17/BinaryTree.js": {"path":"/home/qusaiqeisi/data-structures-and-algorithm/401-code-challange/class-17/BinaryTree.js","statementMap":{"0":{"start":{"line":5,"column":8},"end":{"line":5,"column":25}},"1":{"start":{"line":10,"column":21},"end":{"line":10,"column":23}},"2":{"start":{"line":11,"column":23},"end":{"line":15,"column":9}},"3":{"start":{"line":12,"column":12},"end":{"line":12,"column":36}},"4":{"start":{"line":13,"column":12},"end":{"line":13,"column":47}},"5":{"start":{"line":13,"column":27},"end":{"line":13,"column":47}},"6":{"start":{"line":14,"column":12},"end":{"line":14,"column":49}},"7":{"start":{"line":14,"column":28},"end":{"line":14,"column":49}},"8":{"start":{"line":16,"column":8},"end":{"line":16,"column":28}},"9":{"start":{"line":17,"column":8},"end":{"line":17,"column":22}},"10":{"start":{"line":22,"column":21},"end":{"line":22,"column":23}},"11":{"start":{"line":23,"column":23},"end":{"line":27,"column":9}},"12":{"start":{"line":24,"column":12},"end":{"line":24,"column":47}},"13":{"start":{"line":24,"column":27},"end":{"line":24,"column":47}},"14":{"start":{"line":25,"column":12},"end":{"line":25,"column":36}},"15":{"start":{"line":26,"column":12},"end":{"line":26,"column":49}},"16":{"start":{"line":26,"column":28},"end":{"line":26,"column":49}},"17":{"start":{"line":28,"column":8},"end":{"line":28,"column":28}},"18":{"start":{"line":29,"column":8},"end":{"line":29,"column":22}},"19":{"start":{"line":34,"column":21},"end":{"line":34,"column":23}},"20":{"start":{"line":35,"column":23},"end":{"line":39,"column":9}},"21":{"start":{"line":36,"column":12},"end":{"line":36,"column":47}},"22":{"start":{"line":36,"column":27},"end":{"line":36,"column":47}},"23":{"start":{"line":37,"column":12},"end":{"line":37,"column":49}},"24":{"start":{"line":37,"column":28},"end":{"line":37,"column":49}},"25":{"start":{"line":38,"column":12},"end":{"line":38,"column":36}},"26":{"start":{"line":40,"column":8},"end":{"line":40,"column":28}},"27":{"start":{"line":41,"column":8},"end":{"line":41,"column":22}},"28":{"start":{"line":52,"column":21},"end":{"line":69,"column":9}},"29":{"start":{"line":53,"column":12},"end":{"line":59,"column":13}},"30":{"start":{"line":54,"column":16},"end":{"line":56,"column":17}},"31":{"start":{"line":55,"column":20},"end":{"line":55,"column":40}},"32":{"start":{"line":58,"column":16},"end":{"line":58,"column":36}},"33":{"start":{"line":61,"column":12},"end":{"line":63,"column":15}},"34":{"start":{"line":62,"column":16},"end":{"line":62,"column":36}},"35":{"start":{"line":65,"column":14},"end":{"line":67,"column":15}},"36":{"start":{"line":66,"column":18},"end":{"line":66,"column":39}},"37":{"start":{"line":70,"column":8},"end":{"line":70,"column":28}},"38":{"start":{"line":71,"column":8},"end":{"line":71,"column":24}},"39":{"start":{"line":75,"column":0},"end":{"line":75,"column":28}}},"fnMap":{"0":{"name":"(anonymous_0)","decl":{"start":{"line":4,"column":4},"end":{"line":4,"column":5}},"loc":{"start":{"line":4,"column":27},"end":{"line":6,"column":5}},"line":4},"1":{"name":"(anonymous_1)","decl":{"start":{"line":9,"column":4},"end":{"line":9,"column":5}},"loc":{"start":{"line":9,"column":15},"end":{"line":18,"column":5}},"line":9},"2":{"name":"(anonymous_2)","decl":{"start":{"line":11,"column":23},"end":{"line":11,"column":24}},"loc":{"start":{"line":11,"column":33},"end":{"line":15,"column":9}},"line":11},"3":{"name":"(anonymous_3)","decl":{"start":{"line":21,"column":4},"end":{"line":21,"column":5}},"loc":{"start":{"line":21,"column":14},"end":{"line":30,"column":5}},"line":21},"4":{"name":"(anonymous_4)","decl":{"start":{"line":23,"column":23},"end":{"line":23,"column":24}},"loc":{"start":{"line":23,"column":33},"end":{"line":27,"column":9}},"line":23},"5":{"name":"(anonymous_5)","decl":{"start":{"line":33,"column":4},"end":{"line":33,"column":5}},"loc":{"start":{"line":33,"column":16},"end":{"line":42,"column":5}},"line":33},"6":{"name":"(anonymous_6)","decl":{"start":{"line":35,"column":23},"end":{"line":35,"column":24}},"loc":{"start":{"line":35,"column":33},"end":{"line":39,"column":9}},"line":35},"7":{"name":"(anonymous_7)","decl":{"start":{"line":49,"column":4},"end":{"line":49,"column":5}},"loc":{"start":{"line":49,"column":13},"end":{"line":72,"column":5}},"line":49},"8":{"name":"(anonymous_8)","decl":{"start":{"line":52,"column":21},"end":{"line":52,"column":22}},"loc":{"start":{"line":52,"column":29},"end":{"line":69,"column":9}},"line":52}},"branchMap":{"0":{"loc":{"start":{"line":4,"column":16},"end":{"line":4,"column":25}},"type":"default-arg","locations":[{"start":{"line":4,"column":21},"end":{"line":4,"column":25}}],"line":4},"1":{"loc":{"start":{"line":13,"column":12},"end":{"line":13,"column":47}},"type":"if","locations":[{"start":{"line":13,"column":12},"end":{"line":13,"column":47}},{"start":{"line":13,"column":12},"end":{"line":13,"column":47}}],"line":13},"2":{"loc":{"start":{"line":14,"column":12},"end":{"line":14,"column":49}},"type":"if","locations":[{"start":{"line":14,"column":12},"end":{"line":14,"column":49}},{"start":{"line":14,"column":12},"end":{"line":14,"column":49}}],"line":14},"3":{"loc":{"start":{"line":24,"column":12},"end":{"line":24,"column":47}},"type":"if","locations":[{"start":{"line":24,"column":12},"end":{"line":24,"column":47}},{"start":{"line":24,"column":12},"end":{"line":24,"column":47}}],"line":24},"4":{"loc":{"start":{"line":26,"column":12},"end":{"line":26,"column":49}},"type":"if","locations":[{"start":{"line":26,"column":12},"end":{"line":26,"column":49}},{"start":{"line":26,"column":12},"end":{"line":26,"column":49}}],"line":26},"5":{"loc":{"start":{"line":36,"column":12},"end":{"line":36,"column":47}},"type":"if","locations":[{"start":{"line":36,"column":12},"end":{"line":36,"column":47}},{"start":{"line":36,"column":12},"end":{"line":36,"column":47}}],"line":36},"6":{"loc":{"start":{"line":37,"column":12},"end":{"line":37,"column":49}},"type":"if","locations":[{"start":{"line":37,"column":12},"end":{"line":37,"column":49}},{"start":{"line":37,"column":12},"end":{"line":37,"column":49}}],"line":37},"7":{"loc":{"start":{"line":53,"column":12},"end":{"line":59,"column":13}},"type":"if","locations":[{"start":{"line":53,"column":12},"end":{"line":59,"column":13}},{"start":{"line":53,"column":12},"end":{"line":59,"column":13}}],"line":53},"8":{"loc":{"start":{"line":54,"column":16},"end":{"line":56,"column":17}},"type":"if","locations":[{"start":{"line":54,"column":16},"end":{"line":56,"column":17}},{"start":{"line":54,"column":16},"end":{"line":56,"column":17}}],"line":54},"9":{"loc":{"start":{"line":61,"column":12},"end":{"line":63,"column":15}},"type":"if","locations":[{"start":{"line":61,"column":12},"end":{"line":63,"column":15}},{"start":{"line":61,"column":12},"end":{"line":63,"column":15}}],"line":61},"10":{"loc":{"start":{"line":65,"column":14},"end":{"line":67,"column":15}},"type":"if","locations":[{"start":{"line":65,"column":14},"end":{"line":67,"column":15}},{"start":{"line":65,"column":14},"end":{"line":67,"column":15}}],"line":65}},"s":{"0":2,"1":0,"2":0,"3":0,"4":0,"5":0,"6":0,"7":0,"8":0,"9":0,"10":0,"11":0,"12":0,"13":0,"14":0,"15":0,"16":0,"17":0,"18":0,"19":0,"20":0,"21":0,"22":0,"23":0,"24":0,"25":0,"26":0,"27":0,"28":0,"29":0,"30":0,"31":0,"32":0,"33":0,"34":0,"35":0,"36":0,"37":0,"38":0,"39":1},"f":{"0":2,"1":0,"2":0,"3":0,"4":0,"5":0,"6":0,"7":0,"8":0},"b":{"0":[1],"1":[0,0],"2":[0,0],"3":[0,0],"4":[0,0],"5":[0,0],"6":[0,0],"7":[0,0],"8":[0,0],"9":[0,0],"10":[0,0]},"_coverageSchema":"1a1c01bbd47fc00a2c39e90264f33305004495a9","hash":"21bce2bc0655f7a46af3e96d6be5443e4de94ee6"}
,"/home/qusaiqeisi/data-structures-and-algorithm/401-code-challange/class-17/Breadthtree.js": {"path":"/home/qusaiqeisi/data-structures-and-algorithm/401-code-challange/class-17/Breadthtree.js","statementMap":{"0":{"start":{"line":4,"column":19},"end":{"line":27,"column":1}},"1":{"start":{"line":6,"column":4},"end":{"line":6,"column":44}},"2":{"start":{"line":6,"column":20},"end":{"line":6,"column":44}},"3":{"start":{"line":8,"column":19},"end":{"line":8,"column":21}},"4":{"start":{"line":9,"column":17},"end":{"line":9,"column":19}},"5":{"start":{"line":11,"column":4},"end":{"line":11,"column":29}},"6":{"start":{"line":13,"column":4},"end":{"line":25,"column":5}},"7":{"start":{"line":15,"column":24},"end":{"line":15,"column":40}},"8":{"start":{"line":17,"column":8},"end":{"line":17,"column":37}},"9":{"start":{"line":19,"column":8},"end":{"line":21,"column":9}},"10":{"start":{"line":20,"column":12},"end":{"line":20,"column":42}},"11":{"start":{"line":22,"column":8},"end":{"line":24,"column":9}},"12":{"start":{"line":23,"column":12},"end":{"line":23,"column":43}},"13":{"start":{"line":26,"column":4},"end":{"line":26,"column":18}},"14":{"start":{"line":30,"column":0},"end":{"line":30,"column":30}}},"fnMap":{"0":{"name":"(anonymous_0)","decl":{"start":{"line":4,"column":19},"end":{"line":4,"column":20}},"loc":{"start":{"line":4,"column":29},"end":{"line":27,"column":1}},"line":4}},"branchMap":{"0":{"loc":{"start":{"line":6,"column":4},"end":{"line":6,"column":44}},"type":"if","locations":[{"start":{"line":6,"column":4},"end":{"line":6,"column":44}},{"start":{"line":6,"column":4},"end":{"line":6,"column":44}}],"line":6},"1":{"loc":{"start":{"line":19,"column":8},"end":{"line":21,"column":9}},"type":"if","locations":[{"start":{"line":19,"column":8},"end":{"line":21,"column":9}},{"start":{"line":19,"column":8},"end":{"line":21,"column":9}}],"line":19},"2":{"loc":{"start":{"line":22,"column":8},"end":{"line":24,"column":9}},"type":"if","locations":[{"start":{"line":22,"column":8},"end":{"line":24,"column":9}},{"start":{"line":22,"column":8},"end":{"line":24,"column":9}}],"line":22}},"s":{"0":1,"1":2,"2":1,"3":1,"4":1,"5":1,"6":1,"7":9,"8":9,"9":9,"10":4,"11":9,"12":4,"13":1,"14":1},"f":{"0":2},"b":{"0":[1,1],"1":[4,5],"2":[4,5]},"_coverageSchema":"1a1c01bbd47fc00a2c39e90264f33305004495a9","hash":"93e859df1a34d172189005314beb1e3ee3c3b67d"}
,"/home/qusaiqeisi/data-structures-and-algorithm/401-code-challange/class-17/node.js": {"path":"/home/qusaiqeisi/data-structures-and-algorithm/401-code-challange/class-17/node.js","statementMap":{"0":{"start":{"line":5,"column":8},"end":{"line":5,"column":27}},"1":{"start":{"line":6,"column":8},"end":{"line":6,"column":24}},"2":{"start":{"line":7,"column":8},"end":{"line":7,"column":27}},"3":{"start":{"line":11,"column":0},"end":{"line":11,"column":22}}},"fnMap":{"0":{"name":"(anonymous_0)","decl":{"start":{"line":4,"column":4},"end":{"line":4,"column":5}},"loc":{"start":{"line":4,"column":48},"end":{"line":8,"column":5}},"line":4}},"branchMap":{"0":{"loc":{"start":{"line":4,"column":23},"end":{"line":4,"column":34}},"type":"default-arg","locations":[{"start":{"line":4,"column":30},"end":{"line":4,"column":34}}],"line":4},"1":{"loc":{"start":{"line":4,"column":36},"end":{"line":4,"column":46}},"type":"default-arg","locations":[{"start":{"line":4,"column":42},"end":{"line":4,"column":46}}],"line":4}},"s":{"0":9,"1":9,"2":9,"3":1},"f":{"0":9},"b":{"0":[9],"1":[9]},"_coverageSchema":"1a1c01bbd47fc00a2c39e90264f33305004495a9","hash":"026357a497b14954177933ad514eb454127859de"}
}
