TN:
SF:AnimalShelter.js
FN:5,(anonymous_0)
FN:9,(anonymous_1)
FN:19,(anonymous_2)
FNF:3
FNH:2
FNDA:2,(anonymous_0)
FNDA:6,(anonymous_1)
FNDA:0,(anonymous_2)
DA:2,1
DA:6,2
DA:7,2
DA:10,6
DA:11,2
DA:12,4
DA:13,4
DA:15,0
DA:20,0
DA:21,0
DA:22,0
DA:23,0
DA:25,0
DA:30,1
LF:14
LH:8
BRDA:10,0,0,2
BRDA:10,0,1,4
BRDA:12,1,0,4
BRDA:12,1,1,0
BRDA:20,2,0,0
BRDA:20,2,1,0
BRDA:22,3,0,0
BRDA:22,3,1,0
BRF:8
BRH:3
end_of_record
TN:
SF:Queue.js
FN:5,(anonymous_0)
FN:10,(anonymous_1)
FN:24,(anonymous_2)
FN:36,(anonymous_3)
FN:46,(anonymous_4)
FNF:5
FNH:3
FNDA:4,(anonymous_0)
FNDA:6,(anonymous_1)
FNDA:0,(anonymous_2)
FNDA:3,(anonymous_3)
FNDA:0,(anonymous_4)
DA:2,1
DA:6,4
DA:7,4
DA:8,4
DA:11,6
DA:13,6
DA:14,3
DA:15,3
DA:16,3
DA:18,3
DA:19,3
DA:20,3
DA:25,0
DA:26,0
DA:27,0
DA:28,0
DA:29,0
DA:30,0
DA:32,0
DA:38,3
DA:39,3
DA:40,3
DA:42,0
DA:47,0
DA:48,0
DA:50,0
DA:55,1
LF:27
LH:16
BRDA:13,0,0,3
BRDA:13,0,1,3
BRDA:25,1,0,0
BRDA:25,1,1,0
BRDA:38,2,0,3
BRDA:38,2,1,0
BRDA:47,3,0,0
BRDA:47,3,1,0
BRF:8
BRH:3
end_of_record
TN:
SF:node.js
FN:4,(anonymous_0)
FNF:1
FNH:1
FNDA:6,(anonymous_0)
DA:5,6
DA:6,6
DA:10,1
LF:3
LH:3
BRDA:4,0,0,6
BRF:1
BRH:1
end_of_record
