{"/home/qusaiqeisi/data-structures-and-algorithm/401-code-challange/class-07/index.js": {"path":"/home/qusaiqeisi/data-structures-and-algorithm/401-code-challange/class-07/index.js","statementMap":{"0":{"start":{"line":2,"column":13},"end":{"line":2,"column":30}},"1":{"start":{"line":6,"column":4},"end":{"line":6,"column":21}},"2":{"start":{"line":10,"column":4},"end":{"line":37,"column":5}},"3":{"start":{"line":11,"column":6},"end":{"line":11,"column":33}},"4":{"start":{"line":13,"column":18},"end":{"line":13,"column":19}},"5":{"start":{"line":14,"column":24},"end":{"line":14,"column":33}},"6":{"start":{"line":15,"column":6},"end":{"line":18,"column":7}},"7":{"start":{"line":16,"column":8},"end":{"line":16,"column":16}},"8":{"start":{"line":17,"column":8},"end":{"line":17,"column":39}},"9":{"start":{"line":19,"column":6},"end":{"line":21,"column":7}},"10":{"start":{"line":20,"column":8},"end":{"line":20,"column":78}},"11":{"start":{"line":23,"column":6},"end":{"line":25,"column":7}},"12":{"start":{"line":24,"column":8},"end":{"line":24,"column":35}},"13":{"start":{"line":27,"column":24},"end":{"line":27,"column":33}},"14":{"start":{"line":28,"column":20},"end":{"line":28,"column":21}},"15":{"start":{"line":29,"column":6},"end":{"line":29,"column":30}},"16":{"start":{"line":30,"column":6},"end":{"line":36,"column":7}},"17":{"start":{"line":31,"column":8},"end":{"line":31,"column":18}},"18":{"start":{"line":32,"column":8},"end":{"line":32,"column":39}},"19":{"start":{"line":33,"column":8},"end":{"line":35,"column":9}},"20":{"start":{"line":34,"column":10},"end":{"line":34,"column":35}},"21":{"start":{"line":41,"column":17},"end":{"line":41,"column":32}},"22":{"start":{"line":42,"column":4},"end":{"line":50,"column":5}},"23":{"start":{"line":43,"column":6},"end":{"line":43,"column":23}},"24":{"start":{"line":45,"column":24},"end":{"line":45,"column":33}},"25":{"start":{"line":46,"column":6},"end":{"line":48,"column":7}},"26":{"start":{"line":47,"column":8},"end":{"line":47,"column":39}},"27":{"start":{"line":49,"column":6},"end":{"line":49,"column":30}},"28":{"start":{"line":54,"column":0},"end":{"line":54,"column":28}}},"fnMap":{"0":{"name":"(anonymous_0)","decl":{"start":{"line":5,"column":2},"end":{"line":5,"column":3}},"loc":{"start":{"line":5,"column":16},"end":{"line":7,"column":3}},"line":5},"1":{"name":"(anonymous_1)","decl":{"start":{"line":9,"column":2},"end":{"line":9,"column":3}},"loc":{"start":{"line":9,"column":16},"end":{"line":38,"column":3}},"line":9},"2":{"name":"(anonymous_2)","decl":{"start":{"line":40,"column":2},"end":{"line":40,"column":3}},"loc":{"start":{"line":40,"column":16},"end":{"line":51,"column":3}},"line":40}},"branchMap":{"0":{"loc":{"start":{"line":10,"column":4},"end":{"line":37,"column":5}},"type":"if","locations":[{"start":{"line":10,"column":4},"end":{"line":37,"column":5}},{"start":{"line":10,"column":4},"end":{"line":37,"column":5}}],"line":10},"1":{"loc":{"start":{"line":19,"column":6},"end":{"line":21,"column":7}},"type":"if","locations":[{"start":{"line":19,"column":6},"end":{"line":21,"column":7}},{"start":{"line":19,"column":6},"end":{"line":21,"column":7}}],"line":19},"2":{"loc":{"start":{"line":23,"column":6},"end":{"line":25,"column":7}},"type":"if","locations":[{"start":{"line":23,"column":6},"end":{"line":25,"column":7}},{"start":{"line":23,"column":6},"end":{"line":25,"column":7}}],"line":23},"3":{"loc":{"start":{"line":33,"column":8},"end":{"line":35,"column":9}},"type":"if","locations":[{"start":{"line":33,"column":8},"end":{"line":35,"column":9}},{"start":{"line":33,"column":8},"end":{"line":35,"column":9}}],"line":33},"4":{"loc":{"start":{"line":42,"column":4},"end":{"line":50,"column":5}},"type":"if","locations":[{"start":{"line":42,"column":4},"end":{"line":50,"column":5}},{"start":{"line":42,"column":4},"end":{"line":50,"column":5}}],"line":42}},"s":{"0":1,"1":2,"2":8,"3":0,"4":8,"5":8,"6":8,"7":24,"8":24,"9":8,"10":2,"11":6,"12":2,"13":4,"14":4,"15":4,"16":4,"17":8,"18":8,"19":8,"20":4,"21":8,"22":8,"23":2,"24":6,"25":6,"26":6,"27":6,"28":1},"f":{"0":2,"1":8,"2":8},"b":{"0":[0,8],"1":[2,6],"2":[2,4],"3":[4,4],"4":[2,6]},"_coverageSchema":"1a1c01bbd47fc00a2c39e90264f33305004495a9","hash":"f997aef756b53bfb2c37b9d3e78bff9a8fb00ccb"}
,"/home/qusaiqeisi/data-structures-and-algorithm/401-code-challange/class-07/node.js": {"path":"/home/qusaiqeisi/data-structures-and-algorithm/401-code-challange/class-07/node.js","statementMap":{"0":{"start":{"line":5,"column":4},"end":{"line":5,"column":23}},"1":{"start":{"line":6,"column":4},"end":{"line":6,"column":21}},"2":{"start":{"line":10,"column":0},"end":{"line":10,"column":22}}},"fnMap":{"0":{"name":"(anonymous_0)","decl":{"start":{"line":4,"column":2},"end":{"line":4,"column":3}},"loc":{"start":{"line":4,"column":34},"end":{"line":7,"column":3}},"line":4}},"branchMap":{"0":{"loc":{"start":{"line":4,"column":21},"end":{"line":4,"column":32}},"type":"default-arg","locations":[{"start":{"line":4,"column":28},"end":{"line":4,"column":32}}],"line":4}},"s":{"0":8,"1":8,"2":1},"f":{"0":8},"b":{"0":[8]},"_coverageSchema":"1a1c01bbd47fc00a2c39e90264f33305004495a9","hash":"556b036d8e3f0a148823b7bd2927abfe4cd944c8"}
}
