TN:
SF:index.js
FN:5,(anonymous_0)
FN:9,(anonymous_1)
FN:40,(anonymous_2)
FNF:3
FNH:3
FNDA:2,(anonymous_0)
FNDA:8,(anonymous_1)
FNDA:8,(anonymous_2)
DA:2,1
DA:6,2
DA:10,8
DA:11,0
DA:13,8
DA:14,8
DA:15,8
DA:16,24
DA:17,24
DA:19,8
DA:20,2
DA:23,6
DA:24,2
DA:27,4
DA:28,4
DA:29,4
DA:30,4
DA:31,8
DA:32,8
DA:33,8
DA:34,4
DA:41,8
DA:42,8
DA:43,2
DA:45,6
DA:46,6
DA:47,6
DA:49,6
DA:54,1
LF:29
LH:28
BRDA:10,0,0,0
BRDA:10,0,1,8
BRDA:19,1,0,2
BRDA:19,1,1,6
BRDA:23,2,0,2
BRDA:23,2,1,4
BRDA:33,3,0,4
BRDA:33,3,1,4
BRDA:42,4,0,2
BRDA:42,4,1,6
BRF:10
BRH:9
end_of_record
TN:
SF:node.js
FN:4,(anonymous_0)
FNF:1
FNH:1
FNDA:8,(anonymous_0)
DA:5,8
DA:6,8
DA:10,1
LF:3
LH:3
BRDA:4,0,0,8
BRF:1
BRH:1
end_of_record
