{"/home/qusaiqeisi/data-structures-and-algorithm/401-code-challange/class-34/HashTable.js": {"path":"/home/qusaiqeisi/data-structures-and-algorithm/401-code-challange/class-34/HashTable.js","statementMap":{"0":{"start":{"line":2,"column":19},"end":{"line":2,"column":42}},"1":{"start":{"line":6,"column":4},"end":{"line":6,"column":21}},"2":{"start":{"line":7,"column":4},"end":{"line":7,"column":35}},"3":{"start":{"line":12,"column":24},"end":{"line":14,"column":9}},"4":{"start":{"line":13,"column":6},"end":{"line":13,"column":38}},"5":{"start":{"line":15,"column":20},"end":{"line":15,"column":50}},"6":{"start":{"line":16,"column":4},"end":{"line":16,"column":19}},"7":{"start":{"line":23,"column":4},"end":{"line":27,"column":5}},"8":{"start":{"line":24,"column":6},"end":{"line":24,"column":17}},"9":{"start":{"line":26,"column":6},"end":{"line":26,"column":28}},"10":{"start":{"line":30,"column":4},"end":{"line":36,"column":5}},"11":{"start":{"line":31,"column":17},"end":{"line":31,"column":33}},"12":{"start":{"line":32,"column":6},"end":{"line":32,"column":34}},"13":{"start":{"line":33,"column":6},"end":{"line":33,"column":30}},"14":{"start":{"line":35,"column":6},"end":{"line":35,"column":50}},"15":{"start":{"line":41,"column":17},"end":{"line":41,"column":31}},"16":{"start":{"line":42,"column":4},"end":{"line":52,"column":5}},"17":{"start":{"line":43,"column":24},"end":{"line":43,"column":47}},"18":{"start":{"line":44,"column":6},"end":{"line":49,"column":7}},"19":{"start":{"line":45,"column":8},"end":{"line":47,"column":9}},"20":{"start":{"line":46,"column":10},"end":{"line":46,"column":40}},"21":{"start":{"line":48,"column":8},"end":{"line":48,"column":39}},"22":{"start":{"line":51,"column":6},"end":{"line":51,"column":18}},"23":{"start":{"line":57,"column":17},"end":{"line":57,"column":31}},"24":{"start":{"line":58,"column":4},"end":{"line":68,"column":5}},"25":{"start":{"line":59,"column":24},"end":{"line":59,"column":47}},"26":{"start":{"line":60,"column":6},"end":{"line":65,"column":7}},"27":{"start":{"line":61,"column":8},"end":{"line":63,"column":9}},"28":{"start":{"line":62,"column":10},"end":{"line":62,"column":22}},"29":{"start":{"line":64,"column":8},"end":{"line":64,"column":39}},"30":{"start":{"line":67,"column":6},"end":{"line":67,"column":19}},"31":{"start":{"line":73,"column":16},"end":{"line":73,"column":37}},"32":{"start":{"line":76,"column":4},"end":{"line":83,"column":5}},"33":{"start":{"line":76,"column":17},"end":{"line":76,"column":18}},"34":{"start":{"line":77,"column":6},"end":{"line":77,"column":33}},"35":{"start":{"line":78,"column":6},"end":{"line":78,"column":31}},"36":{"start":{"line":79,"column":6},"end":{"line":79,"column":28}},"37":{"start":{"line":80,"column":6},"end":{"line":82,"column":7}},"38":{"start":{"line":81,"column":8},"end":{"line":81,"column":19}},"39":{"start":{"line":89,"column":18},"end":{"line":89,"column":19}},"40":{"start":{"line":91,"column":18},"end":{"line":91,"column":20}},"41":{"start":{"line":92,"column":23},"end":{"line":107,"column":5}},"42":{"start":{"line":93,"column":6},"end":{"line":93,"column":23}},"43":{"start":{"line":94,"column":6},"end":{"line":94,"column":31}},"44":{"start":{"line":95,"column":6},"end":{"line":100,"column":7}},"45":{"start":{"line":96,"column":8},"end":{"line":96,"column":63}},"46":{"start":{"line":97,"column":8},"end":{"line":99,"column":9}},"47":{"start":{"line":98,"column":10},"end":{"line":98,"column":29}},"48":{"start":{"line":101,"column":6},"end":{"line":103,"column":7}},"49":{"start":{"line":102,"column":8},"end":{"line":102,"column":32}},"50":{"start":{"line":104,"column":6},"end":{"line":106,"column":7}},"51":{"start":{"line":105,"column":8},"end":{"line":105,"column":33}},"52":{"start":{"line":108,"column":4},"end":{"line":108,"column":33}},"53":{"start":{"line":109,"column":4},"end":{"line":109,"column":14}},"54":{"start":{"line":110,"column":4},"end":{"line":110,"column":34}},"55":{"start":{"line":112,"column":4},"end":{"line":112,"column":19}},"56":{"start":{"line":117,"column":24},"end":{"line":117,"column":26}},"57":{"start":{"line":118,"column":22},"end":{"line":118,"column":24}},"58":{"start":{"line":119,"column":4},"end":{"line":137,"column":5}},"59":{"start":{"line":119,"column":17},"end":{"line":119,"column":18}},"60":{"start":{"line":120,"column":6},"end":{"line":120,"column":23}},"61":{"start":{"line":121,"column":6},"end":{"line":136,"column":7}},"62":{"start":{"line":122,"column":24},"end":{"line":122,"column":67}},"63":{"start":{"line":123,"column":26},"end":{"line":123,"column":71}},"64":{"start":{"line":124,"column":8},"end":{"line":124,"column":50}},"65":{"start":{"line":125,"column":8},"end":{"line":125,"column":52}},"66":{"start":{"line":126,"column":8},"end":{"line":134,"column":9}},"67":{"start":{"line":127,"column":27},"end":{"line":127,"column":71}},"68":{"start":{"line":128,"column":29},"end":{"line":128,"column":75}},"69":{"start":{"line":129,"column":10},"end":{"line":131,"column":11}},"70":{"start":{"line":130,"column":12},"end":{"line":130,"column":57}},"71":{"start":{"line":133,"column":10},"end":{"line":133,"column":35}},"72":{"start":{"line":135,"column":8},"end":{"line":135,"column":40}},"73":{"start":{"line":138,"column":4},"end":{"line":138,"column":25}},"74":{"start":{"line":143,"column":16},"end":{"line":143,"column":32}},"75":{"start":{"line":146,"column":4},"end":{"line":155,"column":5}},"76":{"start":{"line":146,"column":17},"end":{"line":146,"column":18}},"77":{"start":{"line":147,"column":6},"end":{"line":154,"column":7}},"78":{"start":{"line":148,"column":8},"end":{"line":148,"column":35}},"79":{"start":{"line":149,"column":8},"end":{"line":149,"column":33}},"80":{"start":{"line":150,"column":8},"end":{"line":150,"column":30}},"81":{"start":{"line":151,"column":8},"end":{"line":153,"column":9}},"82":{"start":{"line":152,"column":10},"end":{"line":152,"column":23}},"83":{"start":{"line":156,"column":4},"end":{"line":156,"column":16}},"84":{"start":{"line":160,"column":0},"end":{"line":160,"column":25}}},"fnMap":{"0":{"name":"(anonymous_0)","decl":{"start":{"line":5,"column":2},"end":{"line":5,"column":3}},"loc":{"start":{"line":5,"column":20},"end":{"line":8,"column":3}},"line":5},"1":{"name":"(anonymous_1)","decl":{"start":{"line":11,"column":2},"end":{"line":11,"column":3}},"loc":{"start":{"line":11,"column":12},"end":{"line":17,"column":3}},"line":11},"2":{"name":"(anonymous_2)","decl":{"start":{"line":12,"column":45},"end":{"line":12,"column":46}},"loc":{"start":{"line":12,"column":60},"end":{"line":14,"column":5}},"line":12},"3":{"name":"(anonymous_3)","decl":{"start":{"line":20,"column":2},"end":{"line":20,"column":3}},"loc":{"start":{"line":20,"column":18},"end":{"line":37,"column":3}},"line":20},"4":{"name":"(anonymous_4)","decl":{"start":{"line":40,"column":2},"end":{"line":40,"column":3}},"loc":{"start":{"line":40,"column":11},"end":{"line":53,"column":3}},"line":40},"5":{"name":"(anonymous_5)","decl":{"start":{"line":56,"column":2},"end":{"line":56,"column":3}},"loc":{"start":{"line":56,"column":16},"end":{"line":69,"column":3}},"line":56},"6":{"name":"(anonymous_6)","decl":{"start":{"line":72,"column":2},"end":{"line":72,"column":3}},"loc":{"start":{"line":72,"column":23},"end":{"line":84,"column":3}},"line":72},"7":{"name":"(anonymous_7)","decl":{"start":{"line":87,"column":2},"end":{"line":87,"column":3}},"loc":{"start":{"line":87,"column":42},"end":{"line":113,"column":3}},"line":87},"8":{"name":"(anonymous_8)","decl":{"start":{"line":92,"column":23},"end":{"line":92,"column":24}},"loc":{"start":{"line":92,"column":33},"end":{"line":107,"column":5}},"line":92},"9":{"name":"(anonymous_9)","decl":{"start":{"line":116,"column":2},"end":{"line":116,"column":3}},"loc":{"start":{"line":116,"column":32},"end":{"line":139,"column":3}},"line":116},"10":{"name":"(anonymous_10)","decl":{"start":{"line":142,"column":2},"end":{"line":142,"column":3}},"loc":{"start":{"line":142,"column":27},"end":{"line":157,"column":3}},"line":142}},"branchMap":{"0":{"loc":{"start":{"line":23,"column":4},"end":{"line":27,"column":5}},"type":"if","locations":[{"start":{"line":23,"column":4},"end":{"line":27,"column":5}},{"start":{"line":23,"column":4},"end":{"line":27,"column":5}}],"line":23},"1":{"loc":{"start":{"line":30,"column":4},"end":{"line":36,"column":5}},"type":"if","locations":[{"start":{"line":30,"column":4},"end":{"line":36,"column":5}},{"start":{"line":30,"column":4},"end":{"line":36,"column":5}}],"line":30},"2":{"loc":{"start":{"line":42,"column":4},"end":{"line":52,"column":5}},"type":"if","locations":[{"start":{"line":42,"column":4},"end":{"line":52,"column":5}},{"start":{"line":42,"column":4},"end":{"line":52,"column":5}}],"line":42},"3":{"loc":{"start":{"line":45,"column":8},"end":{"line":47,"column":9}},"type":"if","locations":[{"start":{"line":45,"column":8},"end":{"line":47,"column":9}},{"start":{"line":45,"column":8},"end":{"line":47,"column":9}}],"line":45},"4":{"loc":{"start":{"line":58,"column":4},"end":{"line":68,"column":5}},"type":"if","locations":[{"start":{"line":58,"column":4},"end":{"line":68,"column":5}},{"start":{"line":58,"column":4},"end":{"line":68,"column":5}}],"line":58},"5":{"loc":{"start":{"line":61,"column":8},"end":{"line":63,"column":9}},"type":"if","locations":[{"start":{"line":61,"column":8},"end":{"line":63,"column":9}},{"start":{"line":61,"column":8},"end":{"line":63,"column":9}}],"line":61},"6":{"loc":{"start":{"line":80,"column":6},"end":{"line":82,"column":7}},"type":"if","locations":[{"start":{"line":80,"column":6},"end":{"line":82,"column":7}},{"start":{"line":80,"column":6},"end":{"line":82,"column":7}}],"line":80},"7":{"loc":{"start":{"line":95,"column":6},"end":{"line":100,"column":7}},"type":"if","locations":[{"start":{"line":95,"column":6},"end":{"line":100,"column":7}},{"start":{"line":95,"column":6},"end":{"line":100,"column":7}}],"line":95},"8":{"loc":{"start":{"line":96,"column":8},"end":{"line":96,"column":62}},"type":"cond-expr","locations":[{"start":{"line":96,"column":34},"end":{"line":96,"column":44}},{"start":{"line":96,"column":48},"end":{"line":96,"column":62}}],"line":96},"9":{"loc":{"start":{"line":97,"column":8},"end":{"line":99,"column":9}},"type":"if","locations":[{"start":{"line":97,"column":8},"end":{"line":99,"column":9}},{"start":{"line":97,"column":8},"end":{"line":99,"column":9}}],"line":97},"10":{"loc":{"start":{"line":101,"column":6},"end":{"line":103,"column":7}},"type":"if","locations":[{"start":{"line":101,"column":6},"end":{"line":103,"column":7}},{"start":{"line":101,"column":6},"end":{"line":103,"column":7}}],"line":101},"11":{"loc":{"start":{"line":104,"column":6},"end":{"line":106,"column":7}},"type":"if","locations":[{"start":{"line":104,"column":6},"end":{"line":106,"column":7}},{"start":{"line":104,"column":6},"end":{"line":106,"column":7}}],"line":104},"12":{"loc":{"start":{"line":121,"column":6},"end":{"line":136,"column":7}},"type":"if","locations":[{"start":{"line":121,"column":6},"end":{"line":136,"column":7}},{"start":{"line":121,"column":6},"end":{"line":136,"column":7}}],"line":121},"13":{"loc":{"start":{"line":126,"column":8},"end":{"line":134,"column":9}},"type":"if","locations":[{"start":{"line":126,"column":8},"end":{"line":134,"column":9}},{"start":{"line":126,"column":8},"end":{"line":134,"column":9}}],"line":126},"14":{"loc":{"start":{"line":129,"column":10},"end":{"line":131,"column":11}},"type":"if","locations":[{"start":{"line":129,"column":10},"end":{"line":131,"column":11}},{"start":{"line":129,"column":10},"end":{"line":131,"column":11}}],"line":129},"15":{"loc":{"start":{"line":147,"column":6},"end":{"line":154,"column":7}},"type":"if","locations":[{"start":{"line":147,"column":6},"end":{"line":154,"column":7}},{"start":{"line":147,"column":6},"end":{"line":154,"column":7}}],"line":147},"16":{"loc":{"start":{"line":151,"column":8},"end":{"line":153,"column":9}},"type":"if","locations":[{"start":{"line":151,"column":8},"end":{"line":153,"column":9}},{"start":{"line":151,"column":8},"end":{"line":153,"column":9}}],"line":151}},"s":{"0":1,"1":3,"2":3,"3":60,"4":60,"5":60,"6":60,"7":30,"8":0,"9":30,"10":30,"11":28,"12":28,"13":28,"14":2,"15":0,"16":0,"17":0,"18":0,"19":0,"20":0,"21":0,"22":0,"23":0,"24":0,"25":0,"26":0,"27":0,"28":0,"29":0,"30":0,"31":0,"32":0,"33":0,"34":0,"35":0,"36":0,"37":0,"38":0,"39":0,"40":0,"41":0,"42":0,"43":0,"44":0,"45":0,"46":0,"47":0,"48":0,"49":0,"50":0,"51":0,"52":0,"53":0,"54":0,"55":0,"56":0,"57":0,"58":0,"59":0,"60":0,"61":0,"62":0,"63":0,"64":0,"65":0,"66":0,"67":0,"68":0,"69":0,"70":0,"71":0,"72":0,"73":0,"74":3,"75":3,"76":3,"77":35,"78":30,"79":30,"80":30,"81":30,"82":2,"83":1,"84":1},"f":{"0":3,"1":60,"2":60,"3":30,"4":0,"5":0,"6":0,"7":0,"8":0,"9":0,"10":3},"b":{"0":[0,30],"1":[28,2],"2":[0,0],"3":[0,0],"4":[0,0],"5":[0,0],"6":[0,0],"7":[0,0],"8":[0,0],"9":[0,0],"10":[0,0],"11":[0,0],"12":[0,0],"13":[0,0],"14":[0,0],"15":[30,5],"16":[2,28]},"_coverageSchema":"1a1c01bbd47fc00a2c39e90264f33305004495a9","hash":"ac48bfd80f99a2d5eb9e7d55aa394900c753be9f"}
,"/home/qusaiqeisi/data-structures-and-algorithm/401-code-challange/class-34/LinkedList.js": {"path":"/home/qusaiqeisi/data-structures-and-algorithm/401-code-challange/class-34/LinkedList.js","statementMap":{"0":{"start":{"line":1,"column":13},"end":{"line":1,"column":30}},"1":{"start":{"line":5,"column":4},"end":{"line":5,"column":21}},"2":{"start":{"line":8,"column":17},"end":{"line":8,"column":32}},"3":{"start":{"line":9,"column":4},"end":{"line":14,"column":5}},"4":{"start":{"line":10,"column":6},"end":{"line":10,"column":23}},"5":{"start":{"line":12,"column":6},"end":{"line":12,"column":28}},"6":{"start":{"line":13,"column":6},"end":{"line":13,"column":23}},"7":{"start":{"line":18,"column":0},"end":{"line":18,"column":28}}},"fnMap":{"0":{"name":"(anonymous_0)","decl":{"start":{"line":4,"column":2},"end":{"line":4,"column":3}},"loc":{"start":{"line":4,"column":16},"end":{"line":6,"column":3}},"line":4},"1":{"name":"(anonymous_1)","decl":{"start":{"line":7,"column":2},"end":{"line":7,"column":3}},"loc":{"start":{"line":7,"column":16},"end":{"line":15,"column":3}},"line":7}},"branchMap":{"0":{"loc":{"start":{"line":9,"column":4},"end":{"line":14,"column":5}},"type":"if","locations":[{"start":{"line":9,"column":4},"end":{"line":14,"column":5}},{"start":{"line":9,"column":4},"end":{"line":14,"column":5}}],"line":9}},"s":{"0":1,"1":28,"2":30,"3":30,"4":28,"5":2,"6":2,"7":1},"f":{"0":28,"1":30},"b":{"0":[28,2]},"_coverageSchema":"1a1c01bbd47fc00a2c39e90264f33305004495a9","hash":"cc4a31a9a2a4f0229f3cb037ff8ec864d46d6b74"}
,"/home/qusaiqeisi/data-structures-and-algorithm/401-code-challange/class-34/node.js": {"path":"/home/qusaiqeisi/data-structures-and-algorithm/401-code-challange/class-34/node.js","statementMap":{"0":{"start":{"line":5,"column":4},"end":{"line":5,"column":23}},"1":{"start":{"line":6,"column":4},"end":{"line":6,"column":21}},"2":{"start":{"line":10,"column":0},"end":{"line":10,"column":22}}},"fnMap":{"0":{"name":"(anonymous_0)","decl":{"start":{"line":4,"column":2},"end":{"line":4,"column":3}},"loc":{"start":{"line":4,"column":34},"end":{"line":7,"column":3}},"line":4}},"branchMap":{"0":{"loc":{"start":{"line":4,"column":21},"end":{"line":4,"column":32}},"type":"default-arg","locations":[{"start":{"line":4,"column":28},"end":{"line":4,"column":32}}],"line":4}},"s":{"0":30,"1":30,"2":1},"f":{"0":30},"b":{"0":[30]},"_coverageSchema":"1a1c01bbd47fc00a2c39e90264f33305004495a9","hash":"9db120fb100287f704f9b97a2f4e5d19a64fe88a"}
}
