TN:
SF:HashTable.js
FN:5,(anonymous_0)
FN:11,(anonymous_1)
FN:12,(anonymous_2)
FN:20,(anonymous_3)
FN:40,(anonymous_4)
FN:56,(anonymous_5)
FN:72,(anonymous_6)
FN:87,(anonymous_7)
FN:92,(anonymous_8)
FN:116,(anonymous_9)
FN:142,(anonymous_10)
FNF:11
FNH:5
FNDA:3,(anonymous_0)
FNDA:60,(anonymous_1)
FNDA:60,(anonymous_2)
FNDA:30,(anonymous_3)
FNDA:0,(anonymous_4)
FNDA:0,(anonymous_5)
FNDA:0,(anonymous_6)
FNDA:0,(anonymous_7)
FNDA:0,(anonymous_8)
FNDA:0,(anonymous_9)
FNDA:3,(anonymous_10)
DA:2,1
DA:6,3
DA:7,3
DA:12,60
DA:13,60
DA:15,60
DA:16,60
DA:23,30
DA:24,0
DA:26,30
DA:30,30
DA:31,28
DA:32,28
DA:33,28
DA:35,2
DA:41,0
DA:42,0
DA:43,0
DA:44,0
DA:45,0
DA:46,0
DA:48,0
DA:51,0
DA:57,0
DA:58,0
DA:59,0
DA:60,0
DA:61,0
DA:62,0
DA:64,0
DA:67,0
DA:73,0
DA:76,0
DA:77,0
DA:78,0
DA:79,0
DA:80,0
DA:81,0
DA:89,0
DA:91,0
DA:92,0
DA:93,0
DA:94,0
DA:95,0
DA:96,0
DA:97,0
DA:98,0
DA:101,0
DA:102,0
DA:104,0
DA:105,0
DA:108,0
DA:109,0
DA:110,0
DA:112,0
DA:117,0
DA:118,0
DA:119,0
DA:120,0
DA:121,0
DA:122,0
DA:123,0
DA:124,0
DA:125,0
DA:126,0
DA:127,0
DA:128,0
DA:129,0
DA:130,0
DA:133,0
DA:135,0
DA:138,0
DA:143,3
DA:146,3
DA:147,35
DA:148,30
DA:149,30
DA:150,30
DA:151,30
DA:152,2
DA:156,1
DA:160,1
LF:82
LH:24
BRDA:23,0,0,0
BRDA:23,0,1,30
BRDA:30,1,0,28
BRDA:30,1,1,2
BRDA:42,2,0,0
BRDA:42,2,1,0
BRDA:45,3,0,0
BRDA:45,3,1,0
BRDA:58,4,0,0
BRDA:58,4,1,0
BRDA:61,5,0,0
BRDA:61,5,1,0
BRDA:80,6,0,0
BRDA:80,6,1,0
BRDA:95,7,0,0
BRDA:95,7,1,0
BRDA:96,8,0,0
BRDA:96,8,1,0
BRDA:97,9,0,0
BRDA:97,9,1,0
BRDA:101,10,0,0
BRDA:101,10,1,0
BRDA:104,11,0,0
BRDA:104,11,1,0
BRDA:121,12,0,0
BRDA:121,12,1,0
BRDA:126,13,0,0
BRDA:126,13,1,0
BRDA:129,14,0,0
BRDA:129,14,1,0
BRDA:147,15,0,30
BRDA:147,15,1,5
BRDA:151,16,0,2
BRDA:151,16,1,28
BRF:34
BRH:7
end_of_record
TN:
SF:LinkedList.js
FN:4,(anonymous_0)
FN:7,(anonymous_1)
FNF:2
FNH:2
FNDA:28,(anonymous_0)
FNDA:30,(anonymous_1)
DA:1,1
DA:5,28
DA:8,30
DA:9,30
DA:10,28
DA:12,2
DA:13,2
DA:18,1
LF:8
LH:8
BRDA:9,0,0,28
BRDA:9,0,1,2
BRF:2
BRH:2
end_of_record
TN:
SF:node.js
FN:4,(anonymous_0)
FNF:1
FNH:1
FNDA:30,(anonymous_0)
DA:5,30
DA:6,30
DA:10,1
LF:3
LH:3
BRDA:4,0,0,30
BRF:1
BRH:1
end_of_record
