<?xml version="1.0" encoding="UTF-8"?>
<coverage generated="1631900109172" clover="3.2.0">
  <project timestamp="1631900109172" name="All files">
    <metrics statements="63" coveredstatements="54" conditionals="20" coveredconditionals="14" methods="10" coveredmethods="9" elements="93" coveredelements="77" complexity="0" loc="63" ncloc="63" packages="1" files="3" classes="3"/>
    <file name="hashtable.js" path="/home/qusaiqeisi/data-structures-and-algorithm/401-code-challange/class-30/hashtable.js">
      <metrics statements="42" coveredstatements="41" conditionals="16" coveredconditionals="12" methods="6" coveredmethods="6"/>
      <line num="3" count="1" type="stmt"/>
      <line num="7" count="5" type="stmt"/>
      <line num="8" count="5" type="stmt"/>
      <line num="12" count="19" type="stmt"/>
      <line num="14" count="71" type="stmt"/>
      <line num="22" count="8" type="stmt"/>
      <line num="23" count="8" type="stmt"/>
      <line num="24" count="8" type="cond" truecount="2" falsecount="0"/>
      <line num="25" count="6" type="stmt"/>
      <line num="27" count="8" type="stmt"/>
      <line num="28" count="8" type="stmt"/>
      <line num="32" count="4" type="stmt"/>
      <line num="34" count="4" type="cond" truecount="2" falsecount="0"/>
      <line num="36" count="3" type="stmt"/>
      <line num="37" count="3" type="stmt"/>
      <line num="38" count="3" type="cond" truecount="2" falsecount="0"/>
      <line num="40" count="1" type="stmt"/>
      <line num="41" count="1" type="stmt"/>
      <line num="42" count="1" type="cond" truecount="1" falsecount="1"/>
      <line num="47" count="4" type="stmt"/>
      <line num="48" count="4" type="cond" truecount="1" falsecount="1"/>
      <line num="50" count="4" type="stmt"/>
      <line num="52" count="4" type="cond" truecount="1" falsecount="1"/>
      <line num="53" count="0" type="stmt"/>
      <line num="55" count="4" type="stmt"/>
      <line num="56" count="4" type="cond" truecount="2" falsecount="0"/>
      <line num="58" count="1" type="stmt"/>
      <line num="59" count="1" type="stmt"/>
      <line num="60" count="1" type="cond" truecount="1" falsecount="1"/>
      <line num="66" count="1" type="stmt"/>
      <line num="67" count="1" type="stmt"/>
      <line num="68" count="1" type="stmt"/>
      <line num="69" count="1" type="stmt"/>
      <line num="70" count="1" type="stmt"/>
      <line num="72" count="1" type="stmt"/>
      <line num="73" count="1" type="stmt"/>
      <line num="74" count="1" type="stmt"/>
      <line num="75" count="1" type="stmt"/>
      <line num="76" count="1" type="stmt"/>
      <line num="78" count="1" type="stmt"/>
      <line num="79" count="1" type="stmt"/>
      <line num="81" count="1" type="stmt"/>
    </file>
    <file name="linkedlist.js" path="/home/qusaiqeisi/data-structures-and-algorithm/401-code-challange/class-30/linkedlist.js">
      <metrics statements="18" coveredstatements="10" conditionals="4" coveredconditionals="2" methods="3" coveredmethods="2"/>
      <line num="2" count="1" type="stmt"/>
      <line num="6" count="6" type="stmt"/>
      <line num="10" count="8" type="stmt"/>
      <line num="11" count="8" type="cond" truecount="2" falsecount="0"/>
      <line num="12" count="6" type="stmt"/>
      <line num="13" count="6" type="stmt"/>
      <line num="15" count="2" type="stmt"/>
      <line num="16" count="2" type="stmt"/>
      <line num="17" count="0" type="stmt"/>
      <line num="19" count="2" type="stmt"/>
      <line num="23" count="0" type="cond" truecount="0" falsecount="2"/>
      <line num="25" count="0" type="stmt"/>
      <line num="26" count="0" type="stmt"/>
      <line num="27" count="0" type="stmt"/>
      <line num="28" count="0" type="stmt"/>
      <line num="29" count="0" type="stmt"/>
      <line num="31" count="0" type="stmt"/>
      <line num="35" count="1" type="stmt"/>
    </file>
    <file name="node.js" path="/home/qusaiqeisi/data-structures-and-algorithm/401-code-challange/class-30/node.js">
      <metrics statements="3" coveredstatements="3" conditionals="0" coveredconditionals="0" methods="1" coveredmethods="1"/>
      <line num="6" count="8" type="stmt"/>
      <line num="7" count="8" type="stmt"/>
      <line num="11" count="1" type="stmt"/>
    </file>
  </project>
</coverage>
