{"/home/qusaiqeisi/data-structures-and-algorithm/401-code-challange/class-30/hashtable.js": {"path":"/home/qusaiqeisi/data-structures-and-algorithm/401-code-challange/class-30/hashtable.js","statementMap":{"0":{"start":{"line":3,"column":19},"end":{"line":3,"column":42}},"1":{"start":{"line":7,"column":4},"end":{"line":7,"column":21}},"2":{"start":{"line":8,"column":4},"end":{"line":8,"column":31}},"3":{"start":{"line":12,"column":4},"end":{"line":18,"column":6}},"4":{"start":{"line":14,"column":8},"end":{"line":14,"column":39}},"5":{"start":{"line":22,"column":15},"end":{"line":22,"column":29}},"6":{"start":{"line":23,"column":4},"end":{"line":23,"column":22}},"7":{"start":{"line":24,"column":4},"end":{"line":26,"column":5}},"8":{"start":{"line":25,"column":6},"end":{"line":25,"column":40}},"9":{"start":{"line":27,"column":16},"end":{"line":27,"column":32}},"10":{"start":{"line":28,"column":4},"end":{"line":28,"column":33}},"11":{"start":{"line":32,"column":15},"end":{"line":32,"column":29}},"12":{"start":{"line":34,"column":4},"end":{"line":34,"column":51}},"13":{"start":{"line":34,"column":25},"end":{"line":34,"column":51}},"14":{"start":{"line":36,"column":16},"end":{"line":36,"column":30}},"15":{"start":{"line":37,"column":18},"end":{"line":37,"column":28}},"16":{"start":{"line":38,"column":4},"end":{"line":38,"column":54}},"17":{"start":{"line":38,"column":28},"end":{"line":38,"column":54}},"18":{"start":{"line":40,"column":4},"end":{"line":43,"column":5}},"19":{"start":{"line":41,"column":6},"end":{"line":41,"column":29}},"20":{"start":{"line":42,"column":6},"end":{"line":42,"column":56}},"21":{"start":{"line":42,"column":30},"end":{"line":42,"column":56}},"22":{"start":{"line":47,"column":15},"end":{"line":47,"column":29}},"23":{"start":{"line":48,"column":4},"end":{"line":48,"column":38}},"24":{"start":{"line":48,"column":25},"end":{"line":48,"column":38}},"25":{"start":{"line":50,"column":16},"end":{"line":50,"column":30}},"26":{"start":{"line":52,"column":4},"end":{"line":62,"column":5}},"27":{"start":{"line":53,"column":6},"end":{"line":53,"column":19}},"28":{"start":{"line":55,"column":20},"end":{"line":55,"column":30}},"29":{"start":{"line":56,"column":6},"end":{"line":56,"column":42}},"30":{"start":{"line":56,"column":30},"end":{"line":56,"column":42}},"31":{"start":{"line":58,"column":6},"end":{"line":61,"column":7}},"32":{"start":{"line":59,"column":8},"end":{"line":59,"column":31}},"33":{"start":{"line":60,"column":8},"end":{"line":60,"column":44}},"34":{"start":{"line":60,"column":32},"end":{"line":60,"column":44}},"35":{"start":{"line":66,"column":16},"end":{"line":66,"column":35}},"36":{"start":{"line":67,"column":0},"end":{"line":67,"column":29}},"37":{"start":{"line":68,"column":0},"end":{"line":68,"column":23}},"38":{"start":{"line":69,"column":0},"end":{"line":69,"column":28}},"39":{"start":{"line":70,"column":0},"end":{"line":70,"column":33}},"40":{"start":{"line":72,"column":0},"end":{"line":72,"column":32}},"41":{"start":{"line":73,"column":0},"end":{"line":73,"column":38}},"42":{"start":{"line":74,"column":0},"end":{"line":74,"column":37}},"43":{"start":{"line":75,"column":0},"end":{"line":75,"column":37}},"44":{"start":{"line":76,"column":0},"end":{"line":76,"column":46}},"45":{"start":{"line":78,"column":0},"end":{"line":78,"column":46}},"46":{"start":{"line":79,"column":0},"end":{"line":79,"column":50}},"47":{"start":{"line":81,"column":0},"end":{"line":81,"column":27}}},"fnMap":{"0":{"name":"(anonymous_0)","decl":{"start":{"line":6,"column":2},"end":{"line":6,"column":3}},"loc":{"start":{"line":6,"column":20},"end":{"line":9,"column":3}},"line":6},"1":{"name":"(anonymous_1)","decl":{"start":{"line":11,"column":2},"end":{"line":11,"column":3}},"loc":{"start":{"line":11,"column":12},"end":{"line":19,"column":3}},"line":11},"2":{"name":"(anonymous_2)","decl":{"start":{"line":13,"column":28},"end":{"line":13,"column":29}},"loc":{"start":{"line":13,"column":42},"end":{"line":15,"column":7}},"line":13},"3":{"name":"(anonymous_3)","decl":{"start":{"line":21,"column":2},"end":{"line":21,"column":3}},"loc":{"start":{"line":21,"column":18},"end":{"line":29,"column":3}},"line":21},"4":{"name":"(anonymous_4)","decl":{"start":{"line":31,"column":2},"end":{"line":31,"column":3}},"loc":{"start":{"line":31,"column":11},"end":{"line":44,"column":3}},"line":31},"5":{"name":"(anonymous_5)","decl":{"start":{"line":46,"column":2},"end":{"line":46,"column":3}},"loc":{"start":{"line":46,"column":15},"end":{"line":63,"column":3}},"line":46}},"branchMap":{"0":{"loc":{"start":{"line":24,"column":4},"end":{"line":26,"column":5}},"type":"if","locations":[{"start":{"line":24,"column":4},"end":{"line":26,"column":5}},{"start":{"line":24,"column":4},"end":{"line":26,"column":5}}],"line":24},"1":{"loc":{"start":{"line":34,"column":4},"end":{"line":34,"column":51}},"type":"if","locations":[{"start":{"line":34,"column":4},"end":{"line":34,"column":51}},{"start":{"line":34,"column":4},"end":{"line":34,"column":51}}],"line":34},"2":{"loc":{"start":{"line":38,"column":4},"end":{"line":38,"column":54}},"type":"if","locations":[{"start":{"line":38,"column":4},"end":{"line":38,"column":54}},{"start":{"line":38,"column":4},"end":{"line":38,"column":54}}],"line":38},"3":{"loc":{"start":{"line":42,"column":6},"end":{"line":42,"column":56}},"type":"if","locations":[{"start":{"line":42,"column":6},"end":{"line":42,"column":56}},{"start":{"line":42,"column":6},"end":{"line":42,"column":56}}],"line":42},"4":{"loc":{"start":{"line":48,"column":4},"end":{"line":48,"column":38}},"type":"if","locations":[{"start":{"line":48,"column":4},"end":{"line":48,"column":38}},{"start":{"line":48,"column":4},"end":{"line":48,"column":38}}],"line":48},"5":{"loc":{"start":{"line":52,"column":4},"end":{"line":62,"column":5}},"type":"if","locations":[{"start":{"line":52,"column":4},"end":{"line":62,"column":5}},{"start":{"line":52,"column":4},"end":{"line":62,"column":5}}],"line":52},"6":{"loc":{"start":{"line":56,"column":6},"end":{"line":56,"column":42}},"type":"if","locations":[{"start":{"line":56,"column":6},"end":{"line":56,"column":42}},{"start":{"line":56,"column":6},"end":{"line":56,"column":42}}],"line":56},"7":{"loc":{"start":{"line":60,"column":8},"end":{"line":60,"column":44}},"type":"if","locations":[{"start":{"line":60,"column":8},"end":{"line":60,"column":44}},{"start":{"line":60,"column":8},"end":{"line":60,"column":44}}],"line":60}},"s":{"0":1,"1":5,"2":5,"3":19,"4":71,"5":8,"6":8,"7":8,"8":6,"9":8,"10":8,"11":4,"12":4,"13":1,"14":3,"15":3,"16":3,"17":2,"18":1,"19":1,"20":1,"21":1,"22":4,"23":4,"24":0,"25":4,"26":4,"27":0,"28":4,"29":4,"30":3,"31":1,"32":1,"33":1,"34":1,"35":1,"36":1,"37":1,"38":1,"39":1,"40":1,"41":1,"42":1,"43":1,"44":1,"45":1,"46":1,"47":1},"f":{"0":5,"1":19,"2":71,"3":8,"4":4,"5":4},"b":{"0":[6,2],"1":[1,3],"2":[2,1],"3":[1,0],"4":[0,4],"5":[0,4],"6":[3,1],"7":[1,0]},"_coverageSchema":"1a1c01bbd47fc00a2c39e90264f33305004495a9","hash":"039a32da04acade13a9ff928924dee896b941c9b"}
,"/home/qusaiqeisi/data-structures-and-algorithm/401-code-challange/class-30/linkedlist.js": {"path":"/home/qusaiqeisi/data-structures-and-algorithm/401-code-challange/class-30/linkedlist.js","statementMap":{"0":{"start":{"line":2,"column":13},"end":{"line":2,"column":30}},"1":{"start":{"line":6,"column":4},"end":{"line":6,"column":21}},"2":{"start":{"line":10,"column":17},"end":{"line":10,"column":32}},"3":{"start":{"line":11,"column":4},"end":{"line":14,"column":5}},"4":{"start":{"line":12,"column":6},"end":{"line":12,"column":23}},"5":{"start":{"line":13,"column":6},"end":{"line":13,"column":13}},"6":{"start":{"line":15,"column":18},"end":{"line":15,"column":27}},"7":{"start":{"line":16,"column":4},"end":{"line":18,"column":5}},"8":{"start":{"line":17,"column":6},"end":{"line":17,"column":29}},"9":{"start":{"line":19,"column":4},"end":{"line":19,"column":24}},"10":{"start":{"line":23,"column":4},"end":{"line":23,"column":35}},"11":{"start":{"line":23,"column":20},"end":{"line":23,"column":35}},"12":{"start":{"line":25,"column":18},"end":{"line":25,"column":27}},"13":{"start":{"line":26,"column":19},"end":{"line":26,"column":21}},"14":{"start":{"line":27,"column":4},"end":{"line":30,"column":5}},"15":{"start":{"line":28,"column":6},"end":{"line":28,"column":35}},"16":{"start":{"line":29,"column":6},"end":{"line":29,"column":29}},"17":{"start":{"line":31,"column":4},"end":{"line":31,"column":20}},"18":{"start":{"line":35,"column":0},"end":{"line":35,"column":28}}},"fnMap":{"0":{"name":"(anonymous_0)","decl":{"start":{"line":5,"column":2},"end":{"line":5,"column":3}},"loc":{"start":{"line":5,"column":16},"end":{"line":7,"column":3}},"line":5},"1":{"name":"(anonymous_1)","decl":{"start":{"line":9,"column":2},"end":{"line":9,"column":3}},"loc":{"start":{"line":9,"column":16},"end":{"line":20,"column":3}},"line":9},"2":{"name":"(anonymous_2)","decl":{"start":{"line":22,"column":2},"end":{"line":22,"column":3}},"loc":{"start":{"line":22,"column":12},"end":{"line":32,"column":3}},"line":22}},"branchMap":{"0":{"loc":{"start":{"line":11,"column":4},"end":{"line":14,"column":5}},"type":"if","locations":[{"start":{"line":11,"column":4},"end":{"line":14,"column":5}},{"start":{"line":11,"column":4},"end":{"line":14,"column":5}}],"line":11},"1":{"loc":{"start":{"line":23,"column":4},"end":{"line":23,"column":35}},"type":"if","locations":[{"start":{"line":23,"column":4},"end":{"line":23,"column":35}},{"start":{"line":23,"column":4},"end":{"line":23,"column":35}}],"line":23}},"s":{"0":1,"1":6,"2":8,"3":8,"4":6,"5":6,"6":2,"7":2,"8":0,"9":2,"10":0,"11":0,"12":0,"13":0,"14":0,"15":0,"16":0,"17":0,"18":1},"f":{"0":6,"1":8,"2":0},"b":{"0":[6,2],"1":[0,0]},"_coverageSchema":"1a1c01bbd47fc00a2c39e90264f33305004495a9","hash":"fc9bbc8a4fe426c042fe4f66e288e8bdeb6d8905"}
,"/home/qusaiqeisi/data-structures-and-algorithm/401-code-challange/class-30/node.js": {"path":"/home/qusaiqeisi/data-structures-and-algorithm/401-code-challange/class-30/node.js","statementMap":{"0":{"start":{"line":6,"column":8},"end":{"line":6,"column":25}},"1":{"start":{"line":7,"column":8},"end":{"line":7,"column":23}},"2":{"start":{"line":11,"column":0},"end":{"line":11,"column":19}}},"fnMap":{"0":{"name":"(anonymous_0)","decl":{"start":{"line":5,"column":4},"end":{"line":5,"column":5}},"loc":{"start":{"line":5,"column":22},"end":{"line":8,"column":5}},"line":5}},"branchMap":{},"s":{"0":8,"1":8,"2":1},"f":{"0":8},"b":{},"_coverageSchema":"1a1c01bbd47fc00a2c39e90264f33305004495a9","hash":"e588d6e15a2c210a97610ba94226e28361131d3f"}
}
