TN:
SF:hashtable.js
FN:6,(anonymous_0)
FN:11,(anonymous_1)
FN:13,(anonymous_2)
FN:21,(anonymous_3)
FN:31,(anonymous_4)
FN:46,(anonymous_5)
FNF:6
FNH:6
FNDA:5,(anonymous_0)
FNDA:19,(anonymous_1)
FNDA:71,(anonymous_2)
FNDA:8,(anonymous_3)
FNDA:4,(anonymous_4)
FNDA:4,(anonymous_5)
DA:3,1
DA:7,5
DA:8,5
DA:12,19
DA:14,71
DA:22,8
DA:23,8
DA:24,8
DA:25,6
DA:27,8
DA:28,8
DA:32,4
DA:34,4
DA:36,3
DA:37,3
DA:38,3
DA:40,1
DA:41,1
DA:42,1
DA:47,4
DA:48,4
DA:50,4
DA:52,4
DA:53,0
DA:55,4
DA:56,4
DA:58,1
DA:59,1
DA:60,1
DA:66,1
DA:67,1
DA:68,1
DA:69,1
DA:70,1
DA:72,1
DA:73,1
DA:74,1
DA:75,1
DA:76,1
DA:78,1
DA:79,1
DA:81,1
LF:42
LH:41
BRDA:24,0,0,6
BRDA:24,0,1,2
BRDA:34,1,0,1
BRDA:34,1,1,3
BRDA:38,2,0,2
BRDA:38,2,1,1
BRDA:42,3,0,1
BRDA:42,3,1,0
BRDA:48,4,0,0
BRDA:48,4,1,4
BRDA:52,5,0,0
BRDA:52,5,1,4
BRDA:56,6,0,3
BRDA:56,6,1,1
BRDA:60,7,0,1
BRDA:60,7,1,0
BRF:16
BRH:12
end_of_record
TN:
SF:linkedlist.js
FN:5,(anonymous_0)
FN:9,(anonymous_1)
FN:22,(anonymous_2)
FNF:3
FNH:2
FNDA:6,(anonymous_0)
FNDA:8,(anonymous_1)
FNDA:0,(anonymous_2)
DA:2,1
DA:6,6
DA:10,8
DA:11,8
DA:12,6
DA:13,6
DA:15,2
DA:16,2
DA:17,0
DA:19,2
DA:23,0
DA:25,0
DA:26,0
DA:27,0
DA:28,0
DA:29,0
DA:31,0
DA:35,1
LF:18
LH:10
BRDA:11,0,0,6
BRDA:11,0,1,2
BRDA:23,1,0,0
BRDA:23,1,1,0
BRF:4
BRH:2
end_of_record
TN:
SF:node.js
FN:5,(anonymous_0)
FNF:1
FNH:1
FNDA:8,(anonymous_0)
DA:6,8
DA:7,8
DA:11,1
LF:3
LH:3
BRF:0
BRH:0
end_of_record
