{"/home/qusaiqeisi/data-structures-and-algorithm/401-code-challange/class-28/QuickSort.js": {"path":"/home/qusaiqeisi/data-structures-and-algorithm/401-code-challange/class-28/QuickSort.js","statementMap":{"0":{"start":{"line":2,"column":1},"end":{"line":21,"column":2}},"1":{"start":{"line":3,"column":2},"end":{"line":3,"column":19}},"2":{"start":{"line":6,"column":13},"end":{"line":6,"column":15}},"3":{"start":{"line":7,"column":14},"end":{"line":7,"column":16}},"4":{"start":{"line":8,"column":17},"end":{"line":8,"column":19}},"5":{"start":{"line":9,"column":14},"end":{"line":9,"column":29}},"6":{"start":{"line":10,"column":15},"end":{"line":10,"column":31}},"7":{"start":{"line":12,"column":2},"end":{"line":18,"column":3}},"8":{"start":{"line":12,"column":15},"end":{"line":12,"column":16}},"9":{"start":{"line":13,"column":3},"end":{"line":17,"column":4}},"10":{"start":{"line":14,"column":4},"end":{"line":14,"column":28}},"11":{"start":{"line":16,"column":4},"end":{"line":16,"column":29}},"12":{"start":{"line":20,"column":2},"end":{"line":20,"column":69}},"13":{"start":{"line":24,"column":14},"end":{"line":24,"column":37}},"14":{"start":{"line":26,"column":0},"end":{"line":26,"column":42}},"15":{"start":{"line":27,"column":18},"end":{"line":27,"column":37}},"16":{"start":{"line":28,"column":0},"end":{"line":28,"column":44}},"17":{"start":{"line":30,"column":0},"end":{"line":30,"column":27}}},"fnMap":{"0":{"name":"quick_Sort","decl":{"start":{"line":1,"column":9},"end":{"line":1,"column":19}},"loc":{"start":{"line":1,"column":31},"end":{"line":22,"column":1}},"line":1}},"branchMap":{"0":{"loc":{"start":{"line":2,"column":1},"end":{"line":21,"column":2}},"type":"if","locations":[{"start":{"line":2,"column":1},"end":{"line":21,"column":2}},{"start":{"line":2,"column":1},"end":{"line":21,"column":2}}],"line":2},"1":{"loc":{"start":{"line":13,"column":3},"end":{"line":17,"column":4}},"type":"if","locations":[{"start":{"line":13,"column":3},"end":{"line":17,"column":4}},{"start":{"line":13,"column":3},"end":{"line":17,"column":4}}],"line":13}},"s":{"0":18,"1":10,"2":8,"3":8,"4":8,"5":8,"6":8,"7":8,"8":8,"9":20,"10":8,"11":12,"12":8,"13":1,"14":1,"15":1,"16":1,"17":1},"f":{"0":18},"b":{"0":[10,8],"1":[8,12]},"_coverageSchema":"1a1c01bbd47fc00a2c39e90264f33305004495a9","hash":"47ac114cdb2902e3ebdb2f71dccdc3b3dd149820"}
}
