<?xml version="1.0" encoding="UTF-8"?>
<coverage generated="1632755423070" clover="3.2.0">
  <project timestamp="1632755423070" name="All files">
    <metrics statements="33" coveredstatements="27" conditionals="13" coveredconditionals="10" methods="7" coveredmethods="6" elements="53" coveredelements="43" complexity="0" loc="33" ncloc="33" packages="1" files="2" classes="2"/>
    <file name="graph-business-trip.js" path="/home/qusaiqeisi/data-structures-and-algorithm/401-code-challange/class-37/graph-business-trip.js">
      <metrics statements="16" coveredstatements="16" conditionals="6" coveredconditionals="6" methods="1" coveredmethods="1"/>
      <line num="3" count="1" type="stmt"/>
      <line num="6" count="12" type="stmt"/>
      <line num="7" count="12" type="cond" truecount="2" falsecount="0"/>
      <line num="8" count="8" type="stmt"/>
      <line num="9" count="8" type="stmt"/>
      <line num="10" count="8" type="stmt"/>
      <line num="11" count="8" type="stmt"/>
      <line num="12" count="18" type="cond" truecount="2" falsecount="0"/>
      <line num="13" count="4" type="stmt"/>
      <line num="14" count="4" type="stmt"/>
      <line num="15" count="4" type="stmt"/>
      <line num="18" count="8" type="cond" truecount="2" falsecount="0"/>
      <line num="19" count="4" type="stmt"/>
      <line num="23" count="4" type="stmt"/>
      <line num="25" count="4" type="stmt"/>
      <line num="27" count="1" type="stmt"/>
    </file>
    <file name="graph.js" path="/home/qusaiqeisi/data-structures-and-algorithm/401-code-challange/class-37/graph.js">
      <metrics statements="17" coveredstatements="11" conditionals="7" coveredconditionals="4" methods="6" coveredmethods="5"/>
      <line num="5" count="18" type="stmt"/>
      <line num="6" count="18" type="stmt"/>
      <line num="11" count="1" type="stmt"/>
      <line num="12" count="1" type="stmt"/>
      <line num="15" count="6" type="stmt"/>
      <line num="16" count="6" type="stmt"/>
      <line num="17" count="6" type="stmt"/>
      <line num="20" count="18" type="cond" truecount="4" falsecount="1"/>
      <line num="21" count="18" type="stmt"/>
      <line num="23" count="0" type="stmt"/>
      <line num="26" count="0" type="stmt"/>
      <line num="27" count="0" type="stmt"/>
      <line num="28" count="0" type="stmt"/>
      <line num="29" count="0" type="stmt"/>
      <line num="31" count="0" type="cond" truecount="0" falsecount="2"/>
      <line num="34" count="26" type="stmt"/>
      <line num="38" count="1" type="stmt"/>
    </file>
  </project>
</coverage>
