{"/home/qusaiqeisi/data-structures-and-algorithm/401-code-challange/class-37/graph-business-trip.js": {"path":"/home/qusaiqeisi/data-structures-and-algorithm/401-code-challange/class-37/graph-business-trip.js","statementMap":{"0":{"start":{"line":3,"column":18},"end":{"line":3,"column":36}},"1":{"start":{"line":6,"column":20},"end":{"line":6,"column":21}},"2":{"start":{"line":7,"column":4},"end":{"line":24,"column":5}},"3":{"start":{"line":8,"column":24},"end":{"line":8,"column":49}},"4":{"start":{"line":9,"column":8},"end":{"line":21,"column":9}},"5":{"start":{"line":9,"column":21},"end":{"line":9,"column":22}},"6":{"start":{"line":10,"column":23},"end":{"line":10,"column":28}},"7":{"start":{"line":11,"column":12},"end":{"line":17,"column":13}},"8":{"start":{"line":12,"column":16},"end":{"line":16,"column":17}},"9":{"start":{"line":13,"column":20},"end":{"line":13,"column":30}},"10":{"start":{"line":14,"column":20},"end":{"line":14,"column":37}},"11":{"start":{"line":15,"column":20},"end":{"line":15,"column":26}},"12":{"start":{"line":18,"column":12},"end":{"line":20,"column":13}},"13":{"start":{"line":19,"column":16},"end":{"line":19,"column":33}},"14":{"start":{"line":23,"column":8},"end":{"line":23,"column":26}},"15":{"start":{"line":25,"column":4},"end":{"line":25,"column":28}},"16":{"start":{"line":27,"column":0},"end":{"line":27,"column":37}}},"fnMap":{"0":{"name":"businessTrip","decl":{"start":{"line":5,"column":9},"end":{"line":5,"column":21}},"loc":{"start":{"line":5,"column":34},"end":{"line":26,"column":1}},"line":5}},"branchMap":{"0":{"loc":{"start":{"line":7,"column":4},"end":{"line":24,"column":5}},"type":"if","locations":[{"start":{"line":7,"column":4},"end":{"line":24,"column":5}},{"start":{"line":7,"column":4},"end":{"line":24,"column":5}}],"line":7},"1":{"loc":{"start":{"line":12,"column":16},"end":{"line":16,"column":17}},"type":"if","locations":[{"start":{"line":12,"column":16},"end":{"line":16,"column":17}},{"start":{"line":12,"column":16},"end":{"line":16,"column":17}}],"line":12},"2":{"loc":{"start":{"line":18,"column":12},"end":{"line":20,"column":13}},"type":"if","locations":[{"start":{"line":18,"column":12},"end":{"line":20,"column":13}},{"start":{"line":18,"column":12},"end":{"line":20,"column":13}}],"line":18}},"s":{"0":1,"1":12,"2":12,"3":8,"4":8,"5":8,"6":8,"7":8,"8":18,"9":4,"10":4,"11":4,"12":8,"13":4,"14":4,"15":4,"16":1},"f":{"0":12},"b":{"0":[8,4],"1":[4,14],"2":[4,4]},"_coverageSchema":"1a1c01bbd47fc00a2c39e90264f33305004495a9","hash":"6318c38ea62a379aa92cb91e301458b44d960143"}
,"/home/qusaiqeisi/data-structures-and-algorithm/401-code-challange/class-37/graph.js": {"path":"/home/qusaiqeisi/data-structures-and-algorithm/401-code-challange/class-37/graph.js","statementMap":{"0":{"start":{"line":5,"column":8},"end":{"line":5,"column":25}},"1":{"start":{"line":6,"column":8},"end":{"line":6,"column":29}},"2":{"start":{"line":11,"column":8},"end":{"line":11,"column":22}},"3":{"start":{"line":12,"column":8},"end":{"line":12,"column":28}},"4":{"start":{"line":15,"column":8},"end":{"line":15,"column":32}},"5":{"start":{"line":16,"column":8},"end":{"line":16,"column":20}},"6":{"start":{"line":17,"column":8},"end":{"line":17,"column":21}},"7":{"start":{"line":20,"column":8},"end":{"line":22,"column":9}},"8":{"start":{"line":21,"column":12},"end":{"line":21,"column":65}},"9":{"start":{"line":23,"column":8},"end":{"line":23,"column":68}},"10":{"start":{"line":26,"column":21},"end":{"line":26,"column":39}},"11":{"start":{"line":27,"column":20},"end":{"line":27,"column":22}},"12":{"start":{"line":28,"column":8},"end":{"line":30,"column":9}},"13":{"start":{"line":29,"column":12},"end":{"line":29,"column":35}},"14":{"start":{"line":31,"column":8},"end":{"line":31,"column":36}},"15":{"start":{"line":34,"column":8},"end":{"line":34,"column":34}},"16":{"start":{"line":38,"column":0},"end":{"line":38,"column":27}}},"fnMap":{"0":{"name":"(anonymous_0)","decl":{"start":{"line":4,"column":4},"end":{"line":4,"column":5}},"loc":{"start":{"line":4,"column":30},"end":{"line":7,"column":5}},"line":4},"1":{"name":"(anonymous_1)","decl":{"start":{"line":10,"column":4},"end":{"line":10,"column":5}},"loc":{"start":{"line":10,"column":18},"end":{"line":13,"column":5}},"line":10},"2":{"name":"(anonymous_2)","decl":{"start":{"line":14,"column":4},"end":{"line":14,"column":5}},"loc":{"start":{"line":14,"column":19},"end":{"line":18,"column":5}},"line":14},"3":{"name":"(anonymous_3)","decl":{"start":{"line":19,"column":4},"end":{"line":19,"column":5}},"loc":{"start":{"line":19,"column":30},"end":{"line":24,"column":5}},"line":19},"4":{"name":"(anonymous_4)","decl":{"start":{"line":25,"column":4},"end":{"line":25,"column":5}},"loc":{"start":{"line":25,"column":15},"end":{"line":32,"column":5}},"line":25},"5":{"name":"(anonymous_5)","decl":{"start":{"line":33,"column":4},"end":{"line":33,"column":5}},"loc":{"start":{"line":33,"column":22},"end":{"line":35,"column":5}},"line":33}},"branchMap":{"0":{"loc":{"start":{"line":20,"column":8},"end":{"line":22,"column":9}},"type":"if","locations":[{"start":{"line":20,"column":8},"end":{"line":22,"column":9}},{"start":{"line":20,"column":8},"end":{"line":22,"column":9}}],"line":20},"1":{"loc":{"start":{"line":20,"column":12},"end":{"line":20,"column":118}},"type":"binary-expr","locations":[{"start":{"line":20,"column":12},"end":{"line":20,"column":30}},{"start":{"line":20,"column":34},"end":{"line":20,"column":50}},{"start":{"line":20,"column":54},"end":{"line":20,"column":118}}],"line":20},"2":{"loc":{"start":{"line":31,"column":15},"end":{"line":31,"column":35}},"type":"cond-expr","locations":[{"start":{"line":31,"column":27},"end":{"line":31,"column":30}},{"start":{"line":31,"column":31},"end":{"line":31,"column":35}}],"line":31}},"s":{"0":18,"1":18,"2":1,"3":1,"4":6,"5":6,"6":6,"7":18,"8":18,"9":0,"10":0,"11":0,"12":0,"13":0,"14":0,"15":26,"16":1},"f":{"0":18,"1":1,"2":6,"3":18,"4":0,"5":26},"b":{"0":[18,0],"1":[18,18,18],"2":[0,0]},"_coverageSchema":"1a1c01bbd47fc00a2c39e90264f33305004495a9","hash":"c4aa32b372ecbb96bcbb8a933bdfc4c12bb41861"}
}
