TN:
SF:graph-business-trip.js
FN:5,businessTrip
FNF:1
FNH:1
FNDA:12,businessTrip
DA:3,1
DA:6,12
DA:7,12
DA:8,8
DA:9,8
DA:10,8
DA:11,8
DA:12,18
DA:13,4
DA:14,4
DA:15,4
DA:18,8
DA:19,4
DA:23,4
DA:25,4
DA:27,1
LF:16
LH:16
BRDA:7,0,0,8
BRDA:7,0,1,4
BRDA:12,1,0,4
BRDA:12,1,1,14
BRDA:18,2,0,4
BRDA:18,2,1,4
BRF:6
BRH:6
end_of_record
TN:
SF:graph.js
FN:4,(anonymous_0)
FN:10,(anonymous_1)
FN:14,(anonymous_2)
FN:19,(anonymous_3)
FN:25,(anonymous_4)
FN:33,(anonymous_5)
FNF:6
FNH:5
FNDA:18,(anonymous_0)
FNDA:1,(anonymous_1)
FNDA:6,(anonymous_2)
FNDA:18,(anonymous_3)
FNDA:0,(anonymous_4)
FNDA:26,(anonymous_5)
DA:5,18
DA:6,18
DA:11,1
DA:12,1
DA:15,6
DA:16,6
DA:17,6
DA:20,18
DA:21,18
DA:23,0
DA:26,0
DA:27,0
DA:28,0
DA:29,0
DA:31,0
DA:34,26
DA:38,1
LF:17
LH:11
BRDA:20,0,0,18
BRDA:20,0,1,0
BRDA:20,1,0,18
BRDA:20,1,1,18
BRDA:20,1,2,18
BRDA:31,2,0,0
BRDA:31,2,1,0
BRF:7
BRH:4
end_of_record
