{"/home/qusaiqeisi/data-structures-and-algorithm/401-code-challange/class-05/linked-list.js": {"path":"/home/qusaiqeisi/data-structures-and-algorithm/401-code-challange/class-05/linked-list.js","statementMap":{"0":{"start":{"line":3,"column":13},"end":{"line":3,"column":30}},"1":{"start":{"line":7,"column":4},"end":{"line":7,"column":21}},"2":{"start":{"line":11,"column":17},"end":{"line":11,"column":32}},"3":{"start":{"line":13,"column":4},"end":{"line":15,"column":5}},"4":{"start":{"line":14,"column":6},"end":{"line":14,"column":28}},"5":{"start":{"line":16,"column":4},"end":{"line":16,"column":21}},"6":{"start":{"line":20,"column":17},"end":{"line":20,"column":32}},"7":{"start":{"line":21,"column":4},"end":{"line":29,"column":5}},"8":{"start":{"line":22,"column":6},"end":{"line":22,"column":23}},"9":{"start":{"line":24,"column":24},"end":{"line":24,"column":33}},"10":{"start":{"line":25,"column":6},"end":{"line":27,"column":7}},"11":{"start":{"line":26,"column":8},"end":{"line":26,"column":39}},"12":{"start":{"line":28,"column":6},"end":{"line":28,"column":30}},"13":{"start":{"line":34,"column":22},"end":{"line":34,"column":31}},"14":{"start":{"line":36,"column":4},"end":{"line":45,"column":5}},"15":{"start":{"line":38,"column":6},"end":{"line":44,"column":7}},"16":{"start":{"line":41,"column":8},"end":{"line":41,"column":20}},"17":{"start":{"line":43,"column":8},"end":{"line":43,"column":39}},"18":{"start":{"line":46,"column":4},"end":{"line":46,"column":17}},"19":{"start":{"line":50,"column":14},"end":{"line":50,"column":16}},"20":{"start":{"line":51,"column":22},"end":{"line":51,"column":31}},"21":{"start":{"line":52,"column":4},"end":{"line":56,"column":5}},"22":{"start":{"line":53,"column":6},"end":{"line":53,"column":46}},"23":{"start":{"line":55,"column":6},"end":{"line":55,"column":37}},"24":{"start":{"line":57,"column":4},"end":{"line":57,"column":23}},"25":{"start":{"line":59,"column":4},"end":{"line":59,"column":15}},"26":{"start":{"line":63,"column":4},"end":{"line":90,"column":5}},"27":{"start":{"line":64,"column":6},"end":{"line":64,"column":33}},"28":{"start":{"line":66,"column":18},"end":{"line":66,"column":19}},"29":{"start":{"line":67,"column":24},"end":{"line":67,"column":33}},"30":{"start":{"line":68,"column":6},"end":{"line":71,"column":7}},"31":{"start":{"line":69,"column":8},"end":{"line":69,"column":16}},"32":{"start":{"line":70,"column":8},"end":{"line":70,"column":39}},"33":{"start":{"line":72,"column":6},"end":{"line":74,"column":7}},"34":{"start":{"line":73,"column":8},"end":{"line":73,"column":78}},"35":{"start":{"line":76,"column":6},"end":{"line":78,"column":7}},"36":{"start":{"line":77,"column":8},"end":{"line":77,"column":35}},"37":{"start":{"line":80,"column":24},"end":{"line":80,"column":33}},"38":{"start":{"line":81,"column":20},"end":{"line":81,"column":21}},"39":{"start":{"line":82,"column":6},"end":{"line":82,"column":30}},"40":{"start":{"line":83,"column":6},"end":{"line":89,"column":7}},"41":{"start":{"line":84,"column":8},"end":{"line":84,"column":18}},"42":{"start":{"line":85,"column":8},"end":{"line":85,"column":39}},"43":{"start":{"line":86,"column":8},"end":{"line":88,"column":9}},"44":{"start":{"line":87,"column":10},"end":{"line":87,"column":35}},"45":{"start":{"line":94,"column":0},"end":{"line":94,"column":28}}},"fnMap":{"0":{"name":"(anonymous_0)","decl":{"start":{"line":6,"column":2},"end":{"line":6,"column":3}},"loc":{"start":{"line":6,"column":16},"end":{"line":8,"column":3}},"line":6},"1":{"name":"(anonymous_1)","decl":{"start":{"line":10,"column":2},"end":{"line":10,"column":3}},"loc":{"start":{"line":10,"column":16},"end":{"line":17,"column":3}},"line":10},"2":{"name":"(anonymous_2)","decl":{"start":{"line":19,"column":2},"end":{"line":19,"column":3}},"loc":{"start":{"line":19,"column":16},"end":{"line":30,"column":3}},"line":19},"3":{"name":"(anonymous_3)","decl":{"start":{"line":32,"column":2},"end":{"line":32,"column":3}},"loc":{"start":{"line":32,"column":14},"end":{"line":47,"column":3}},"line":32},"4":{"name":"(anonymous_4)","decl":{"start":{"line":49,"column":2},"end":{"line":49,"column":3}},"loc":{"start":{"line":49,"column":13},"end":{"line":60,"column":3}},"line":49},"5":{"name":"(anonymous_5)","decl":{"start":{"line":62,"column":2},"end":{"line":62,"column":3}},"loc":{"start":{"line":62,"column":16},"end":{"line":91,"column":3}},"line":62}},"branchMap":{"0":{"loc":{"start":{"line":13,"column":4},"end":{"line":15,"column":5}},"type":"if","locations":[{"start":{"line":13,"column":4},"end":{"line":15,"column":5}},{"start":{"line":13,"column":4},"end":{"line":15,"column":5}}],"line":13},"1":{"loc":{"start":{"line":21,"column":4},"end":{"line":29,"column":5}},"type":"if","locations":[{"start":{"line":21,"column":4},"end":{"line":29,"column":5}},{"start":{"line":21,"column":4},"end":{"line":29,"column":5}}],"line":21},"2":{"loc":{"start":{"line":38,"column":6},"end":{"line":44,"column":7}},"type":"if","locations":[{"start":{"line":38,"column":6},"end":{"line":44,"column":7}},{"start":{"line":38,"column":6},"end":{"line":44,"column":7}}],"line":38},"3":{"loc":{"start":{"line":63,"column":4},"end":{"line":90,"column":5}},"type":"if","locations":[{"start":{"line":63,"column":4},"end":{"line":90,"column":5}},{"start":{"line":63,"column":4},"end":{"line":90,"column":5}}],"line":63},"4":{"loc":{"start":{"line":72,"column":6},"end":{"line":74,"column":7}},"type":"if","locations":[{"start":{"line":72,"column":6},"end":{"line":74,"column":7}},{"start":{"line":72,"column":6},"end":{"line":74,"column":7}}],"line":72},"5":{"loc":{"start":{"line":76,"column":6},"end":{"line":78,"column":7}},"type":"if","locations":[{"start":{"line":76,"column":6},"end":{"line":78,"column":7}},{"start":{"line":76,"column":6},"end":{"line":78,"column":7}}],"line":76},"6":{"loc":{"start":{"line":86,"column":8},"end":{"line":88,"column":9}},"type":"if","locations":[{"start":{"line":86,"column":8},"end":{"line":88,"column":9}},{"start":{"line":86,"column":8},"end":{"line":88,"column":9}}],"line":86}},"s":{"0":1,"1":7,"2":16,"3":16,"4":10,"5":16,"6":0,"7":0,"8":0,"9":0,"10":0,"11":0,"12":0,"13":2,"14":2,"15":7,"16":1,"17":6,"18":1,"19":1,"20":1,"21":1,"22":3,"23":3,"24":1,"25":1,"26":0,"27":0,"28":0,"29":0,"30":0,"31":0,"32":0,"33":0,"34":0,"35":0,"36":0,"37":0,"38":0,"39":0,"40":0,"41":0,"42":0,"43":0,"44":0,"45":1},"f":{"0":7,"1":16,"2":0,"3":2,"4":1,"5":0},"b":{"0":[10,6],"1":[0,0],"2":[1,6],"3":[0,0],"4":[0,0],"5":[0,0],"6":[0,0]},"_coverageSchema":"1a1c01bbd47fc00a2c39e90264f33305004495a9","hash":"20f0ed857f979fc671731a225bfe19d090a0f074"}
,"/home/qusaiqeisi/data-structures-and-algorithm/401-code-challange/class-05/node.js": {"path":"/home/qusaiqeisi/data-structures-and-algorithm/401-code-challange/class-05/node.js","statementMap":{"0":{"start":{"line":5,"column":4},"end":{"line":5,"column":23}},"1":{"start":{"line":6,"column":4},"end":{"line":6,"column":21}},"2":{"start":{"line":10,"column":0},"end":{"line":10,"column":22}}},"fnMap":{"0":{"name":"(anonymous_0)","decl":{"start":{"line":4,"column":2},"end":{"line":4,"column":3}},"loc":{"start":{"line":4,"column":34},"end":{"line":7,"column":3}},"line":4}},"branchMap":{"0":{"loc":{"start":{"line":4,"column":21},"end":{"line":4,"column":32}},"type":"default-arg","locations":[{"start":{"line":4,"column":28},"end":{"line":4,"column":32}}],"line":4}},"s":{"0":16,"1":16,"2":1},"f":{"0":16},"b":{"0":[16]},"_coverageSchema":"1a1c01bbd47fc00a2c39e90264f33305004495a9","hash":"cce8cf3453e73bd6fd5c0822188569541911bcee"}
}
