TN:
SF:linked-list.js
FN:6,(anonymous_0)
FN:10,(anonymous_1)
FN:19,(anonymous_2)
FN:32,(anonymous_3)
FN:49,(anonymous_4)
FN:62,(anonymous_5)
FNF:6
FNH:4
FNDA:7,(anonymous_0)
FNDA:16,(anonymous_1)
FNDA:0,(anonymous_2)
FNDA:2,(anonymous_3)
FNDA:1,(anonymous_4)
FNDA:0,(anonymous_5)
DA:3,1
DA:7,7
DA:11,16
DA:13,16
DA:14,10
DA:16,16
DA:20,0
DA:21,0
DA:22,0
DA:24,0
DA:25,0
DA:26,0
DA:28,0
DA:34,2
DA:36,2
DA:38,7
DA:41,1
DA:43,6
DA:46,1
DA:50,1
DA:51,1
DA:52,1
DA:53,3
DA:55,3
DA:57,1
DA:59,1
DA:63,0
DA:64,0
DA:66,0
DA:67,0
DA:68,0
DA:69,0
DA:70,0
DA:72,0
DA:73,0
DA:76,0
DA:77,0
DA:80,0
DA:81,0
DA:82,0
DA:83,0
DA:84,0
DA:85,0
DA:86,0
DA:87,0
DA:94,1
LF:46
LH:20
BRDA:13,0,0,10
BRDA:13,0,1,6
BRDA:21,1,0,0
BRDA:21,1,1,0
BRDA:38,2,0,1
BRDA:38,2,1,6
BRDA:63,3,0,0
BRDA:63,3,1,0
BRDA:72,4,0,0
BRDA:72,4,1,0
BRDA:76,5,0,0
BRDA:76,5,1,0
BRDA:86,6,0,0
BRDA:86,6,1,0
BRF:14
BRH:4
end_of_record
TN:
SF:node.js
FN:4,(anonymous_0)
FNF:1
FNH:1
FNDA:16,(anonymous_0)
DA:5,16
DA:6,16
DA:10,1
LF:3
LH:3
BRDA:4,0,0,16
BRF:1
BRH:1
end_of_record
