<?xml version="1.0" encoding="UTF-8"?>
<coverage generated="1629212128740" clover="3.2.0">
  <project timestamp="1629212128741" name="All files">
    <metrics statements="107" coveredstatements="33" conditionals="31" coveredconditionals="8" methods="11" coveredmethods="5" elements="149" coveredelements="46" complexity="0" loc="107" ncloc="107" packages="1" files="2" classes="2"/>
    <file name="linked-list.js" path="/home/qusaiqeisi/data-structures-and-algorithm/401-code-challange/class-08/linked-list.js">
      <metrics statements="104" coveredstatements="30" conditionals="30" coveredconditionals="7" methods="10" coveredmethods="4"/>
      <line num="2" count="1" type="stmt"/>
      <line num="6" count="9" type="stmt"/>
      <line num="10" count="0" type="stmt"/>
      <line num="11" count="0" type="cond" truecount="0" falsecount="2"/>
      <line num="12" count="0" type="stmt"/>
      <line num="14" count="0" type="stmt"/>
      <line num="15" count="0" type="stmt"/>
      <line num="25" count="32" type="stmt"/>
      <line num="26" count="32" type="cond" truecount="2" falsecount="0"/>
      <line num="27" count="9" type="stmt"/>
      <line num="29" count="23" type="stmt"/>
      <line num="30" count="23" type="stmt"/>
      <line num="31" count="26" type="stmt"/>
      <line num="33" count="23" type="stmt"/>
      <line num="38" count="0" type="stmt"/>
      <line num="39" count="0" type="stmt"/>
      <line num="40" count="0" type="cond" truecount="0" falsecount="2"/>
      <line num="41" count="0" type="stmt"/>
      <line num="42" count="0" type="stmt"/>
      <line num="43" count="0" type="stmt"/>
      <line num="45" count="0" type="stmt"/>
      <line num="46" count="0" type="cond" truecount="0" falsecount="2"/>
      <line num="47" count="0" type="stmt"/>
      <line num="48" count="0" type="stmt"/>
      <line num="49" count="0" type="stmt"/>
      <line num="52" count="0" type="stmt"/>
      <line num="56" count="0" type="stmt"/>
      <line num="57" count="0" type="stmt"/>
      <line num="58" count="0" type="stmt"/>
      <line num="59" count="0" type="cond" truecount="0" falsecount="2"/>
      <line num="60" count="0" type="stmt"/>
      <line num="61" count="0" type="stmt"/>
      <line num="62" count="0" type="stmt"/>
      <line num="64" count="0" type="stmt"/>
      <line num="68" count="0" type="stmt"/>
      <line num="70" count="0" type="stmt"/>
      <line num="71" count="0" type="cond" truecount="0" falsecount="2"/>
      <line num="72" count="0" type="stmt"/>
      <line num="74" count="0" type="stmt"/>
      <line num="77" count="0" type="stmt"/>
      <line num="81" count="9" type="stmt"/>
      <line num="82" count="9" type="stmt"/>
      <line num="83" count="9" type="stmt"/>
      <line num="84" count="32" type="stmt"/>
      <line num="86" count="32" type="stmt"/>
      <line num="88" count="9" type="stmt"/>
      <line num="90" count="9" type="stmt"/>
      <line num="94" count="0" type="cond" truecount="0" falsecount="2"/>
      <line num="95" count="0" type="stmt"/>
      <line num="97" count="0" type="stmt"/>
      <line num="98" count="0" type="stmt"/>
      <line num="99" count="0" type="stmt"/>
      <line num="100" count="0" type="stmt"/>
      <line num="101" count="0" type="stmt"/>
      <line num="103" count="0" type="cond" truecount="0" falsecount="2"/>
      <line num="104" count="0" type="stmt"/>
      <line num="107" count="0" type="cond" truecount="0" falsecount="2"/>
      <line num="108" count="0" type="stmt"/>
      <line num="111" count="0" type="stmt"/>
      <line num="112" count="0" type="stmt"/>
      <line num="113" count="0" type="stmt"/>
      <line num="114" count="0" type="stmt"/>
      <line num="115" count="0" type="stmt"/>
      <line num="116" count="0" type="stmt"/>
      <line num="117" count="0" type="cond" truecount="0" falsecount="2"/>
      <line num="118" count="0" type="stmt"/>
      <line num="125" count="0" type="stmt"/>
      <line num="126" count="0" type="stmt"/>
      <line num="128" count="0" type="stmt"/>
      <line num="130" count="0" type="stmt"/>
      <line num="131" count="0" type="cond" truecount="0" falsecount="2"/>
      <line num="132" count="0" type="stmt"/>
      <line num="133" count="0" type="stmt"/>
      <line num="135" count="0" type="stmt"/>
      <line num="136" count="0" type="stmt"/>
      <line num="137" count="0" type="stmt"/>
      <line num="138" count="0" type="stmt"/>
      <line num="140" count="0" type="stmt"/>
      <line num="142" count="0" type="stmt"/>
      <line num="143" count="0" type="stmt"/>
      <line num="145" count="0" type="stmt"/>
      <line num="146" count="0" type="cond" truecount="0" falsecount="2"/>
      <line num="147" count="0" type="stmt"/>
      <line num="149" count="0" type="stmt"/>
      <line num="150" count="0" type="stmt"/>
      <line num="152" count="0" type="stmt"/>
      <line num="153" count="0" type="stmt"/>
      <line num="155" count="0" type="stmt"/>
      <line num="156" count="0" type="stmt"/>
      <line num="158" count="0" type="stmt"/>
      <line num="162" count="3" type="stmt"/>
      <line num="164" count="3" type="stmt"/>
      <line num="165" count="3" type="stmt"/>
      <line num="167" count="3" type="cond" truecount="2" falsecount="0"/>
      <line num="168" count="9" type="cond" truecount="2" falsecount="0"/>
      <line num="169" count="7" type="stmt"/>
      <line num="170" count="7" type="stmt"/>
      <line num="171" count="7" type="stmt"/>
      <line num="173" count="9" type="cond" truecount="1" falsecount="1"/>
      <line num="174" count="9" type="stmt"/>
      <line num="175" count="9" type="stmt"/>
      <line num="176" count="9" type="stmt"/>
      <line num="180" count="3" type="stmt"/>
      <line num="184" count="1" type="stmt"/>
    </file>
    <file name="node.js" path="/home/qusaiqeisi/data-structures-and-algorithm/401-code-challange/class-08/node.js">
      <metrics statements="3" coveredstatements="3" conditionals="1" coveredconditionals="1" methods="1" coveredmethods="1"/>
      <line num="5" count="32" type="stmt"/>
      <line num="6" count="32" type="stmt"/>
      <line num="10" count="1" type="stmt"/>
    </file>
  </project>
</coverage>
