{"/home/qusaiqeisi/data-structures-and-algorithm/401-code-challange/class-08/linked-list.js": {"path":"/home/qusaiqeisi/data-structures-and-algorithm/401-code-challange/class-08/linked-list.js","statementMap":{"0":{"start":{"line":2,"column":13},"end":{"line":2,"column":30}},"1":{"start":{"line":6,"column":4},"end":{"line":6,"column":21}},"2":{"start":{"line":10,"column":17},"end":{"line":10,"column":32}},"3":{"start":{"line":11,"column":4},"end":{"line":16,"column":5}},"4":{"start":{"line":12,"column":6},"end":{"line":12,"column":23}},"5":{"start":{"line":14,"column":6},"end":{"line":14,"column":28}},"6":{"start":{"line":15,"column":6},"end":{"line":15,"column":23}},"7":{"start":{"line":25,"column":17},"end":{"line":25,"column":32}},"8":{"start":{"line":26,"column":4},"end":{"line":34,"column":5}},"9":{"start":{"line":27,"column":6},"end":{"line":27,"column":23}},"10":{"start":{"line":29,"column":24},"end":{"line":29,"column":33}},"11":{"start":{"line":30,"column":6},"end":{"line":32,"column":7}},"12":{"start":{"line":31,"column":8},"end":{"line":31,"column":39}},"13":{"start":{"line":33,"column":6},"end":{"line":33,"column":30}},"14":{"start":{"line":38,"column":17},"end":{"line":38,"column":35}},"15":{"start":{"line":39,"column":22},"end":{"line":39,"column":31}},"16":{"start":{"line":40,"column":4},"end":{"line":44,"column":5}},"17":{"start":{"line":41,"column":6},"end":{"line":41,"column":30}},"18":{"start":{"line":42,"column":6},"end":{"line":42,"column":23}},"19":{"start":{"line":43,"column":6},"end":{"line":43,"column":13}},"20":{"start":{"line":45,"column":4},"end":{"line":53,"column":5}},"21":{"start":{"line":46,"column":6},"end":{"line":50,"column":7}},"22":{"start":{"line":47,"column":8},"end":{"line":47,"column":37}},"23":{"start":{"line":48,"column":8},"end":{"line":48,"column":32}},"24":{"start":{"line":49,"column":8},"end":{"line":49,"column":14}},"25":{"start":{"line":52,"column":6},"end":{"line":52,"column":37}},"26":{"start":{"line":56,"column":15},"end":{"line":56,"column":33}},"27":{"start":{"line":57,"column":22},"end":{"line":57,"column":31}},"28":{"start":{"line":58,"column":4},"end":{"line":65,"column":5}},"29":{"start":{"line":59,"column":6},"end":{"line":63,"column":7}},"30":{"start":{"line":60,"column":8},"end":{"line":60,"column":37}},"31":{"start":{"line":61,"column":8},"end":{"line":61,"column":32}},"32":{"start":{"line":62,"column":8},"end":{"line":62,"column":15}},"33":{"start":{"line":64,"column":6},"end":{"line":64,"column":37}},"34":{"start":{"line":68,"column":22},"end":{"line":68,"column":31}},"35":{"start":{"line":70,"column":4},"end":{"line":76,"column":5}},"36":{"start":{"line":71,"column":6},"end":{"line":75,"column":7}},"37":{"start":{"line":72,"column":8},"end":{"line":72,"column":20}},"38":{"start":{"line":74,"column":8},"end":{"line":74,"column":39}},"39":{"start":{"line":77,"column":4},"end":{"line":77,"column":17}},"40":{"start":{"line":81,"column":14},"end":{"line":81,"column":16}},"41":{"start":{"line":82,"column":22},"end":{"line":82,"column":31}},"42":{"start":{"line":83,"column":4},"end":{"line":87,"column":5}},"43":{"start":{"line":84,"column":6},"end":{"line":84,"column":46}},"44":{"start":{"line":86,"column":6},"end":{"line":86,"column":37}},"45":{"start":{"line":88,"column":4},"end":{"line":88,"column":23}},"46":{"start":{"line":90,"column":4},"end":{"line":90,"column":15}},"47":{"start":{"line":94,"column":4},"end":{"line":121,"column":5}},"48":{"start":{"line":95,"column":6},"end":{"line":95,"column":33}},"49":{"start":{"line":97,"column":18},"end":{"line":97,"column":19}},"50":{"start":{"line":98,"column":24},"end":{"line":98,"column":33}},"51":{"start":{"line":99,"column":6},"end":{"line":102,"column":7}},"52":{"start":{"line":100,"column":8},"end":{"line":100,"column":16}},"53":{"start":{"line":101,"column":8},"end":{"line":101,"column":39}},"54":{"start":{"line":103,"column":6},"end":{"line":105,"column":7}},"55":{"start":{"line":104,"column":8},"end":{"line":104,"column":78}},"56":{"start":{"line":107,"column":6},"end":{"line":109,"column":7}},"57":{"start":{"line":108,"column":8},"end":{"line":108,"column":35}},"58":{"start":{"line":111,"column":24},"end":{"line":111,"column":33}},"59":{"start":{"line":112,"column":20},"end":{"line":112,"column":21}},"60":{"start":{"line":113,"column":6},"end":{"line":113,"column":30}},"61":{"start":{"line":114,"column":6},"end":{"line":120,"column":7}},"62":{"start":{"line":115,"column":8},"end":{"line":115,"column":18}},"63":{"start":{"line":116,"column":8},"end":{"line":116,"column":39}},"64":{"start":{"line":117,"column":8},"end":{"line":119,"column":9}},"65":{"start":{"line":118,"column":10},"end":{"line":118,"column":35}},"66":{"start":{"line":125,"column":16},"end":{"line":125,"column":32}},"67":{"start":{"line":126,"column":20},"end":{"line":126,"column":30}},"68":{"start":{"line":128,"column":22},"end":{"line":128,"column":31}},"69":{"start":{"line":130,"column":4},"end":{"line":141,"column":5}},"70":{"start":{"line":131,"column":6},"end":{"line":139,"column":7}},"71":{"start":{"line":132,"column":8},"end":{"line":132,"column":43}},"72":{"start":{"line":133,"column":8},"end":{"line":133,"column":26}},"73":{"start":{"line":135,"column":8},"end":{"line":135,"column":31}},"74":{"start":{"line":136,"column":8},"end":{"line":136,"column":43}},"75":{"start":{"line":137,"column":8},"end":{"line":137,"column":30}},"76":{"start":{"line":138,"column":8},"end":{"line":138,"column":26}},"77":{"start":{"line":140,"column":6},"end":{"line":140,"column":37}},"78":{"start":{"line":142,"column":4},"end":{"line":142,"column":28}},"79":{"start":{"line":143,"column":4},"end":{"line":143,"column":27}},"80":{"start":{"line":145,"column":4},"end":{"line":154,"column":5}},"81":{"start":{"line":146,"column":6},"end":{"line":151,"column":7}},"82":{"start":{"line":147,"column":8},"end":{"line":147,"column":22}},"83":{"start":{"line":149,"column":8},"end":{"line":149,"column":23}},"84":{"start":{"line":150,"column":8},"end":{"line":150,"column":14}},"85":{"start":{"line":152,"column":6},"end":{"line":152,"column":33}},"86":{"start":{"line":153,"column":6},"end":{"line":153,"column":37}},"87":{"start":{"line":155,"column":4},"end":{"line":155,"column":47}},"88":{"start":{"line":156,"column":4},"end":{"line":156,"column":46}},"89":{"start":{"line":158,"column":4},"end":{"line":158,"column":18}},"90":{"start":{"line":162,"column":22},"end":{"line":162,"column":31}},"91":{"start":{"line":164,"column":29},"end":{"line":164,"column":39}},"92":{"start":{"line":165,"column":29},"end":{"line":165,"column":39}},"93":{"start":{"line":167,"column":4},"end":{"line":178,"column":5}},"94":{"start":{"line":168,"column":6},"end":{"line":172,"column":7}},"95":{"start":{"line":169,"column":8},"end":{"line":169,"column":41}},"96":{"start":{"line":170,"column":8},"end":{"line":170,"column":53}},"97":{"start":{"line":171,"column":8},"end":{"line":171,"column":39}},"98":{"start":{"line":173,"column":6},"end":{"line":177,"column":7}},"99":{"start":{"line":174,"column":8},"end":{"line":174,"column":41}},"100":{"start":{"line":175,"column":8},"end":{"line":175,"column":53}},"101":{"start":{"line":176,"column":8},"end":{"line":176,"column":39}},"102":{"start":{"line":180,"column":4},"end":{"line":180,"column":79}},"103":{"start":{"line":184,"column":0},"end":{"line":184,"column":28}}},"fnMap":{"0":{"name":"(anonymous_0)","decl":{"start":{"line":5,"column":2},"end":{"line":5,"column":3}},"loc":{"start":{"line":5,"column":16},"end":{"line":7,"column":3}},"line":5},"1":{"name":"(anonymous_1)","decl":{"start":{"line":9,"column":2},"end":{"line":9,"column":3}},"loc":{"start":{"line":9,"column":16},"end":{"line":22,"column":3}},"line":9},"2":{"name":"(anonymous_2)","decl":{"start":{"line":24,"column":2},"end":{"line":24,"column":3}},"loc":{"start":{"line":24,"column":16},"end":{"line":35,"column":3}},"line":24},"3":{"name":"(anonymous_3)","decl":{"start":{"line":37,"column":2},"end":{"line":37,"column":3}},"loc":{"start":{"line":37,"column":32},"end":{"line":54,"column":3}},"line":37},"4":{"name":"(anonymous_4)","decl":{"start":{"line":55,"column":2},"end":{"line":55,"column":3}},"loc":{"start":{"line":55,"column":31},"end":{"line":66,"column":3}},"line":55},"5":{"name":"(anonymous_5)","decl":{"start":{"line":67,"column":2},"end":{"line":67,"column":3}},"loc":{"start":{"line":67,"column":14},"end":{"line":78,"column":3}},"line":67},"6":{"name":"(anonymous_6)","decl":{"start":{"line":80,"column":2},"end":{"line":80,"column":3}},"loc":{"start":{"line":80,"column":13},"end":{"line":91,"column":3}},"line":80},"7":{"name":"(anonymous_7)","decl":{"start":{"line":93,"column":2},"end":{"line":93,"column":3}},"loc":{"start":{"line":93,"column":16},"end":{"line":122,"column":3}},"line":93},"8":{"name":"(anonymous_8)","decl":{"start":{"line":124,"column":2},"end":{"line":124,"column":3}},"loc":{"start":{"line":124,"column":20},"end":{"line":159,"column":3}},"line":124},"9":{"name":"(anonymous_9)","decl":{"start":{"line":161,"column":2},"end":{"line":161,"column":3}},"loc":{"start":{"line":161,"column":25},"end":{"line":181,"column":3}},"line":161}},"branchMap":{"0":{"loc":{"start":{"line":11,"column":4},"end":{"line":16,"column":5}},"type":"if","locations":[{"start":{"line":11,"column":4},"end":{"line":16,"column":5}},{"start":{"line":11,"column":4},"end":{"line":16,"column":5}}],"line":11},"1":{"loc":{"start":{"line":26,"column":4},"end":{"line":34,"column":5}},"type":"if","locations":[{"start":{"line":26,"column":4},"end":{"line":34,"column":5}},{"start":{"line":26,"column":4},"end":{"line":34,"column":5}}],"line":26},"2":{"loc":{"start":{"line":40,"column":4},"end":{"line":44,"column":5}},"type":"if","locations":[{"start":{"line":40,"column":4},"end":{"line":44,"column":5}},{"start":{"line":40,"column":4},"end":{"line":44,"column":5}}],"line":40},"3":{"loc":{"start":{"line":46,"column":6},"end":{"line":50,"column":7}},"type":"if","locations":[{"start":{"line":46,"column":6},"end":{"line":50,"column":7}},{"start":{"line":46,"column":6},"end":{"line":50,"column":7}}],"line":46},"4":{"loc":{"start":{"line":59,"column":6},"end":{"line":63,"column":7}},"type":"if","locations":[{"start":{"line":59,"column":6},"end":{"line":63,"column":7}},{"start":{"line":59,"column":6},"end":{"line":63,"column":7}}],"line":59},"5":{"loc":{"start":{"line":71,"column":6},"end":{"line":75,"column":7}},"type":"if","locations":[{"start":{"line":71,"column":6},"end":{"line":75,"column":7}},{"start":{"line":71,"column":6},"end":{"line":75,"column":7}}],"line":71},"6":{"loc":{"start":{"line":94,"column":4},"end":{"line":121,"column":5}},"type":"if","locations":[{"start":{"line":94,"column":4},"end":{"line":121,"column":5}},{"start":{"line":94,"column":4},"end":{"line":121,"column":5}}],"line":94},"7":{"loc":{"start":{"line":103,"column":6},"end":{"line":105,"column":7}},"type":"if","locations":[{"start":{"line":103,"column":6},"end":{"line":105,"column":7}},{"start":{"line":103,"column":6},"end":{"line":105,"column":7}}],"line":103},"8":{"loc":{"start":{"line":107,"column":6},"end":{"line":109,"column":7}},"type":"if","locations":[{"start":{"line":107,"column":6},"end":{"line":109,"column":7}},{"start":{"line":107,"column":6},"end":{"line":109,"column":7}}],"line":107},"9":{"loc":{"start":{"line":117,"column":8},"end":{"line":119,"column":9}},"type":"if","locations":[{"start":{"line":117,"column":8},"end":{"line":119,"column":9}},{"start":{"line":117,"column":8},"end":{"line":119,"column":9}}],"line":117},"10":{"loc":{"start":{"line":131,"column":6},"end":{"line":139,"column":7}},"type":"if","locations":[{"start":{"line":131,"column":6},"end":{"line":139,"column":7}},{"start":{"line":131,"column":6},"end":{"line":139,"column":7}}],"line":131},"11":{"loc":{"start":{"line":146,"column":6},"end":{"line":151,"column":7}},"type":"if","locations":[{"start":{"line":146,"column":6},"end":{"line":151,"column":7}},{"start":{"line":146,"column":6},"end":{"line":151,"column":7}}],"line":146},"12":{"loc":{"start":{"line":167,"column":11},"end":{"line":167,"column":51}},"type":"binary-expr","locations":[{"start":{"line":167,"column":11},"end":{"line":167,"column":29}},{"start":{"line":167,"column":33},"end":{"line":167,"column":51}}],"line":167},"13":{"loc":{"start":{"line":168,"column":6},"end":{"line":172,"column":7}},"type":"if","locations":[{"start":{"line":168,"column":6},"end":{"line":172,"column":7}},{"start":{"line":168,"column":6},"end":{"line":172,"column":7}}],"line":168},"14":{"loc":{"start":{"line":173,"column":6},"end":{"line":177,"column":7}},"type":"if","locations":[{"start":{"line":173,"column":6},"end":{"line":177,"column":7}},{"start":{"line":173,"column":6},"end":{"line":177,"column":7}}],"line":173}},"s":{"0":1,"1":9,"2":0,"3":0,"4":0,"5":0,"6":0,"7":32,"8":32,"9":9,"10":23,"11":23,"12":26,"13":23,"14":0,"15":0,"16":0,"17":0,"18":0,"19":0,"20":0,"21":0,"22":0,"23":0,"24":0,"25":0,"26":0,"27":0,"28":0,"29":0,"30":0,"31":0,"32":0,"33":0,"34":0,"35":0,"36":0,"37":0,"38":0,"39":0,"40":9,"41":9,"42":9,"43":32,"44":32,"45":9,"46":9,"47":0,"48":0,"49":0,"50":0,"51":0,"52":0,"53":0,"54":0,"55":0,"56":0,"57":0,"58":0,"59":0,"60":0,"61":0,"62":0,"63":0,"64":0,"65":0,"66":0,"67":0,"68":0,"69":0,"70":0,"71":0,"72":0,"73":0,"74":0,"75":0,"76":0,"77":0,"78":0,"79":0,"80":0,"81":0,"82":0,"83":0,"84":0,"85":0,"86":0,"87":0,"88":0,"89":0,"90":3,"91":3,"92":3,"93":3,"94":9,"95":7,"96":7,"97":7,"98":9,"99":9,"100":9,"101":9,"102":3,"103":1},"f":{"0":9,"1":0,"2":32,"3":0,"4":0,"5":0,"6":9,"7":0,"8":0,"9":3},"b":{"0":[0,0],"1":[9,23],"2":[0,0],"3":[0,0],"4":[0,0],"5":[0,0],"6":[0,0],"7":[0,0],"8":[0,0],"9":[0,0],"10":[0,0],"11":[0,0],"12":[12,5],"13":[7,2],"14":[9,0]},"_coverageSchema":"1a1c01bbd47fc00a2c39e90264f33305004495a9","hash":"488977ff8ab1b47277c7b47a2319f6684e89560f"}
,"/home/qusaiqeisi/data-structures-and-algorithm/401-code-challange/class-08/node.js": {"path":"/home/qusaiqeisi/data-structures-and-algorithm/401-code-challange/class-08/node.js","statementMap":{"0":{"start":{"line":5,"column":4},"end":{"line":5,"column":23}},"1":{"start":{"line":6,"column":4},"end":{"line":6,"column":21}},"2":{"start":{"line":10,"column":0},"end":{"line":10,"column":22}}},"fnMap":{"0":{"name":"(anonymous_0)","decl":{"start":{"line":4,"column":2},"end":{"line":4,"column":3}},"loc":{"start":{"line":4,"column":34},"end":{"line":7,"column":3}},"line":4}},"branchMap":{"0":{"loc":{"start":{"line":4,"column":21},"end":{"line":4,"column":32}},"type":"default-arg","locations":[{"start":{"line":4,"column":28},"end":{"line":4,"column":32}}],"line":4}},"s":{"0":32,"1":32,"2":1},"f":{"0":32},"b":{"0":[32]},"_coverageSchema":"1a1c01bbd47fc00a2c39e90264f33305004495a9","hash":"385a7671db1c9bd729c096f89ed26700411138d3"}
}
