TN:
SF:linked-list.js
FN:5,(anonymous_0)
FN:9,(anonymous_1)
FN:24,(anonymous_2)
FN:37,(anonymous_3)
FN:55,(anonymous_4)
FN:67,(anonymous_5)
FN:80,(anonymous_6)
FN:93,(anonymous_7)
FN:124,(anonymous_8)
FN:161,(anonymous_9)
FNF:10
FNH:4
FNDA:9,(anonymous_0)
FNDA:0,(anonymous_1)
FNDA:32,(anonymous_2)
FNDA:0,(anonymous_3)
FNDA:0,(anonymous_4)
FNDA:0,(anonymous_5)
FNDA:9,(anonymous_6)
FNDA:0,(anonymous_7)
FNDA:0,(anonymous_8)
FNDA:3,(anonymous_9)
DA:2,1
DA:6,9
DA:10,0
DA:11,0
DA:12,0
DA:14,0
DA:15,0
DA:25,32
DA:26,32
DA:27,9
DA:29,23
DA:30,23
DA:31,26
DA:33,23
DA:38,0
DA:39,0
DA:40,0
DA:41,0
DA:42,0
DA:43,0
DA:45,0
DA:46,0
DA:47,0
DA:48,0
DA:49,0
DA:52,0
DA:56,0
DA:57,0
DA:58,0
DA:59,0
DA:60,0
DA:61,0
DA:62,0
DA:64,0
DA:68,0
DA:70,0
DA:71,0
DA:72,0
DA:74,0
DA:77,0
DA:81,9
DA:82,9
DA:83,9
DA:84,32
DA:86,32
DA:88,9
DA:90,9
DA:94,0
DA:95,0
DA:97,0
DA:98,0
DA:99,0
DA:100,0
DA:101,0
DA:103,0
DA:104,0
DA:107,0
DA:108,0
DA:111,0
DA:112,0
DA:113,0
DA:114,0
DA:115,0
DA:116,0
DA:117,0
DA:118,0
DA:125,0
DA:126,0
DA:128,0
DA:130,0
DA:131,0
DA:132,0
DA:133,0
DA:135,0
DA:136,0
DA:137,0
DA:138,0
DA:140,0
DA:142,0
DA:143,0
DA:145,0
DA:146,0
DA:147,0
DA:149,0
DA:150,0
DA:152,0
DA:153,0
DA:155,0
DA:156,0
DA:158,0
DA:162,3
DA:164,3
DA:165,3
DA:167,3
DA:168,9
DA:169,7
DA:170,7
DA:171,7
DA:173,9
DA:174,9
DA:175,9
DA:176,9
DA:180,3
DA:184,1
LF:104
LH:30
BRDA:11,0,0,0
BRDA:11,0,1,0
BRDA:26,1,0,9
BRDA:26,1,1,23
BRDA:40,2,0,0
BRDA:40,2,1,0
BRDA:46,3,0,0
BRDA:46,3,1,0
BRDA:59,4,0,0
BRDA:59,4,1,0
BRDA:71,5,0,0
BRDA:71,5,1,0
BRDA:94,6,0,0
BRDA:94,6,1,0
BRDA:103,7,0,0
BRDA:103,7,1,0
BRDA:107,8,0,0
BRDA:107,8,1,0
BRDA:117,9,0,0
BRDA:117,9,1,0
BRDA:131,10,0,0
BRDA:131,10,1,0
BRDA:146,11,0,0
BRDA:146,11,1,0
BRDA:167,12,0,12
BRDA:167,12,1,5
BRDA:168,13,0,7
BRDA:168,13,1,2
BRDA:173,14,0,9
BRDA:173,14,1,0
BRF:30
BRH:7
end_of_record
TN:
SF:node.js
FN:4,(anonymous_0)
FNF:1
FNH:1
FNDA:32,(anonymous_0)
DA:5,32
DA:6,32
DA:10,1
LF:3
LH:3
BRDA:4,0,0,32
BRF:1
BRH:1
end_of_record
