<?xml version="1.0" encoding="UTF-8"?>
<coverage generated="1631543549536" clover="3.2.0">
  <project timestamp="1631543549536" name="All files">
    <metrics statements="9" coveredstatements="9" conditionals="2" coveredconditionals="2" methods="1" coveredmethods="1" elements="12" coveredelements="12" complexity="0" loc="9" ncloc="9" packages="1" files="1" classes="1"/>
    <file name="InsertionSort.js" path="/home/qusaiqeisi/data-structures-and-algorithm/401-code-challange/class-26/InsertionSort.js">
      <metrics statements="9" coveredstatements="9" conditionals="2" coveredconditionals="2" methods="1" coveredmethods="1"/>
      <line num="4" count="4" type="stmt"/>
      <line num="5" count="16" type="stmt"/>
      <line num="7" count="16" type="cond" truecount="2" falsecount="0"/>
      <line num="8" count="28" type="stmt"/>
      <line num="10" count="16" type="stmt"/>
      <line num="12" count="4" type="stmt"/>
      <line num="15" count="1" type="stmt"/>
      <line num="16" count="1" type="stmt"/>
      <line num="18" count="1" type="stmt"/>
    </file>
  </project>
</coverage>
