{"/home/qusaiqeisi/data-structures-and-algorithm/401-code-challange/class-26/InsertionSort.js": {"path":"/home/qusaiqeisi/data-structures-and-algorithm/401-code-challange/class-26/InsertionSort.js","statementMap":{"0":{"start":{"line":4,"column":4},"end":{"line":11,"column":5}},"1":{"start":{"line":4,"column":17},"end":{"line":4,"column":18}},"2":{"start":{"line":5,"column":22},"end":{"line":5,"column":28}},"3":{"start":{"line":7,"column":8},"end":{"line":9,"column":9}},"4":{"start":{"line":8,"column":12},"end":{"line":8,"column":32}},"5":{"start":{"line":10,"column":8},"end":{"line":10,"column":29}},"6":{"start":{"line":12,"column":4},"end":{"line":12,"column":15}},"7":{"start":{"line":15,"column":0},"end":{"line":15,"column":44}},"8":{"start":{"line":16,"column":0},"end":{"line":16,"column":49}},"9":{"start":{"line":18,"column":0},"end":{"line":18,"column":32}}},"fnMap":{"0":{"name":"insertionSort","decl":{"start":{"line":3,"column":9},"end":{"line":3,"column":22}},"loc":{"start":{"line":3,"column":28},"end":{"line":13,"column":1}},"line":3}},"branchMap":{"0":{"loc":{"start":{"line":7,"column":24},"end":{"line":7,"column":50}},"type":"binary-expr","locations":[{"start":{"line":7,"column":24},"end":{"line":7,"column":30}},{"start":{"line":7,"column":34},"end":{"line":7,"column":50}}],"line":7}},"s":{"0":4,"1":4,"2":16,"3":16,"4":28,"5":16,"6":4,"7":1,"8":1,"9":1},"f":{"0":4},"b":{"0":[44,36]},"_coverageSchema":"1a1c01bbd47fc00a2c39e90264f33305004495a9","hash":"25fa545d70a653b22a121d54dcdcda0f184ed698"}
}
