<?xml version="1.0" encoding="UTF-8"?>
<coverage generated="1630310189006" clover="3.2.0">
  <project timestamp="1630310189006" name="All files">
    <metrics statements="57" coveredstatements="49" conditionals="33" coveredconditionals="25" methods="13" coveredmethods="13" elements="103" coveredelements="87" complexity="0" loc="57" ncloc="57" packages="1" files="3" classes="3"/>
    <file name="BinarySearchTree.js" path="/home/qusaiqeisi/data-structures-and-algorithm/401-code-challange/class-15/BinarySearchTree.js">
      <metrics statements="30" coveredstatements="22" conditionals="18" coveredconditionals="10" methods="5" coveredmethods="5"/>
      <line num="3" count="1" type="stmt"/>
      <line num="4" count="1" type="stmt"/>
      <line num="7" count="6" type="stmt"/>
      <line num="8" count="6" type="stmt"/>
      <line num="11" count="34" type="stmt"/>
      <line num="12" count="34" type="stmt"/>
      <line num="13" count="65" type="cond" truecount="2" falsecount="0"/>
      <line num="14" count="22" type="cond" truecount="2" falsecount="0"/>
      <line num="15" count="10" type="stmt"/>
      <line num="17" count="12" type="stmt"/>
      <line num="20" count="43" type="cond" truecount="2" falsecount="0"/>
      <line num="21" count="19" type="stmt"/>
      <line num="23" count="24" type="stmt"/>
      <line num="28" count="34" type="cond" truecount="2" falsecount="0"/>
      <line num="29" count="5" type="stmt"/>
      <line num="31" count="29" type="stmt"/>
      <line num="36" count="1" type="cond" truecount="1" falsecount="1"/>
      <line num="37" count="0" type="stmt"/>
      <line num="40" count="1" type="stmt"/>
      <line num="41" count="1" type="cond" truecount="1" falsecount="1"/>
      <line num="42" count="1" type="stmt"/>
      <line num="43" count="0" type="cond" truecount="0" falsecount="2"/>
      <line num="44" count="0" type="cond" truecount="0" falsecount="2"/>
      <line num="45" count="0" type="stmt"/>
      <line num="47" count="0" type="stmt"/>
      <line num="49" count="0" type="cond" truecount="0" falsecount="2"/>
      <line num="50" count="0" type="stmt"/>
      <line num="52" count="0" type="stmt"/>
      <line num="56" count="1" type="stmt"/>
      <line num="62" count="1" type="stmt"/>
    </file>
    <file name="BinaryTree.js" path="/home/qusaiqeisi/data-structures-and-algorithm/401-code-challange/class-15/BinaryTree.js">
      <metrics statements="23" coveredstatements="23" conditionals="13" coveredconditionals="13" methods="7" coveredmethods="7"/>
      <line num="5" count="8" type="stmt"/>
      <line num="10" count="3" type="stmt"/>
      <line num="11" count="3" type="stmt"/>
      <line num="12" count="29" type="stmt"/>
      <line num="13" count="29" type="cond" truecount="2" falsecount="0"/>
      <line num="14" count="29" type="cond" truecount="2" falsecount="0"/>
      <line num="16" count="3" type="stmt"/>
      <line num="17" count="3" type="stmt"/>
      <line num="22" count="3" type="stmt"/>
      <line num="23" count="3" type="stmt"/>
      <line num="24" count="29" type="cond" truecount="2" falsecount="0"/>
      <line num="25" count="29" type="stmt"/>
      <line num="26" count="29" type="cond" truecount="2" falsecount="0"/>
      <line num="28" count="3" type="stmt"/>
      <line num="29" count="3" type="stmt"/>
      <line num="34" count="3" type="stmt"/>
      <line num="35" count="3" type="stmt"/>
      <line num="36" count="29" type="cond" truecount="2" falsecount="0"/>
      <line num="37" count="29" type="cond" truecount="2" falsecount="0"/>
      <line num="38" count="29" type="stmt"/>
      <line num="40" count="3" type="stmt"/>
      <line num="41" count="3" type="stmt"/>
      <line num="45" count="2" type="stmt"/>
    </file>
    <file name="node.js" path="/home/qusaiqeisi/data-structures-and-algorithm/401-code-challange/class-15/node.js">
      <metrics statements="4" coveredstatements="4" conditionals="2" coveredconditionals="2" methods="1" coveredmethods="1"/>
      <line num="5" count="43" type="stmt"/>
      <line num="6" count="43" type="stmt"/>
      <line num="7" count="43" type="stmt"/>
      <line num="11" count="2" type="stmt"/>
    </file>
  </project>
</coverage>
