<?xml version="1.0" encoding="UTF-8"?>
<coverage generated="1629990165380" clover="3.2.0">
  <project timestamp="1629990165380" name="All files">
    <metrics statements="78" coveredstatements="62" conditionals="48" coveredconditionals="38" methods="17" coveredmethods="13" elements="143" coveredelements="113" complexity="0" loc="78" ncloc="78" packages="1" files="3" classes="3"/>
    <file name="BinarySearchTree.js" path="/home/qusaiqeisi/data-structures-and-algorithm/401-code-challange/class-15/BinarySearchTree.js">
      <metrics statements="51" coveredstatements="35" conditionals="33" coveredconditionals="23" methods="9" coveredmethods="5"/>
      <line num="2" count="1" type="stmt"/>
      <line num="5" count="4" type="stmt"/>
      <line num="10" count="1" type="stmt"/>
      <line num="12" count="13" type="stmt"/>
      <line num="13" count="13" type="cond" truecount="2" falsecount="0"/>
      <line num="14" count="6" type="stmt"/>
      <line num="16" count="13" type="cond" truecount="2" falsecount="0"/>
      <line num="17" count="6" type="stmt"/>
      <line num="20" count="1" type="stmt"/>
      <line num="21" count="1" type="stmt"/>
      <line num="26" count="0" type="stmt"/>
      <line num="28" count="0" type="cond" truecount="0" falsecount="2"/>
      <line num="29" count="0" type="stmt"/>
      <line num="31" count="0" type="stmt"/>
      <line num="32" count="0" type="cond" truecount="0" falsecount="2"/>
      <line num="33" count="0" type="stmt"/>
      <line num="37" count="0" type="stmt"/>
      <line num="38" count="0" type="stmt"/>
      <line num="43" count="0" type="stmt"/>
      <line num="45" count="0" type="cond" truecount="0" falsecount="2"/>
      <line num="46" count="0" type="stmt"/>
      <line num="48" count="0" type="cond" truecount="0" falsecount="2"/>
      <line num="49" count="0" type="stmt"/>
      <line num="51" count="0" type="stmt"/>
      <line num="54" count="0" type="stmt"/>
      <line num="55" count="0" type="stmt"/>
      <line num="59" count="17" type="stmt"/>
      <line num="60" count="17" type="stmt"/>
      <line num="61" count="17" type="cond" truecount="2" falsecount="0"/>
      <line num="62" count="3" type="stmt"/>
      <line num="64" count="14" type="stmt"/>
      <line num="65" count="32" type="cond" truecount="4" falsecount="0"/>
      <line num="66" count="7" type="stmt"/>
      <line num="68" count="7" type="stmt"/>
      <line num="69" count="25" type="cond" truecount="4" falsecount="0"/>
      <line num="70" count="7" type="stmt"/>
      <line num="72" count="7" type="stmt"/>
      <line num="73" count="18" type="cond" truecount="2" falsecount="0"/>
      <line num="74" count="12" type="stmt"/>
      <line num="75" count="6" type="cond" truecount="1" falsecount="1"/>
      <line num="76" count="6" type="stmt"/>
      <line num="82" count="5" type="stmt"/>
      <line num="83" count="5" type="stmt"/>
      <line num="84" count="17" type="cond" truecount="2" falsecount="0"/>
      <line num="85" count="2" type="stmt"/>
      <line num="86" count="15" type="cond" truecount="2" falsecount="0"/>
      <line num="87" count="11" type="stmt"/>
      <line num="88" count="4" type="cond" truecount="1" falsecount="1"/>
      <line num="89" count="4" type="stmt"/>
      <line num="92" count="3" type="stmt"/>
      <line num="96" count="1" type="stmt"/>
    </file>
    <file name="BinaryTree.js" path="/home/qusaiqeisi/data-structures-and-algorithm/401-code-challange/class-15/BinaryTree.js">
      <metrics statements="23" coveredstatements="23" conditionals="13" coveredconditionals="13" methods="7" coveredmethods="7"/>
      <line num="5" count="2" type="stmt"/>
      <line num="10" count="1" type="stmt"/>
      <line num="11" count="1" type="stmt"/>
      <line num="12" count="9" type="stmt"/>
      <line num="13" count="9" type="cond" truecount="2" falsecount="0"/>
      <line num="14" count="9" type="cond" truecount="2" falsecount="0"/>
      <line num="16" count="1" type="stmt"/>
      <line num="17" count="1" type="stmt"/>
      <line num="22" count="1" type="stmt"/>
      <line num="23" count="1" type="stmt"/>
      <line num="24" count="9" type="cond" truecount="2" falsecount="0"/>
      <line num="25" count="9" type="stmt"/>
      <line num="26" count="9" type="cond" truecount="2" falsecount="0"/>
      <line num="28" count="1" type="stmt"/>
      <line num="29" count="1" type="stmt"/>
      <line num="34" count="1" type="stmt"/>
      <line num="35" count="1" type="stmt"/>
      <line num="36" count="9" type="cond" truecount="2" falsecount="0"/>
      <line num="37" count="9" type="cond" truecount="2" falsecount="0"/>
      <line num="38" count="9" type="stmt"/>
      <line num="40" count="1" type="stmt"/>
      <line num="41" count="1" type="stmt"/>
      <line num="45" count="1" type="stmt"/>
    </file>
    <file name="node.js" path="/home/qusaiqeisi/data-structures-and-algorithm/401-code-challange/class-15/node.js">
      <metrics statements="4" coveredstatements="4" conditionals="2" coveredconditionals="2" methods="1" coveredmethods="1"/>
      <line num="5" count="26" type="stmt"/>
      <line num="6" count="26" type="stmt"/>
      <line num="7" count="26" type="stmt"/>
      <line num="11" count="2" type="stmt"/>
    </file>
  </project>
</coverage>
