{"/home/qusaiqeisi/data-structures-and-algorithm/401-code-challange/class-15/BinarySearchTree.js": {"path":"/home/qusaiqeisi/data-structures-and-algorithm/401-code-challange/class-15/BinarySearchTree.js","statementMap":{"0":{"start":{"line":3,"column":13},"end":{"line":3,"column":30}},"1":{"start":{"line":4,"column":19},"end":{"line":4,"column":42}},"2":{"start":{"line":7,"column":4},"end":{"line":7,"column":12}},"3":{"start":{"line":8,"column":4},"end":{"line":8,"column":21}},"4":{"start":{"line":11,"column":15},"end":{"line":11,"column":30}},"5":{"start":{"line":12,"column":19},"end":{"line":26,"column":5}},"6":{"start":{"line":13,"column":6},"end":{"line":25,"column":7}},"7":{"start":{"line":14,"column":8},"end":{"line":18,"column":9}},"8":{"start":{"line":15,"column":10},"end":{"line":15,"column":30}},"9":{"start":{"line":17,"column":10},"end":{"line":17,"column":39}},"10":{"start":{"line":20,"column":8},"end":{"line":24,"column":9}},"11":{"start":{"line":21,"column":10},"end":{"line":21,"column":31}},"12":{"start":{"line":23,"column":10},"end":{"line":23,"column":40}},"13":{"start":{"line":28,"column":4},"end":{"line":32,"column":5}},"14":{"start":{"line":29,"column":6},"end":{"line":29,"column":23}},"15":{"start":{"line":31,"column":6},"end":{"line":31,"column":32}},"16":{"start":{"line":36,"column":4},"end":{"line":38,"column":5}},"17":{"start":{"line":37,"column":6},"end":{"line":37,"column":19}},"18":{"start":{"line":40,"column":22},"end":{"line":54,"column":5}},"19":{"start":{"line":41,"column":6},"end":{"line":53,"column":7}},"20":{"start":{"line":42,"column":8},"end":{"line":42,"column":20}},"21":{"start":{"line":43,"column":13},"end":{"line":53,"column":7}},"22":{"start":{"line":44,"column":8},"end":{"line":46,"column":9}},"23":{"start":{"line":45,"column":10},"end":{"line":45,"column":23}},"24":{"start":{"line":47,"column":8},"end":{"line":47,"column":48}},"25":{"start":{"line":49,"column":8},"end":{"line":51,"column":9}},"26":{"start":{"line":50,"column":10},"end":{"line":50,"column":23}},"27":{"start":{"line":52,"column":8},"end":{"line":52,"column":49}},"28":{"start":{"line":56,"column":4},"end":{"line":56,"column":41}},"29":{"start":{"line":62,"column":0},"end":{"line":62,"column":34}}},"fnMap":{"0":{"name":"(anonymous_0)","decl":{"start":{"line":6,"column":2},"end":{"line":6,"column":3}},"loc":{"start":{"line":6,"column":16},"end":{"line":9,"column":3}},"line":6},"1":{"name":"(anonymous_1)","decl":{"start":{"line":10,"column":2},"end":{"line":10,"column":3}},"loc":{"start":{"line":10,"column":13},"end":{"line":33,"column":3}},"line":10},"2":{"name":"(anonymous_2)","decl":{"start":{"line":12,"column":19},"end":{"line":12,"column":20}},"loc":{"start":{"line":12,"column":38},"end":{"line":26,"column":5}},"line":12},"3":{"name":"(anonymous_3)","decl":{"start":{"line":35,"column":2},"end":{"line":35,"column":3}},"loc":{"start":{"line":35,"column":18},"end":{"line":57,"column":3}},"line":35},"4":{"name":"(anonymous_4)","decl":{"start":{"line":40,"column":22},"end":{"line":40,"column":23}},"loc":{"start":{"line":40,"column":42},"end":{"line":54,"column":5}},"line":40}},"branchMap":{"0":{"loc":{"start":{"line":13,"column":6},"end":{"line":25,"column":7}},"type":"if","locations":[{"start":{"line":13,"column":6},"end":{"line":25,"column":7}},{"start":{"line":13,"column":6},"end":{"line":25,"column":7}}],"line":13},"1":{"loc":{"start":{"line":14,"column":8},"end":{"line":18,"column":9}},"type":"if","locations":[{"start":{"line":14,"column":8},"end":{"line":18,"column":9}},{"start":{"line":14,"column":8},"end":{"line":18,"column":9}}],"line":14},"2":{"loc":{"start":{"line":20,"column":8},"end":{"line":24,"column":9}},"type":"if","locations":[{"start":{"line":20,"column":8},"end":{"line":24,"column":9}},{"start":{"line":20,"column":8},"end":{"line":24,"column":9}}],"line":20},"3":{"loc":{"start":{"line":28,"column":4},"end":{"line":32,"column":5}},"type":"if","locations":[{"start":{"line":28,"column":4},"end":{"line":32,"column":5}},{"start":{"line":28,"column":4},"end":{"line":32,"column":5}}],"line":28},"4":{"loc":{"start":{"line":36,"column":4},"end":{"line":38,"column":5}},"type":"if","locations":[{"start":{"line":36,"column":4},"end":{"line":38,"column":5}},{"start":{"line":36,"column":4},"end":{"line":38,"column":5}}],"line":36},"5":{"loc":{"start":{"line":41,"column":6},"end":{"line":53,"column":7}},"type":"if","locations":[{"start":{"line":41,"column":6},"end":{"line":53,"column":7}},{"start":{"line":41,"column":6},"end":{"line":53,"column":7}}],"line":41},"6":{"loc":{"start":{"line":43,"column":13},"end":{"line":53,"column":7}},"type":"if","locations":[{"start":{"line":43,"column":13},"end":{"line":53,"column":7}},{"start":{"line":43,"column":13},"end":{"line":53,"column":7}}],"line":43},"7":{"loc":{"start":{"line":44,"column":8},"end":{"line":46,"column":9}},"type":"if","locations":[{"start":{"line":44,"column":8},"end":{"line":46,"column":9}},{"start":{"line":44,"column":8},"end":{"line":46,"column":9}}],"line":44},"8":{"loc":{"start":{"line":49,"column":8},"end":{"line":51,"column":9}},"type":"if","locations":[{"start":{"line":49,"column":8},"end":{"line":51,"column":9}},{"start":{"line":49,"column":8},"end":{"line":51,"column":9}}],"line":49}},"s":{"0":1,"1":1,"2":6,"3":6,"4":34,"5":34,"6":65,"7":22,"8":10,"9":12,"10":43,"11":19,"12":24,"13":34,"14":5,"15":29,"16":1,"17":0,"18":1,"19":1,"20":1,"21":0,"22":0,"23":0,"24":0,"25":0,"26":0,"27":0,"28":1,"29":1},"f":{"0":6,"1":34,"2":65,"3":1,"4":1},"b":{"0":[22,43],"1":[10,12],"2":[19,24],"3":[5,29],"4":[0,1],"5":[1,0],"6":[0,0],"7":[0,0],"8":[0,0]},"_coverageSchema":"1a1c01bbd47fc00a2c39e90264f33305004495a9","hash":"7265c8b0bd77836e89ec79659e78b4b8f82579a8"}
,"/home/qusaiqeisi/data-structures-and-algorithm/401-code-challange/class-15/BinaryTree.js": {"path":"/home/qusaiqeisi/data-structures-and-algorithm/401-code-challange/class-15/BinaryTree.js","statementMap":{"0":{"start":{"line":5,"column":8},"end":{"line":5,"column":25}},"1":{"start":{"line":10,"column":21},"end":{"line":10,"column":23}},"2":{"start":{"line":11,"column":23},"end":{"line":15,"column":9}},"3":{"start":{"line":12,"column":12},"end":{"line":12,"column":36}},"4":{"start":{"line":13,"column":12},"end":{"line":13,"column":47}},"5":{"start":{"line":13,"column":27},"end":{"line":13,"column":47}},"6":{"start":{"line":14,"column":12},"end":{"line":14,"column":49}},"7":{"start":{"line":14,"column":28},"end":{"line":14,"column":49}},"8":{"start":{"line":16,"column":8},"end":{"line":16,"column":28}},"9":{"start":{"line":17,"column":8},"end":{"line":17,"column":22}},"10":{"start":{"line":22,"column":21},"end":{"line":22,"column":23}},"11":{"start":{"line":23,"column":23},"end":{"line":27,"column":9}},"12":{"start":{"line":24,"column":12},"end":{"line":24,"column":47}},"13":{"start":{"line":24,"column":27},"end":{"line":24,"column":47}},"14":{"start":{"line":25,"column":12},"end":{"line":25,"column":36}},"15":{"start":{"line":26,"column":12},"end":{"line":26,"column":49}},"16":{"start":{"line":26,"column":28},"end":{"line":26,"column":49}},"17":{"start":{"line":28,"column":8},"end":{"line":28,"column":28}},"18":{"start":{"line":29,"column":8},"end":{"line":29,"column":22}},"19":{"start":{"line":34,"column":21},"end":{"line":34,"column":23}},"20":{"start":{"line":35,"column":23},"end":{"line":39,"column":9}},"21":{"start":{"line":36,"column":12},"end":{"line":36,"column":47}},"22":{"start":{"line":36,"column":27},"end":{"line":36,"column":47}},"23":{"start":{"line":37,"column":12},"end":{"line":37,"column":49}},"24":{"start":{"line":37,"column":28},"end":{"line":37,"column":49}},"25":{"start":{"line":38,"column":12},"end":{"line":38,"column":36}},"26":{"start":{"line":40,"column":8},"end":{"line":40,"column":28}},"27":{"start":{"line":41,"column":8},"end":{"line":41,"column":22}},"28":{"start":{"line":45,"column":0},"end":{"line":45,"column":28}}},"fnMap":{"0":{"name":"(anonymous_0)","decl":{"start":{"line":4,"column":4},"end":{"line":4,"column":5}},"loc":{"start":{"line":4,"column":27},"end":{"line":6,"column":5}},"line":4},"1":{"name":"(anonymous_1)","decl":{"start":{"line":9,"column":4},"end":{"line":9,"column":5}},"loc":{"start":{"line":9,"column":15},"end":{"line":18,"column":5}},"line":9},"2":{"name":"(anonymous_2)","decl":{"start":{"line":11,"column":23},"end":{"line":11,"column":24}},"loc":{"start":{"line":11,"column":33},"end":{"line":15,"column":9}},"line":11},"3":{"name":"(anonymous_3)","decl":{"start":{"line":21,"column":4},"end":{"line":21,"column":5}},"loc":{"start":{"line":21,"column":14},"end":{"line":30,"column":5}},"line":21},"4":{"name":"(anonymous_4)","decl":{"start":{"line":23,"column":23},"end":{"line":23,"column":24}},"loc":{"start":{"line":23,"column":33},"end":{"line":27,"column":9}},"line":23},"5":{"name":"(anonymous_5)","decl":{"start":{"line":33,"column":4},"end":{"line":33,"column":5}},"loc":{"start":{"line":33,"column":16},"end":{"line":42,"column":5}},"line":33},"6":{"name":"(anonymous_6)","decl":{"start":{"line":35,"column":23},"end":{"line":35,"column":24}},"loc":{"start":{"line":35,"column":33},"end":{"line":39,"column":9}},"line":35}},"branchMap":{"0":{"loc":{"start":{"line":4,"column":16},"end":{"line":4,"column":25}},"type":"default-arg","locations":[{"start":{"line":4,"column":21},"end":{"line":4,"column":25}}],"line":4},"1":{"loc":{"start":{"line":13,"column":12},"end":{"line":13,"column":47}},"type":"if","locations":[{"start":{"line":13,"column":12},"end":{"line":13,"column":47}},{"start":{"line":13,"column":12},"end":{"line":13,"column":47}}],"line":13},"2":{"loc":{"start":{"line":14,"column":12},"end":{"line":14,"column":49}},"type":"if","locations":[{"start":{"line":14,"column":12},"end":{"line":14,"column":49}},{"start":{"line":14,"column":12},"end":{"line":14,"column":49}}],"line":14},"3":{"loc":{"start":{"line":24,"column":12},"end":{"line":24,"column":47}},"type":"if","locations":[{"start":{"line":24,"column":12},"end":{"line":24,"column":47}},{"start":{"line":24,"column":12},"end":{"line":24,"column":47}}],"line":24},"4":{"loc":{"start":{"line":26,"column":12},"end":{"line":26,"column":49}},"type":"if","locations":[{"start":{"line":26,"column":12},"end":{"line":26,"column":49}},{"start":{"line":26,"column":12},"end":{"line":26,"column":49}}],"line":26},"5":{"loc":{"start":{"line":36,"column":12},"end":{"line":36,"column":47}},"type":"if","locations":[{"start":{"line":36,"column":12},"end":{"line":36,"column":47}},{"start":{"line":36,"column":12},"end":{"line":36,"column":47}}],"line":36},"6":{"loc":{"start":{"line":37,"column":12},"end":{"line":37,"column":49}},"type":"if","locations":[{"start":{"line":37,"column":12},"end":{"line":37,"column":49}},{"start":{"line":37,"column":12},"end":{"line":37,"column":49}}],"line":37}},"s":{"0":8,"1":3,"2":3,"3":29,"4":29,"5":10,"6":29,"7":16,"8":3,"9":3,"10":3,"11":3,"12":29,"13":10,"14":29,"15":29,"16":16,"17":3,"18":3,"19":3,"20":3,"21":29,"22":10,"23":29,"24":16,"25":29,"26":3,"27":3,"28":2},"f":{"0":8,"1":3,"2":29,"3":3,"4":29,"5":3,"6":29},"b":{"0":[7],"1":[10,19],"2":[16,13],"3":[10,19],"4":[16,13],"5":[10,19],"6":[16,13]},"_coverageSchema":"1a1c01bbd47fc00a2c39e90264f33305004495a9","hash":"44a057fe4f1f51df95f7577c6996ed0375ffe2d3"}
,"/home/qusaiqeisi/data-structures-and-algorithm/401-code-challange/class-15/node.js": {"path":"/home/qusaiqeisi/data-structures-and-algorithm/401-code-challange/class-15/node.js","statementMap":{"0":{"start":{"line":5,"column":4},"end":{"line":5,"column":23}},"1":{"start":{"line":6,"column":4},"end":{"line":6,"column":21}},"2":{"start":{"line":7,"column":4},"end":{"line":7,"column":23}},"3":{"start":{"line":11,"column":0},"end":{"line":11,"column":22}}},"fnMap":{"0":{"name":"(anonymous_0)","decl":{"start":{"line":4,"column":2},"end":{"line":4,"column":3}},"loc":{"start":{"line":4,"column":48},"end":{"line":8,"column":3}},"line":4}},"branchMap":{"0":{"loc":{"start":{"line":4,"column":21},"end":{"line":4,"column":32}},"type":"default-arg","locations":[{"start":{"line":4,"column":28},"end":{"line":4,"column":32}}],"line":4},"1":{"loc":{"start":{"line":4,"column":34},"end":{"line":4,"column":46}},"type":"default-arg","locations":[{"start":{"line":4,"column":42},"end":{"line":4,"column":46}}],"line":4}},"s":{"0":43,"1":43,"2":43,"3":2},"f":{"0":43},"b":{"0":[43],"1":[43]},"_coverageSchema":"1a1c01bbd47fc00a2c39e90264f33305004495a9","hash":"1012aa78fb1c46a9164366e225f7481575c8a2e1"}
}
