{"/home/qusaiqeisi/data-structures-and-algorithm/401-code-challange/class-15/BinarySearchTree.js": {"path":"/home/qusaiqeisi/data-structures-and-algorithm/401-code-challange/class-15/BinarySearchTree.js","statementMap":{"0":{"start":{"line":2,"column":13},"end":{"line":2,"column":30}},"1":{"start":{"line":5,"column":4},"end":{"line":5,"column":21}},"2":{"start":{"line":10,"column":14},"end":{"line":10,"column":16}},"3":{"start":{"line":12,"column":6},"end":{"line":12,"column":37}},"4":{"start":{"line":13,"column":6},"end":{"line":15,"column":7}},"5":{"start":{"line":14,"column":8},"end":{"line":14,"column":36}},"6":{"start":{"line":16,"column":6},"end":{"line":18,"column":7}},"7":{"start":{"line":17,"column":8},"end":{"line":17,"column":37}},"8":{"start":{"line":20,"column":4},"end":{"line":20,"column":32}},"9":{"start":{"line":21,"column":4},"end":{"line":21,"column":15}},"10":{"start":{"line":26,"column":14},"end":{"line":26,"column":16}},"11":{"start":{"line":28,"column":6},"end":{"line":30,"column":7}},"12":{"start":{"line":29,"column":8},"end":{"line":29,"column":35}},"13":{"start":{"line":31,"column":6},"end":{"line":31,"column":37}},"14":{"start":{"line":32,"column":6},"end":{"line":34,"column":7}},"15":{"start":{"line":33,"column":8},"end":{"line":33,"column":36}},"16":{"start":{"line":37,"column":4},"end":{"line":37,"column":31}},"17":{"start":{"line":38,"column":4},"end":{"line":38,"column":15}},"18":{"start":{"line":43,"column":14},"end":{"line":43,"column":16}},"19":{"start":{"line":45,"column":6},"end":{"line":47,"column":7}},"20":{"start":{"line":46,"column":8},"end":{"line":46,"column":35}},"21":{"start":{"line":48,"column":6},"end":{"line":50,"column":7}},"22":{"start":{"line":49,"column":8},"end":{"line":49,"column":36}},"23":{"start":{"line":51,"column":6},"end":{"line":51,"column":37}},"24":{"start":{"line":54,"column":4},"end":{"line":54,"column":31}},"25":{"start":{"line":55,"column":4},"end":{"line":55,"column":15}},"26":{"start":{"line":59,"column":15},"end":{"line":59,"column":30}},"27":{"start":{"line":60,"column":22},"end":{"line":60,"column":31}},"28":{"start":{"line":61,"column":4},"end":{"line":79,"column":5}},"29":{"start":{"line":62,"column":6},"end":{"line":62,"column":23}},"30":{"start":{"line":64,"column":6},"end":{"line":78,"column":7}},"31":{"start":{"line":65,"column":8},"end":{"line":77,"column":9}},"32":{"start":{"line":66,"column":10},"end":{"line":66,"column":34}},"33":{"start":{"line":68,"column":10},"end":{"line":68,"column":16}},"34":{"start":{"line":69,"column":15},"end":{"line":77,"column":9}},"35":{"start":{"line":70,"column":10},"end":{"line":70,"column":35}},"36":{"start":{"line":72,"column":10},"end":{"line":72,"column":16}},"37":{"start":{"line":73,"column":15},"end":{"line":77,"column":9}},"38":{"start":{"line":74,"column":10},"end":{"line":74,"column":41}},"39":{"start":{"line":75,"column":15},"end":{"line":77,"column":9}},"40":{"start":{"line":76,"column":10},"end":{"line":76,"column":42}},"41":{"start":{"line":82,"column":22},"end":{"line":82,"column":31}},"42":{"start":{"line":83,"column":4},"end":{"line":91,"column":5}},"43":{"start":{"line":84,"column":6},"end":{"line":90,"column":7}},"44":{"start":{"line":85,"column":8},"end":{"line":85,"column":20}},"45":{"start":{"line":86,"column":13},"end":{"line":90,"column":7}},"46":{"start":{"line":87,"column":8},"end":{"line":87,"column":39}},"47":{"start":{"line":88,"column":13},"end":{"line":90,"column":7}},"48":{"start":{"line":89,"column":8},"end":{"line":89,"column":40}},"49":{"start":{"line":92,"column":4},"end":{"line":92,"column":17}},"50":{"start":{"line":96,"column":0},"end":{"line":96,"column":34}}},"fnMap":{"0":{"name":"(anonymous_0)","decl":{"start":{"line":4,"column":2},"end":{"line":4,"column":3}},"loc":{"start":{"line":4,"column":27},"end":{"line":6,"column":3}},"line":4},"1":{"name":"(anonymous_1)","decl":{"start":{"line":8,"column":2},"end":{"line":8,"column":3}},"loc":{"start":{"line":8,"column":13},"end":{"line":22,"column":3}},"line":8},"2":{"name":"preOrderTraverse","decl":{"start":{"line":11,"column":13},"end":{"line":11,"column":29}},"loc":{"start":{"line":11,"column":36},"end":{"line":19,"column":5}},"line":11},"3":{"name":"(anonymous_3)","decl":{"start":{"line":24,"column":2},"end":{"line":24,"column":3}},"loc":{"start":{"line":24,"column":12},"end":{"line":39,"column":3}},"line":24},"4":{"name":"inOrderTraverse","decl":{"start":{"line":27,"column":13},"end":{"line":27,"column":28}},"loc":{"start":{"line":27,"column":35},"end":{"line":35,"column":5}},"line":27},"5":{"name":"(anonymous_5)","decl":{"start":{"line":41,"column":2},"end":{"line":41,"column":3}},"loc":{"start":{"line":41,"column":14},"end":{"line":56,"column":3}},"line":41},"6":{"name":"inOrderTraverse","decl":{"start":{"line":44,"column":13},"end":{"line":44,"column":28}},"loc":{"start":{"line":44,"column":35},"end":{"line":52,"column":5}},"line":44},"7":{"name":"(anonymous_7)","decl":{"start":{"line":58,"column":2},"end":{"line":58,"column":3}},"loc":{"start":{"line":58,"column":13},"end":{"line":80,"column":3}},"line":58},"8":{"name":"(anonymous_8)","decl":{"start":{"line":81,"column":2},"end":{"line":81,"column":3}},"loc":{"start":{"line":81,"column":17},"end":{"line":93,"column":3}},"line":81}},"branchMap":{"0":{"loc":{"start":{"line":4,"column":14},"end":{"line":4,"column":25}},"type":"default-arg","locations":[{"start":{"line":4,"column":21},"end":{"line":4,"column":25}}],"line":4},"1":{"loc":{"start":{"line":13,"column":6},"end":{"line":15,"column":7}},"type":"if","locations":[{"start":{"line":13,"column":6},"end":{"line":15,"column":7}},{"start":{"line":13,"column":6},"end":{"line":15,"column":7}}],"line":13},"2":{"loc":{"start":{"line":16,"column":6},"end":{"line":18,"column":7}},"type":"if","locations":[{"start":{"line":16,"column":6},"end":{"line":18,"column":7}},{"start":{"line":16,"column":6},"end":{"line":18,"column":7}}],"line":16},"3":{"loc":{"start":{"line":28,"column":6},"end":{"line":30,"column":7}},"type":"if","locations":[{"start":{"line":28,"column":6},"end":{"line":30,"column":7}},{"start":{"line":28,"column":6},"end":{"line":30,"column":7}}],"line":28},"4":{"loc":{"start":{"line":32,"column":6},"end":{"line":34,"column":7}},"type":"if","locations":[{"start":{"line":32,"column":6},"end":{"line":34,"column":7}},{"start":{"line":32,"column":6},"end":{"line":34,"column":7}}],"line":32},"5":{"loc":{"start":{"line":45,"column":6},"end":{"line":47,"column":7}},"type":"if","locations":[{"start":{"line":45,"column":6},"end":{"line":47,"column":7}},{"start":{"line":45,"column":6},"end":{"line":47,"column":7}}],"line":45},"6":{"loc":{"start":{"line":48,"column":6},"end":{"line":50,"column":7}},"type":"if","locations":[{"start":{"line":48,"column":6},"end":{"line":50,"column":7}},{"start":{"line":48,"column":6},"end":{"line":50,"column":7}}],"line":48},"7":{"loc":{"start":{"line":61,"column":4},"end":{"line":79,"column":5}},"type":"if","locations":[{"start":{"line":61,"column":4},"end":{"line":79,"column":5}},{"start":{"line":61,"column":4},"end":{"line":79,"column":5}}],"line":61},"8":{"loc":{"start":{"line":65,"column":8},"end":{"line":77,"column":9}},"type":"if","locations":[{"start":{"line":65,"column":8},"end":{"line":77,"column":9}},{"start":{"line":65,"column":8},"end":{"line":77,"column":9}}],"line":65},"9":{"loc":{"start":{"line":65,"column":12},"end":{"line":65,"column":65}},"type":"binary-expr","locations":[{"start":{"line":65,"column":12},"end":{"line":65,"column":37}},{"start":{"line":65,"column":41},"end":{"line":65,"column":65}}],"line":65},"10":{"loc":{"start":{"line":69,"column":15},"end":{"line":77,"column":9}},"type":"if","locations":[{"start":{"line":69,"column":15},"end":{"line":77,"column":9}},{"start":{"line":69,"column":15},"end":{"line":77,"column":9}}],"line":69},"11":{"loc":{"start":{"line":69,"column":19},"end":{"line":69,"column":73}},"type":"binary-expr","locations":[{"start":{"line":69,"column":19},"end":{"line":69,"column":44}},{"start":{"line":69,"column":48},"end":{"line":69,"column":73}}],"line":69},"12":{"loc":{"start":{"line":73,"column":15},"end":{"line":77,"column":9}},"type":"if","locations":[{"start":{"line":73,"column":15},"end":{"line":77,"column":9}},{"start":{"line":73,"column":15},"end":{"line":77,"column":9}}],"line":73},"13":{"loc":{"start":{"line":75,"column":15},"end":{"line":77,"column":9}},"type":"if","locations":[{"start":{"line":75,"column":15},"end":{"line":77,"column":9}},{"start":{"line":75,"column":15},"end":{"line":77,"column":9}}],"line":75},"14":{"loc":{"start":{"line":84,"column":6},"end":{"line":90,"column":7}},"type":"if","locations":[{"start":{"line":84,"column":6},"end":{"line":90,"column":7}},{"start":{"line":84,"column":6},"end":{"line":90,"column":7}}],"line":84},"15":{"loc":{"start":{"line":86,"column":13},"end":{"line":90,"column":7}},"type":"if","locations":[{"start":{"line":86,"column":13},"end":{"line":90,"column":7}},{"start":{"line":86,"column":13},"end":{"line":90,"column":7}}],"line":86},"16":{"loc":{"start":{"line":88,"column":13},"end":{"line":90,"column":7}},"type":"if","locations":[{"start":{"line":88,"column":13},"end":{"line":90,"column":7}},{"start":{"line":88,"column":13},"end":{"line":90,"column":7}}],"line":88}},"s":{"0":1,"1":4,"2":1,"3":13,"4":13,"5":6,"6":13,"7":6,"8":1,"9":1,"10":0,"11":0,"12":0,"13":0,"14":0,"15":0,"16":0,"17":0,"18":0,"19":0,"20":0,"21":0,"22":0,"23":0,"24":0,"25":0,"26":17,"27":17,"28":17,"29":3,"30":14,"31":32,"32":7,"33":7,"34":25,"35":7,"36":7,"37":18,"38":12,"39":6,"40":6,"41":5,"42":5,"43":17,"44":2,"45":15,"46":11,"47":4,"48":4,"49":3,"50":1},"f":{"0":4,"1":1,"2":13,"3":0,"4":0,"5":0,"6":0,"7":17,"8":5},"b":{"0":[4],"1":[6,7],"2":[6,7],"3":[0,0],"4":[0,0],"5":[0,0],"6":[0,0],"7":[3,14],"8":[7,25],"9":[32,19],"10":[7,18],"11":[25,13],"12":[12,6],"13":[6,0],"14":[2,15],"15":[11,4],"16":[4,0]},"_coverageSchema":"1a1c01bbd47fc00a2c39e90264f33305004495a9","hash":"7d4dee3081a9d5195725648fcb44ac6d836bbeac"}
,"/home/qusaiqeisi/data-structures-and-algorithm/401-code-challange/class-15/BinaryTree.js": {"path":"/home/qusaiqeisi/data-structures-and-algorithm/401-code-challange/class-15/BinaryTree.js","statementMap":{"0":{"start":{"line":5,"column":8},"end":{"line":5,"column":25}},"1":{"start":{"line":10,"column":21},"end":{"line":10,"column":23}},"2":{"start":{"line":11,"column":23},"end":{"line":15,"column":9}},"3":{"start":{"line":12,"column":12},"end":{"line":12,"column":36}},"4":{"start":{"line":13,"column":12},"end":{"line":13,"column":47}},"5":{"start":{"line":13,"column":27},"end":{"line":13,"column":47}},"6":{"start":{"line":14,"column":12},"end":{"line":14,"column":49}},"7":{"start":{"line":14,"column":28},"end":{"line":14,"column":49}},"8":{"start":{"line":16,"column":8},"end":{"line":16,"column":28}},"9":{"start":{"line":17,"column":8},"end":{"line":17,"column":22}},"10":{"start":{"line":22,"column":21},"end":{"line":22,"column":23}},"11":{"start":{"line":23,"column":23},"end":{"line":27,"column":9}},"12":{"start":{"line":24,"column":12},"end":{"line":24,"column":47}},"13":{"start":{"line":24,"column":27},"end":{"line":24,"column":47}},"14":{"start":{"line":25,"column":12},"end":{"line":25,"column":36}},"15":{"start":{"line":26,"column":12},"end":{"line":26,"column":49}},"16":{"start":{"line":26,"column":28},"end":{"line":26,"column":49}},"17":{"start":{"line":28,"column":8},"end":{"line":28,"column":28}},"18":{"start":{"line":29,"column":8},"end":{"line":29,"column":22}},"19":{"start":{"line":34,"column":21},"end":{"line":34,"column":23}},"20":{"start":{"line":35,"column":23},"end":{"line":39,"column":9}},"21":{"start":{"line":36,"column":12},"end":{"line":36,"column":47}},"22":{"start":{"line":36,"column":27},"end":{"line":36,"column":47}},"23":{"start":{"line":37,"column":12},"end":{"line":37,"column":49}},"24":{"start":{"line":37,"column":28},"end":{"line":37,"column":49}},"25":{"start":{"line":38,"column":12},"end":{"line":38,"column":36}},"26":{"start":{"line":40,"column":8},"end":{"line":40,"column":28}},"27":{"start":{"line":41,"column":8},"end":{"line":41,"column":22}},"28":{"start":{"line":45,"column":0},"end":{"line":45,"column":28}}},"fnMap":{"0":{"name":"(anonymous_0)","decl":{"start":{"line":4,"column":4},"end":{"line":4,"column":5}},"loc":{"start":{"line":4,"column":27},"end":{"line":6,"column":5}},"line":4},"1":{"name":"(anonymous_1)","decl":{"start":{"line":9,"column":4},"end":{"line":9,"column":5}},"loc":{"start":{"line":9,"column":15},"end":{"line":18,"column":5}},"line":9},"2":{"name":"(anonymous_2)","decl":{"start":{"line":11,"column":23},"end":{"line":11,"column":24}},"loc":{"start":{"line":11,"column":33},"end":{"line":15,"column":9}},"line":11},"3":{"name":"(anonymous_3)","decl":{"start":{"line":21,"column":4},"end":{"line":21,"column":5}},"loc":{"start":{"line":21,"column":14},"end":{"line":30,"column":5}},"line":21},"4":{"name":"(anonymous_4)","decl":{"start":{"line":23,"column":23},"end":{"line":23,"column":24}},"loc":{"start":{"line":23,"column":33},"end":{"line":27,"column":9}},"line":23},"5":{"name":"(anonymous_5)","decl":{"start":{"line":33,"column":4},"end":{"line":33,"column":5}},"loc":{"start":{"line":33,"column":16},"end":{"line":42,"column":5}},"line":33},"6":{"name":"(anonymous_6)","decl":{"start":{"line":35,"column":23},"end":{"line":35,"column":24}},"loc":{"start":{"line":35,"column":33},"end":{"line":39,"column":9}},"line":35}},"branchMap":{"0":{"loc":{"start":{"line":4,"column":16},"end":{"line":4,"column":25}},"type":"default-arg","locations":[{"start":{"line":4,"column":21},"end":{"line":4,"column":25}}],"line":4},"1":{"loc":{"start":{"line":13,"column":12},"end":{"line":13,"column":47}},"type":"if","locations":[{"start":{"line":13,"column":12},"end":{"line":13,"column":47}},{"start":{"line":13,"column":12},"end":{"line":13,"column":47}}],"line":13},"2":{"loc":{"start":{"line":14,"column":12},"end":{"line":14,"column":49}},"type":"if","locations":[{"start":{"line":14,"column":12},"end":{"line":14,"column":49}},{"start":{"line":14,"column":12},"end":{"line":14,"column":49}}],"line":14},"3":{"loc":{"start":{"line":24,"column":12},"end":{"line":24,"column":47}},"type":"if","locations":[{"start":{"line":24,"column":12},"end":{"line":24,"column":47}},{"start":{"line":24,"column":12},"end":{"line":24,"column":47}}],"line":24},"4":{"loc":{"start":{"line":26,"column":12},"end":{"line":26,"column":49}},"type":"if","locations":[{"start":{"line":26,"column":12},"end":{"line":26,"column":49}},{"start":{"line":26,"column":12},"end":{"line":26,"column":49}}],"line":26},"5":{"loc":{"start":{"line":36,"column":12},"end":{"line":36,"column":47}},"type":"if","locations":[{"start":{"line":36,"column":12},"end":{"line":36,"column":47}},{"start":{"line":36,"column":12},"end":{"line":36,"column":47}}],"line":36},"6":{"loc":{"start":{"line":37,"column":12},"end":{"line":37,"column":49}},"type":"if","locations":[{"start":{"line":37,"column":12},"end":{"line":37,"column":49}},{"start":{"line":37,"column":12},"end":{"line":37,"column":49}}],"line":37}},"s":{"0":2,"1":1,"2":1,"3":9,"4":9,"5":4,"6":9,"7":4,"8":1,"9":1,"10":1,"11":1,"12":9,"13":4,"14":9,"15":9,"16":4,"17":1,"18":1,"19":1,"20":1,"21":9,"22":4,"23":9,"24":4,"25":9,"26":1,"27":1,"28":1},"f":{"0":2,"1":1,"2":9,"3":1,"4":9,"5":1,"6":9},"b":{"0":[1],"1":[4,5],"2":[4,5],"3":[4,5],"4":[4,5],"5":[4,5],"6":[4,5]},"_coverageSchema":"1a1c01bbd47fc00a2c39e90264f33305004495a9","hash":"44a057fe4f1f51df95f7577c6996ed0375ffe2d3"}
,"/home/qusaiqeisi/data-structures-and-algorithm/401-code-challange/class-15/node.js": {"path":"/home/qusaiqeisi/data-structures-and-algorithm/401-code-challange/class-15/node.js","statementMap":{"0":{"start":{"line":5,"column":4},"end":{"line":5,"column":23}},"1":{"start":{"line":6,"column":4},"end":{"line":6,"column":21}},"2":{"start":{"line":7,"column":4},"end":{"line":7,"column":23}},"3":{"start":{"line":11,"column":0},"end":{"line":11,"column":22}}},"fnMap":{"0":{"name":"(anonymous_0)","decl":{"start":{"line":4,"column":2},"end":{"line":4,"column":3}},"loc":{"start":{"line":4,"column":48},"end":{"line":8,"column":3}},"line":4}},"branchMap":{"0":{"loc":{"start":{"line":4,"column":21},"end":{"line":4,"column":32}},"type":"default-arg","locations":[{"start":{"line":4,"column":28},"end":{"line":4,"column":32}}],"line":4},"1":{"loc":{"start":{"line":4,"column":34},"end":{"line":4,"column":46}},"type":"default-arg","locations":[{"start":{"line":4,"column":42},"end":{"line":4,"column":46}}],"line":4}},"s":{"0":26,"1":26,"2":26,"3":2},"f":{"0":26},"b":{"0":[26],"1":[26]},"_coverageSchema":"1a1c01bbd47fc00a2c39e90264f33305004495a9","hash":"1012aa78fb1c46a9164366e225f7481575c8a2e1"}
}
