TN:
SF:BinarySearchTree.js
FN:6,(anonymous_0)
FN:10,(anonymous_1)
FN:12,(anonymous_2)
FN:35,(anonymous_3)
FN:40,(anonymous_4)
FNF:5
FNH:5
FNDA:6,(anonymous_0)
FNDA:34,(anonymous_1)
FNDA:65,(anonymous_2)
FNDA:1,(anonymous_3)
FNDA:1,(anonymous_4)
DA:3,1
DA:4,1
DA:7,6
DA:8,6
DA:11,34
DA:12,34
DA:13,65
DA:14,22
DA:15,10
DA:17,12
DA:20,43
DA:21,19
DA:23,24
DA:28,34
DA:29,5
DA:31,29
DA:36,1
DA:37,0
DA:40,1
DA:41,1
DA:42,1
DA:43,0
DA:44,0
DA:45,0
DA:47,0
DA:49,0
DA:50,0
DA:52,0
DA:56,1
DA:62,1
LF:30
LH:22
BRDA:13,0,0,22
BRDA:13,0,1,43
BRDA:14,1,0,10
BRDA:14,1,1,12
BRDA:20,2,0,19
BRDA:20,2,1,24
BRDA:28,3,0,5
BRDA:28,3,1,29
BRDA:36,4,0,0
BRDA:36,4,1,1
BRDA:41,5,0,1
BRDA:41,5,1,0
BRDA:43,6,0,0
BRDA:43,6,1,0
BRDA:44,7,0,0
BRDA:44,7,1,0
BRDA:49,8,0,0
BRDA:49,8,1,0
BRF:18
BRH:10
end_of_record
TN:
SF:BinaryTree.js
FN:4,(anonymous_0)
FN:9,(anonymous_1)
FN:11,(anonymous_2)
FN:21,(anonymous_3)
FN:23,(anonymous_4)
FN:33,(anonymous_5)
FN:35,(anonymous_6)
FNF:7
FNH:7
FNDA:8,(anonymous_0)
FNDA:3,(anonymous_1)
FNDA:29,(anonymous_2)
FNDA:3,(anonymous_3)
FNDA:29,(anonymous_4)
FNDA:3,(anonymous_5)
FNDA:29,(anonymous_6)
DA:5,8
DA:10,3
DA:11,3
DA:12,29
DA:13,29
DA:14,29
DA:16,3
DA:17,3
DA:22,3
DA:23,3
DA:24,29
DA:25,29
DA:26,29
DA:28,3
DA:29,3
DA:34,3
DA:35,3
DA:36,29
DA:37,29
DA:38,29
DA:40,3
DA:41,3
DA:45,2
LF:23
LH:23
BRDA:4,0,0,7
BRDA:13,1,0,10
BRDA:13,1,1,19
BRDA:14,2,0,16
BRDA:14,2,1,13
BRDA:24,3,0,10
BRDA:24,3,1,19
BRDA:26,4,0,16
BRDA:26,4,1,13
BRDA:36,5,0,10
BRDA:36,5,1,19
BRDA:37,6,0,16
BRDA:37,6,1,13
BRF:13
BRH:13
end_of_record
TN:
SF:node.js
FN:4,(anonymous_0)
FNF:1
FNH:1
FNDA:43,(anonymous_0)
DA:5,43
DA:6,43
DA:7,43
DA:11,2
LF:4
LH:4
BRDA:4,0,0,43
BRDA:4,1,0,43
BRF:2
BRH:2
end_of_record
