TN:
SF:BinarySearchTree.js
FN:4,(anonymous_0)
FN:8,(anonymous_1)
FN:11,preOrderTraverse
FN:24,(anonymous_3)
FN:27,inOrderTraverse
FN:41,(anonymous_5)
FN:44,inOrderTraverse
FN:58,(anonymous_7)
FN:81,(anonymous_8)
FNF:9
FNH:5
FNDA:4,(anonymous_0)
FNDA:1,(anonymous_1)
FNDA:13,preOrderTraverse
FNDA:0,(anonymous_3)
FNDA:0,inOrderTraverse
FNDA:0,(anonymous_5)
FNDA:0,inOrderTraverse
FNDA:17,(anonymous_7)
FNDA:5,(anonymous_8)
DA:2,1
DA:5,4
DA:10,1
DA:12,13
DA:13,13
DA:14,6
DA:16,13
DA:17,6
DA:20,1
DA:21,1
DA:26,0
DA:28,0
DA:29,0
DA:31,0
DA:32,0
DA:33,0
DA:37,0
DA:38,0
DA:43,0
DA:45,0
DA:46,0
DA:48,0
DA:49,0
DA:51,0
DA:54,0
DA:55,0
DA:59,17
DA:60,17
DA:61,17
DA:62,3
DA:64,14
DA:65,32
DA:66,7
DA:68,7
DA:69,25
DA:70,7
DA:72,7
DA:73,18
DA:74,12
DA:75,6
DA:76,6
DA:82,5
DA:83,5
DA:84,17
DA:85,2
DA:86,15
DA:87,11
DA:88,4
DA:89,4
DA:92,3
DA:96,1
LF:51
LH:35
BRDA:4,0,0,4
BRDA:13,1,0,6
BRDA:13,1,1,7
BRDA:16,2,0,6
BRDA:16,2,1,7
BRDA:28,3,0,0
BRDA:28,3,1,0
BRDA:32,4,0,0
BRDA:32,4,1,0
BRDA:45,5,0,0
BRDA:45,5,1,0
BRDA:48,6,0,0
BRDA:48,6,1,0
BRDA:61,7,0,3
BRDA:61,7,1,14
BRDA:65,8,0,7
BRDA:65,8,1,25
BRDA:65,9,0,32
BRDA:65,9,1,19
BRDA:69,10,0,7
BRDA:69,10,1,18
BRDA:69,11,0,25
BRDA:69,11,1,13
BRDA:73,12,0,12
BRDA:73,12,1,6
BRDA:75,13,0,6
BRDA:75,13,1,0
BRDA:84,14,0,2
BRDA:84,14,1,15
BRDA:86,15,0,11
BRDA:86,15,1,4
BRDA:88,16,0,4
BRDA:88,16,1,0
BRF:33
BRH:23
end_of_record
TN:
SF:BinaryTree.js
FN:4,(anonymous_0)
FN:9,(anonymous_1)
FN:11,(anonymous_2)
FN:21,(anonymous_3)
FN:23,(anonymous_4)
FN:33,(anonymous_5)
FN:35,(anonymous_6)
FNF:7
FNH:7
FNDA:2,(anonymous_0)
FNDA:1,(anonymous_1)
FNDA:9,(anonymous_2)
FNDA:1,(anonymous_3)
FNDA:9,(anonymous_4)
FNDA:1,(anonymous_5)
FNDA:9,(anonymous_6)
DA:5,2
DA:10,1
DA:11,1
DA:12,9
DA:13,9
DA:14,9
DA:16,1
DA:17,1
DA:22,1
DA:23,1
DA:24,9
DA:25,9
DA:26,9
DA:28,1
DA:29,1
DA:34,1
DA:35,1
DA:36,9
DA:37,9
DA:38,9
DA:40,1
DA:41,1
DA:45,1
LF:23
LH:23
BRDA:4,0,0,1
BRDA:13,1,0,4
BRDA:13,1,1,5
BRDA:14,2,0,4
BRDA:14,2,1,5
BRDA:24,3,0,4
BRDA:24,3,1,5
BRDA:26,4,0,4
BRDA:26,4,1,5
BRDA:36,5,0,4
BRDA:36,5,1,5
BRDA:37,6,0,4
BRDA:37,6,1,5
BRF:13
BRH:13
end_of_record
TN:
SF:node.js
FN:4,(anonymous_0)
FNF:1
FNH:1
FNDA:26,(anonymous_0)
DA:5,26
DA:6,26
DA:7,26
DA:11,2
LF:4
LH:4
BRDA:4,0,0,26
BRDA:4,1,0,26
BRF:2
BRH:2
end_of_record
